
=== Hylian Hood ===
[INFO] URL: https://zeldawiki.wiki/wiki/Hylian_Hood
[ACTION] Clicked Sprite (JS)
[ACTION] Clicked TotK (JS)
[OK] Downloaded //cdn.wikimg.net/en/zeldawiki/images/1/14/TotK_Hylian_Hood_Icon.png

=== Hylian Trousers ===
[INFO] URL: https://zeldawiki.wiki/wiki/Hylian_Trousers
[ACTION] Clicked Sprite (JS)
[ACTION] Clicked TotK (JS)
[OK] Downloaded //cdn.wikimg.net/en/zeldawiki/images/8/85/TotK_Hylian_Trousers_Icon.png

=== Hylian Tunic ===
[INFO] URL: https://zeldawiki.wiki/wiki/Hylian_Tunic
[ACTION] Clicked Sprite (JS)
[ACTION] Clicked TotK (JS)
[OK] Downloaded //cdn.wikimg.net/en/zeldawiki/images/a/a0/TotK_Hylian_Tunic_Icon.png

=== Cap of the Wild ===
[INFO] URL: https://zeldawiki.wiki/wiki/Cap_of_the_Wild
[ACTION] Clicked Sprite (JS)
[ACTION] Clicked TotK (JS)
[OK] Downloaded //cdn.wikimg.net/en/zeldawiki/images/0/0d/TotK_Cap_of_the_Wild_Icon.png

=== Trousers of the Wild ===
[INFO] URL: https://zeldawiki.wiki/wiki/Trousers_of_the_Wild
[ACTION] Clicked Sprite (JS)
[ACTION] Clicked TotK (JS)
[OK] Downloaded //cdn.wikimg.net/en/zeldawiki/images/c/c3/TotK_Trousers_of_the_Wild_Icon.png

=== Tunic of the Wild ===
[INFO] URL: https://zeldawiki.wiki/wiki/Tunic_of_the_Wild
[ACTION] Clicked Sprite (JS)
[ACTION] Clicked TotK (JS)
[OK] Downloaded //cdn.wikimg.net/en/zeldawiki/images/e/ec/TotK_Tunic_of_the_Wild_Icon.png

=== Zora Helm ===
[INFO] URL: https://zeldawiki.wiki/wiki/Zora_Helm
[ACTION] Clicked Sprite (JS)
[ACTION] Clicked TotK (JS)
[OK] Downloaded //cdn.wikimg.net/en/zeldawiki/images/6/6c/TotK_Zora_Helm_Icon.png

=== Zora Greaves ===
[INFO] URL: https://zeldawiki.wiki/wiki/Zora_Greaves
[ACTION] Clicked Sprite (JS)
[ACTION] Clicked TotK (JS)
[OK] Downloaded //cdn.wikimg.net/en/zeldawiki/images/1/1b/TotK_Zora_Greaves_Icon.png

=== Zora Armor ===
[INFO] URL: https://zeldawiki.wiki/wiki/Zora_Armor
[ACTION] Clicked Sprite (JS)
[ACTION] Clicked TotK (JS)
[INFO] TotK not found, trying BotW
[NOT FOUND] No sprite found

=== Desert Voe Headband ===
[INFO] URL: https://zeldawiki.wiki/wiki/Desert_Voe_Headband
[ACTION] Clicked Sprite (JS)
[ACTION] Clicked TotK (JS)
[OK] Downloaded //cdn.wikimg.net/en/zeldawiki/images/7/7d/TotK_Desert_Voe_Headband_Icon.png

=== Desert Voe Trousers ===
[INFO] URL: https://zeldawiki.wiki/wiki/Desert_Voe_Trousers
[ACTION] Clicked Sprite (JS)
[ACTION] Clicked TotK (JS)
[OK] Downloaded //cdn.wikimg.net/en/zeldawiki/images/8/86/TotK_Desert_Voe_Trousers_Icon.png

=== Desert Voe Spaulder ===
[INFO] URL: https://zeldawiki.wiki/wiki/Desert_Voe_Spaulder
[ACTION] Clicked Sprite (JS)
[ACTION] Clicked TotK (JS)
[OK] Downloaded //cdn.wikimg.net/en/zeldawiki/images/f/f9/TotK_Desert_Voe_Spaulder_Icon.png

=== Snowquill Headdress ===
[INFO] URL: https://zeldawiki.wiki/wiki/Snowquill_Headdress
[ACTION] Clicked Sprite (JS)
[ACTION] Clicked TotK (JS)
[OK] Downloaded //cdn.wikimg.net/en/zeldawiki/images/e/e5/TotK_Snowquill_Headdress_Icon.png

=== Snowquill Trousers ===
[INFO] URL: https://zeldawiki.wiki/wiki/Snowquill_Trousers
[ACTION] Clicked Sprite (JS)
[ACTION] Clicked TotK (JS)
[OK] Downloaded //cdn.wikimg.net/en/zeldawiki/images/7/78/TotK_Snowquill_Trousers_Icon.png

=== Snowquill Tunic ===
[INFO] URL: https://zeldawiki.wiki/wiki/Snowquill_Tunic
[ACTION] Clicked Sprite (JS)
[ACTION] Clicked TotK (JS)
[OK] Downloaded //cdn.wikimg.net/en/zeldawiki/images/9/93/TotK_Snowquill_Tunic_Icon.png

=== Flamebreaker Helm ===
[INFO] URL: https://zeldawiki.wiki/wiki/Flamebreaker_Helm
[ACTION] Clicked Sprite (JS)
[ACTION] Clicked TotK (JS)
[OK] Downloaded //cdn.wikimg.net/en/zeldawiki/images/c/c9/TotK_Flamebreaker_Helm_Icon.png

=== Flamebreaker Boots ===
[INFO] URL: https://zeldawiki.wiki/wiki/Flamebreaker_Boots
[ACTION] Clicked Sprite (JS)
[ACTION] Clicked TotK (JS)
[OK] Downloaded //cdn.wikimg.net/en/zeldawiki/images/c/c2/TotK_Flamebreaker_Boots_Icon.png

=== Flamebreaker Armor ===
[INFO] URL: https://zeldawiki.wiki/wiki/Flamebreaker_Armor
[ACTION] Clicked Sprite (JS)
[ACTION] Clicked TotK (JS)
[OK] Downloaded //cdn.wikimg.net/en/zeldawiki/images/2/28/TotK_Flamebreaker_Armor_Icon.png

=== Stealth Mask ===
[INFO] URL: https://zeldawiki.wiki/wiki/Stealth_Mask
[ACTION] Clicked Sprite (JS)
[ACTION] Clicked TotK (JS)
[OK] Downloaded //cdn.wikimg.net/en/zeldawiki/images/6/65/BotW_Stealth_Mask_Icon.png

=== Stealth Tights ===
[INFO] URL: https://zeldawiki.wiki/wiki/Stealth_Tights
[ACTION] Clicked Sprite (JS)
[ACTION] Clicked TotK (JS)
[OK] Downloaded //cdn.wikimg.net/en/zeldawiki/images/d/d4/TotK_Stealth_Tights_Icon.png

=== Stealth Chest Guard ===
[INFO] URL: https://zeldawiki.wiki/wiki/Stealth_Chest_Guard
[ACTION] Clicked Sprite (JS)
[ACTION] Clicked TotK (JS)
[OK] Downloaded //cdn.wikimg.net/en/zeldawiki/images/a/ab/TotK_Stealth_Chest_Guard_Icon.png

=== Climber's Bandanna ===
[INFO] URL: https://zeldawiki.wiki/wiki/Climber's_Bandanna
[ACTION] Clicked Sprite (JS)
[ACTION] Clicked TotK (JS)
[OK] Downloaded //cdn.wikimg.net/en/zeldawiki/images/a/a5/TotK_Climber%27s_Bandanna_Icon.png

=== Climbing Boots ===
[INFO] URL: https://zeldawiki.wiki/wiki/Climbing_Boots
[ACTION] Clicked Sprite (JS)
[ACTION] Clicked TotK (JS)
[OK] Downloaded //cdn.wikimg.net/en/zeldawiki/images/a/aa/TotK_Climbing_Boots_Icon.png

=== Climbing Gear ===
[INFO] URL: https://zeldawiki.wiki/wiki/Climbing_Gear
[ACTION] Clicked Sprite (JS)
[ACTION] Clicked TotK (JS)
[OK] Downloaded //cdn.wikimg.net/en/zeldawiki/images/0/02/TotK_Climbing_Gear_Icon.png

=== Radiant Mask ===
[INFO] URL: https://zeldawiki.wiki/wiki/Radiant_Mask
[ACTION] Clicked Sprite (JS)
[ACTION] Clicked TotK (JS)
[OK] Downloaded //cdn.wikimg.net/en/zeldawiki/images/f/fd/TotK_Radiant_Mask_Icon.png

=== Radiant Tights ===
[INFO] URL: https://zeldawiki.wiki/wiki/Radiant_Tights
[ACTION] Clicked Sprite (JS)
[ACTION] Clicked TotK (JS)
[OK] Downloaded //cdn.wikimg.net/en/zeldawiki/images/c/c4/TotK_Radiant_Tights_Icon.png

=== Radiant Shirt ===
[INFO] URL: https://zeldawiki.wiki/wiki/Radiant_Shirt
[ACTION] Clicked Sprite (JS)
[ACTION] Clicked TotK (JS)
[OK] Downloaded //cdn.wikimg.net/en/zeldawiki/images/f/f5/TotK_Radiant_Shirt_Icon.png

=== Soldier's Helm ===
[INFO] URL: https://zeldawiki.wiki/wiki/Soldier's_Helm
[ACTION] Clicked Sprite (JS)
[ACTION] Clicked TotK (JS)
[OK] Downloaded //cdn.wikimg.net/en/zeldawiki/images/f/f0/TotK_Soldier%27s_Helm_Icon.png

=== Soldier's Greaves ===
[INFO] URL: https://zeldawiki.wiki/wiki/Soldier's_Greaves
[ACTION] Clicked Sprite (JS)
[ACTION] Clicked TotK (JS)
[OK] Downloaded //cdn.wikimg.net/en/zeldawiki/images/4/45/TotK_Soldier%27s_Greaves_Icon.png

=== Soldier's Armor ===
[INFO] URL: https://zeldawiki.wiki/wiki/Soldier's_Armor
[ACTION] Clicked Sprite (JS)
[ACTION] Clicked TotK (JS)
[OK] Downloaded //cdn.wikimg.net/en/zeldawiki/images/2/23/TotK_Soldier%27s_Armor_Icon.png

=== Bokoblin Mask ===
[INFO] URL: https://zeldawiki.wiki/wiki/Bokoblin_Mask
[ACTION] Clicked Sprite (JS)
[ACTION] Clicked TotK (JS)
[OK] Downloaded //cdn.wikimg.net/en/zeldawiki/images/a/af/TotK_Bokoblin_Mask_Icon.png

=== Diamond Circlet ===
[INFO] URL: https://zeldawiki.wiki/wiki/Diamond_Circlet
[ACTION] Clicked Sprite (JS)
[ACTION] Clicked TotK (JS)
[OK] Downloaded //cdn.wikimg.net/en/zeldawiki/images/8/89/TotK_Diamond_Circlet_Icon.png

=== Ruby Circlet ===
[INFO] URL: https://zeldawiki.wiki/wiki/Ruby_Circlet
[ACTION] Clicked Sprite (JS)
[ACTION] Clicked TotK (JS)
[OK] Downloaded //cdn.wikimg.net/en/zeldawiki/images/0/04/TotK_Ruby_Circlet_Icon.png

=== Sapphire Circlet ===
[INFO] URL: https://zeldawiki.wiki/wiki/Sapphire_Circlet
[ACTION] Clicked Sprite (JS)
[ACTION] Clicked TotK (JS)
[OK] Downloaded //cdn.wikimg.net/en/zeldawiki/images/b/bb/TotK_Sapphire_Circlet_Icon.png

=== Topaz Earrings ===
[INFO] URL: https://zeldawiki.wiki/wiki/Topaz_Earrings
[ACTION] Clicked Sprite (JS)
[ACTION] Clicked TotK (JS)
[OK] Downloaded //cdn.wikimg.net/en/zeldawiki/images/8/8a/TotK_Topaz_Earrings_Icon.png

=== Opal Earrings ===
[INFO] URL: https://zeldawiki.wiki/wiki/Opal_Earrings
[ACTION] Clicked Sprite (JS)
[ACTION] Clicked TotK (JS)
[OK] Downloaded //cdn.wikimg.net/en/zeldawiki/images/f/f5/TotK_Opal_Earrings_Icon.png

=== Amber Earrings ===
[INFO] URL: https://zeldawiki.wiki/wiki/Amber_Earrings
[ACTION] Clicked Sprite (JS)
[ACTION] Clicked TotK (JS)
[OK] Downloaded //cdn.wikimg.net/en/zeldawiki/images/7/7f/TotK_Amber_Earrings_Icon.png

=== Moblin Mask ===
[INFO] URL: https://zeldawiki.wiki/wiki/Moblin_Mask
[ACTION] Clicked Sprite (JS)
[ACTION] Clicked TotK (JS)
[OK] Downloaded //cdn.wikimg.net/en/zeldawiki/images/8/80/TotK_Moblin_Mask_Icon.png

=== Rubber Helm ===
[INFO] URL: https://zeldawiki.wiki/wiki/Rubber_Helm
[ACTION] Clicked Sprite (JS)
[ACTION] Clicked TotK (JS)
[OK] Downloaded //cdn.wikimg.net/en/zeldawiki/images/1/1e/TotK_Rubber_Helm_Icon.png

=== Rubber Tights ===
[INFO] URL: https://zeldawiki.wiki/wiki/Rubber_Tights
[ACTION] Clicked Sprite (JS)
[ACTION] Clicked TotK (JS)
[OK] Downloaded //cdn.wikimg.net/en/zeldawiki/images/1/16/TotK_Rubber_Tights_Icon.png

=== Rubber Armor ===
[INFO] URL: https://zeldawiki.wiki/wiki/Rubber_Armor
[ACTION] Clicked Sprite (JS)
[ACTION] Clicked TotK (JS)
[OK] Downloaded //cdn.wikimg.net/en/zeldawiki/images/d/d4/TotK_Rubber_Armor_Icon.png

=== Barbarian Helm ===
[INFO] URL: https://zeldawiki.wiki/wiki/Barbarian_Helm
[ACTION] Clicked Sprite (JS)
[ACTION] Clicked TotK (JS)
[OK] Downloaded //cdn.wikimg.net/en/zeldawiki/images/a/aa/TotK_Barbarian_Helm_Icon.png

=== Barbarian Leg Wraps ===
[INFO] URL: https://zeldawiki.wiki/wiki/Barbarian_Leg_Wraps
[ACTION] Clicked Sprite (JS)
[ACTION] Clicked TotK (JS)
[OK] Downloaded //cdn.wikimg.net/en/zeldawiki/images/3/31/TotK_Barbarian_Leg_Wraps_Icon.png

=== Barbarian Armor ===
[INFO] URL: https://zeldawiki.wiki/wiki/Barbarian_Armor
[ACTION] Clicked Sprite (JS)
[ACTION] Clicked TotK (JS)
[OK] Downloaded //cdn.wikimg.net/en/zeldawiki/images/e/ee/TotK_Barbarian_Armor_Icon.png

=== Sand Boots ===
[INFO] URL: https://zeldawiki.wiki/wiki/Sand_Boots
[ACTION] Clicked Sprite (JS)
[ACTION] Clicked TotK (JS)
[OK] Downloaded //cdn.wikimg.net/en/zeldawiki/images/9/96/TotK_Sand_Boots_Icon.png

=== Lizalfos Mask ===
[INFO] URL: https://zeldawiki.wiki/wiki/Lizalfos_Mask
[ACTION] Clicked Sprite (JS)
[ACTION] Clicked TotK (JS)
[OK] Downloaded //cdn.wikimg.net/en/zeldawiki/images/2/2d/TotK_Lizalfos_Mask_Icon.png

=== Lynel Mask ===
[INFO] URL: https://zeldawiki.wiki/wiki/Lynel_Mask
[ACTION] Clicked Sprite (JS)
[ACTION] Clicked TotK (JS)
[OK] Downloaded //cdn.wikimg.net/en/zeldawiki/images/5/5b/TotK_Lynel_Mask_Icon.png

=== Glide Mask ===
[INFO] URL: https://zeldawiki.wiki/wiki/Glide_Mask
[ACTION] Clicked Sprite (JS)
[ACTION] Clicked TotK (JS)
[OK] Downloaded //cdn.wikimg.net/en/zeldawiki/images/9/9e/TotK_Glide_Mask_Icon.png

=== Glide Tights ===
[INFO] URL: https://zeldawiki.wiki/wiki/Glide_Tights
[ACTION] Clicked Sprite (JS)
[ACTION] Clicked TotK (JS)
[OK] Downloaded //cdn.wikimg.net/en/zeldawiki/images/b/bd/TotK_Glide_Tights_Icon.png

=== Glide Shirt ===
[INFO] URL: https://zeldawiki.wiki/wiki/Glide_Shirt
[ACTION] Clicked Sprite (JS)
[ACTION] Clicked TotK (JS)
[OK] Downloaded //cdn.wikimg.net/en/zeldawiki/images/d/db/TotK_Glide_Shirt_Icon.png

=== Ancient Hero's Aspect ===
[INFO] URL: https://zeldawiki.wiki/wiki/Ancient_Hero's_Aspect
[ACTION] Clicked Sprite (JS)
[ACTION] Clicked TotK (JS)
[OK] Downloaded //cdn.wikimg.net/en/zeldawiki/images/a/a2/TotK_Ancient_Hero%27s_Aspect_Icon.png

=== Archaic Legwear ===
[INFO] URL: https://zeldawiki.wiki/wiki/Archaic_Legwear
[ACTION] Clicked Sprite (JS)
[ACTION] Clicked TotK (JS)
[OK] Downloaded //cdn.wikimg.net/en/zeldawiki/images/2/2f/TotK_Archaic_Legwear_Icon.png

=== Archaic Tunic ===
[INFO] URL: https://zeldawiki.wiki/wiki/Archaic_Tunic
[ACTION] Clicked Sprite (JS)
[ACTION] Clicked TotK (JS)
[OK] Downloaded //cdn.wikimg.net/en/zeldawiki/images/f/fd/TotK_Archaic_Tunic_Icon.png

=== Archaic Warm Greaves ===
[INFO] URL: https://zeldawiki.wiki/wiki/Archaic_Warm_Greaves
[ACTION] Clicked Sprite (JS)
[ACTION] Clicked TotK (JS)
[OK] Downloaded //cdn.wikimg.net/en/zeldawiki/images/2/24/TotK_Archaic_Warm_Greaves_Icon.png

=== Froggy Hood ===
[INFO] URL: https://zeldawiki.wiki/wiki/Froggy_Hood
[ACTION] Clicked Sprite (JS)
[ACTION] Clicked TotK (JS)
[OK] Downloaded //cdn.wikimg.net/en/zeldawiki/images/9/9d/TotK_Froggy_Hood_Icon.png

=== Froggy Leggings ===
[INFO] URL: https://zeldawiki.wiki/wiki/Froggy_Leggings
[ACTION] Clicked Sprite (JS)
[ACTION] Clicked TotK (JS)
[OK] Downloaded //cdn.wikimg.net/en/zeldawiki/images/9/95/TotK_Froggy_Leggings_Icon.png

=== Froggy Sleeve ===
[INFO] URL: https://zeldawiki.wiki/wiki/Froggy_Sleeve
[ACTION] Clicked Sprite (JS)
[ACTION] Clicked TotK (JS)
[OK] Downloaded //cdn.wikimg.net/en/zeldawiki/images/6/6c/TotK_Froggy_Sleeve_Icon.png

=== Miner's Mask ===
[INFO] URL: https://zeldawiki.wiki/wiki/Miner's_Mask
[ACTION] Clicked Sprite (JS)
[ACTION] Clicked TotK (JS)
[OK] Downloaded //cdn.wikimg.net/en/zeldawiki/images/e/e0/TotK_Miner%27s_Mask_Icon.png

=== Miner's Trousers ===
[INFO] URL: https://zeldawiki.wiki/wiki/Miner's_Trousers
[ACTION] Clicked Sprite (JS)
[ACTION] Clicked TotK (JS)
[OK] Downloaded //cdn.wikimg.net/en/zeldawiki/images/2/24/TotK_Miner%27s_Trousers_Icon.png

=== Miner's Top ===
[INFO] URL: https://zeldawiki.wiki/wiki/Miner's_Top
[ACTION] Clicked Sprite (JS)
[ACTION] Clicked TotK (JS)
[OK] Downloaded //cdn.wikimg.net/en/zeldawiki/images/e/ef/TotK_Miner%27s_Top_Icon.png

=== Ember Headdress ===
[INFO] URL: https://zeldawiki.wiki/wiki/Ember_Headdress
[ACTION] Clicked Sprite (JS)
[ACTION] Clicked TotK (JS)
[OK] Downloaded //cdn.wikimg.net/en/zeldawiki/images/3/3f/TotK_Ember_Headdress_Icon.png

=== Ember Trousers ===
[INFO] URL: https://zeldawiki.wiki/wiki/Ember_Trousers
[ACTION] Clicked Sprite (JS)
[ACTION] Clicked TotK (JS)
[OK] Downloaded //cdn.wikimg.net/en/zeldawiki/images/b/bc/TotK_Ember_Trousers_Icon.png

=== Ember Shirt ===
[INFO] URL: https://zeldawiki.wiki/wiki/Ember_Shirt
[ACTION] Clicked Sprite (JS)
[ACTION] Clicked TotK (JS)
[OK] Downloaded //cdn.wikimg.net/en/zeldawiki/images/5/5b/TotK_Ember_Shirt_Icon.png

=== Charged Headdress ===
[INFO] URL: https://zeldawiki.wiki/wiki/Charged_Headdress
[ACTION] Clicked Sprite (JS)
[ACTION] Clicked TotK (JS)
[OK] Downloaded //cdn.wikimg.net/en/zeldawiki/images/3/39/TotK_Charged_Headdress_Icon.png

=== Charged Trousers ===
[INFO] URL: https://zeldawiki.wiki/wiki/Charged_Trousers
[ACTION] Clicked Sprite (JS)
[ACTION] Clicked TotK (JS)
[OK] Downloaded //cdn.wikimg.net/en/zeldawiki/images/8/88/TotK_Charged_Trousers_Icon.png

=== Charged Shirt ===
[INFO] URL: https://zeldawiki.wiki/wiki/Charged_Shirt
[ACTION] Clicked Sprite (JS)
[ACTION] Clicked TotK (JS)
[OK] Downloaded //cdn.wikimg.net/en/zeldawiki/images/0/03/TotK_Charged_Shirt_Icon.png

=== Frostbite Headdress ===
[INFO] URL: https://zeldawiki.wiki/wiki/Frostbite_Headdress
[ACTION] Clicked Sprite (JS)
[ACTION] Clicked TotK (JS)
[OK] Downloaded //cdn.wikimg.net/en/zeldawiki/images/9/95/TotK_Frostbite_Headdress_Icon.png

=== Frostbite Trousers ===
[INFO] URL: https://zeldawiki.wiki/wiki/Frostbite_Trousers
[ACTION] Clicked Sprite (JS)
[ACTION] Clicked TotK (JS)
[OK] Downloaded //cdn.wikimg.net/en/zeldawiki/images/8/85/TotK_Frostbite_Trousers_Icon.png

=== Frostbite Shirt ===
[INFO] URL: https://zeldawiki.wiki/wiki/Frostbite_Shirt
[ACTION] Clicked Sprite (JS)
[ACTION] Clicked TotK (JS)
[OK] Downloaded //cdn.wikimg.net/en/zeldawiki/images/e/e5/TotK_Frostbite_Shirt_Icon.png

=== Cece Hat ===
[INFO] URL: https://zeldawiki.wiki/wiki/Cece_Hat
[ACTION] Clicked Sprite (JS)
[ACTION] Clicked TotK (JS)
[OK] Downloaded //cdn.wikimg.net/en/zeldawiki/images/2/2c/TotK_Cece_Hat_Icon.png

=== Mystic Headpiece ===
[INFO] URL: https://zeldawiki.wiki/wiki/Mystic_Headpiece
[ACTION] Clicked Sprite (JS)
[ACTION] Clicked TotK (JS)
[OK] Downloaded //cdn.wikimg.net/en/zeldawiki/images/d/dd/TotK_Mystic_Headpiece_Icon.png

=== Mystic Trousers ===
[INFO] URL: https://zeldawiki.wiki/wiki/Mystic_Trousers
[ACTION] Clicked Sprite (JS)
[ACTION] Clicked TotK (JS)
[OK] Downloaded //cdn.wikimg.net/en/zeldawiki/images/5/5f/TotK_Mystic_Trousers_Icon.png

=== Mystic Robe ===
[INFO] URL: https://zeldawiki.wiki/wiki/Mystic_Robe
[ACTION] Clicked Sprite (JS)
[ACTION] Clicked TotK (JS)
[OK] Downloaded //cdn.wikimg.net/en/zeldawiki/images/4/42/TotK_Mystic_Robe_Icon.png

=== Zonaite Helm ===
[INFO] URL: https://zeldawiki.wiki/wiki/Zonaite_Helm
[ACTION] Clicked Sprite (JS)
[ACTION] Clicked TotK (JS)
[OK] Downloaded //cdn.wikimg.net/en/zeldawiki/images/2/25/TotK_Zonaite_Helm_Icon.png

=== Zonaite Shin Guards ===
[INFO] URL: https://zeldawiki.wiki/wiki/Zonaite_Shin_Guards
[ACTION] Clicked Sprite (JS)
[ACTION] Clicked TotK (JS)
[OK] Downloaded //cdn.wikimg.net/en/zeldawiki/images/e/eb/TotK_Zonaite_Shin_Guards_Icon.png

=== Zonaite Waistguard ===
[INFO] URL: https://zeldawiki.wiki/wiki/Zonaite_Waistguard
[ACTION] Clicked Sprite (JS)
[ACTION] Clicked TotK (JS)
[OK] Downloaded //cdn.wikimg.net/en/zeldawiki/images/6/63/TotK_Zonaite_Waistguard_Icon.png

=== Mask of Awakening ===
[INFO] URL: https://zeldawiki.wiki/wiki/Mask_of_Awakening
[ACTION] Clicked Sprite (JS)
[ACTION] Clicked TotK (JS)
[OK] Downloaded //cdn.wikimg.net/en/zeldawiki/images/f/ff/TotK_Mask_of_Awakening_Icon.png

=== Trousers of Awakening ===
[INFO] URL: https://zeldawiki.wiki/wiki/Trousers_of_Awakening
[ACTION] Clicked Sprite (JS)
[ACTION] Clicked TotK (JS)
[OK] Downloaded //cdn.wikimg.net/en/zeldawiki/images/8/89/TotK_Trousers_of_Awakening_Icon.png

=== Tunic of Awakening ===
[INFO] URL: https://zeldawiki.wiki/wiki/Tunic_of_Awakening
[ACTION] Clicked Sprite (JS)
[ACTION] Clicked TotK (JS)
[OK] Downloaded //cdn.wikimg.net/en/zeldawiki/images/3/33/TotK_Tunic_of_Awakening_Icon.png

=== Champion's Leathers ===
[INFO] URL: https://zeldawiki.wiki/wiki/Champion's_Leathers
[ACTION] Clicked Sprite (JS)
[ACTION] Clicked TotK (JS)
[OK] Downloaded //cdn.wikimg.net/en/zeldawiki/images/a/ab/TotK_Champion%27s_Leathers_Icon.png

=== Horriblin Mask ===
[INFO] URL: https://zeldawiki.wiki/wiki/Horriblin_Mask
[ACTION] Clicked Sprite (JS)
[ACTION] Clicked TotK (JS)
[INFO] TotK not found, trying BotW
[NOT FOUND] No sprite found

=== Hood of the Depths ===
[INFO] URL: https://zeldawiki.wiki/wiki/Hood_of_the_Depths
[ACTION] Clicked Sprite (JS)
[ACTION] Clicked TotK (JS)
[OK] Downloaded //cdn.wikimg.net/en/zeldawiki/images/b/be/TotK_Hood_of_the_Depths_Icon.png

=== Gaiters of the Depths ===
[INFO] URL: https://zeldawiki.wiki/wiki/Gaiters_of_the_Depths
[ACTION] Clicked Sprite (JS)
[ACTION] Clicked TotK (JS)
[OK] Downloaded //cdn.wikimg.net/en/zeldawiki/images/0/0d/TotK_Gaiters_of_the_Depths_Icon.png

=== Tunic of the Depths ===
[INFO] URL: https://zeldawiki.wiki/wiki/Tunic_of_the_Depths
[ACTION] Clicked Sprite (JS)
[ACTION] Clicked TotK (JS)
[OK] Downloaded //cdn.wikimg.net/en/zeldawiki/images/8/8c/TotK_Tunic_of_the_Depths_Icon.png

=== Well-Worn Hair Band ===
[INFO] URL: https://zeldawiki.wiki/wiki/Well-Worn_Hair_Band
[ACTION] Clicked Sprite (JS)
[ACTION] Clicked TotK (JS)
[OK] Downloaded //cdn.wikimg.net/en/zeldawiki/images/6/65/TotK_Well-Worn_Hair_Band_Icon.png

=== Hylian Hood ===
[INFO] URL: https://zeldawiki.wiki/wiki/Hylian_Hood
[ACTION] Clicked Sprite (JS)
[ACTION] Clicked TotK (JS)
[OK] Downloaded //cdn.wikimg.net/en/zeldawiki/images/1/14/TotK_Hylian_Hood_Icon.png

=== Lightning Helm ===
[INFO] URL: https://zeldawiki.wiki/wiki/Lightning_Helm
[ACTION] Clicked Sprite (JS)
[ACTION] Clicked TotK (JS)
[OK] Downloaded //cdn.wikimg.net/en/zeldawiki/images/c/cd/TotK_Lightning_Helm_Icon.png

=== Tunic of Memories ===
[INFO] URL: https://zeldawiki.wiki/wiki/Tunic_of_Memories
[ACTION] Clicked Sprite (JS)
[ACTION] Clicked TotK (JS)
[OK] Downloaded //cdn.wikimg.net/en/zeldawiki/images/d/d7/TotK_Tunic_of_Memories_Icon.png

=== Yiga Mask ===
[INFO] URL: https://zeldawiki.wiki/wiki/Yiga_Mask
[ACTION] Clicked Sprite (JS)
[ACTION] Clicked TotK (JS)
[OK] Downloaded //cdn.wikimg.net/en/zeldawiki/images/7/7e/TotK_Yiga_Mask_Icon.png

=== Yiga Tights ===
[INFO] URL: https://zeldawiki.wiki/wiki/Yiga_Tights
[ACTION] Clicked Sprite (JS)
[ACTION] Clicked TotK (JS)
[OK] Downloaded //cdn.wikimg.net/en/zeldawiki/images/6/66/TotK_Yiga_Tights_Icon.png

=== Yiga Armor ===
[INFO] URL: https://zeldawiki.wiki/wiki/Yiga_Armor
[ACTION] Clicked Sprite (JS)
[ACTION] Clicked TotK (JS)
[OK] Downloaded //cdn.wikimg.net/en/zeldawiki/images/0/0b/TotK_Yiga_Armor_Icon.png

=== Snow Boots ===
[INFO] URL: https://zeldawiki.wiki/wiki/Snow_Boots
[ACTION] Clicked Sprite (JS)
[ACTION] Clicked TotK (JS)
[OK] Downloaded //cdn.wikimg.net/en/zeldawiki/images/2/25/TotK_Snow_Boots_Icon.png

=== Dark Hood ===
[INFO] URL: https://zeldawiki.wiki/wiki/Dark_Hood
[ACTION] Clicked Sprite (JS)
[ACTION] Clicked TotK (JS)
[OK] Downloaded //cdn.wikimg.net/en/zeldawiki/images/9/90/TotK_Dark_Hood_Icon.png

=== Dark Trousers ===
[INFO] URL: https://zeldawiki.wiki/wiki/Dark_Trousers
[ACTION] Clicked Sprite (JS)
[ACTION] Clicked TotK (JS)
[OK] Downloaded //cdn.wikimg.net/en/zeldawiki/images/d/d4/TotK_Dark_Trousers_Icon.png

=== Dark Tunic ===
[INFO] URL: https://zeldawiki.wiki/wiki/Dark_Tunic
[ACTION] Clicked Sprite (JS)
[ACTION] Clicked TotK (JS)
[OK] Downloaded //cdn.wikimg.net/en/zeldawiki/images/c/c2/TotK_Dark_Tunic_Icon.png

=== Phantom Helmet ===
[INFO] URL: https://zeldawiki.wiki/wiki/Phantom_Helmet
[ACTION] Clicked Sprite (JS)
[ACTION] Clicked TotK (JS)
[OK] Downloaded //cdn.wikimg.net/en/zeldawiki/images/c/ca/TotK_Phantom_Helmet_Icon.png

=== Phantom Greaves ===
[INFO] URL: https://zeldawiki.wiki/wiki/Phantom_Greaves
[ACTION] Clicked Sprite (JS)
[ACTION] Clicked TotK (JS)
[OK] Downloaded //cdn.wikimg.net/en/zeldawiki/images/f/fd/TotK_Phantom_Greaves_Icon.png

=== Phantom Armor ===
[INFO] URL: https://zeldawiki.wiki/wiki/Phantom_Armor
[ACTION] Clicked Sprite (JS)
[ACTION] Clicked TotK (JS)
[OK] Downloaded //cdn.wikimg.net/en/zeldawiki/images/9/9d/TotK_Phantom_Armor_Icon.png

=== Majora's Mask ===
[INFO] URL: https://zeldawiki.wiki/wiki/Majora's_Mask
[ACTION] Clicked Sprite (JS)
[ACTION] Clicked TotK (JS)
[INFO] TotK not found, trying BotW
[NOT FOUND] No sprite found

=== Midna's Helmet ===
[INFO] URL: https://zeldawiki.wiki/wiki/Midna's_Helmet
[ACTION] Clicked Sprite (JS)
[ACTION] Clicked TotK (JS)
[OK] Downloaded //cdn.wikimg.net/en/zeldawiki/images/c/cf/TotK_Midna%27s_Helmet_Icon.png

=== Tingle's Hood ===
[INFO] URL: https://zeldawiki.wiki/wiki/Tingle's_Hood
[ACTION] Clicked Sprite (JS)
[ACTION] Clicked TotK (JS)
[OK] Downloaded //cdn.wikimg.net/en/zeldawiki/images/f/f8/TotK_Tingle%27s_Hood_Icon.png

=== Tingle's Tights ===
[INFO] URL: https://zeldawiki.wiki/wiki/Tingle's_Tights
[ACTION] Clicked Sprite (JS)
[ACTION] Clicked TotK (JS)
[OK] Downloaded //cdn.wikimg.net/en/zeldawiki/images/b/be/TotK_Tingle%27s_Tights_Icon.png

=== Tingle's Shirt ===
[INFO] URL: https://zeldawiki.wiki/wiki/Tingle's_Shirt
[ACTION] Clicked Sprite (JS)
[ACTION] Clicked TotK (JS)
[OK] Downloaded //cdn.wikimg.net/en/zeldawiki/images/b/b4/TotK_Tingle%27s_Shirt_Icon.png

=== Island Lobster Shirt ===
[INFO] URL: https://zeldawiki.wiki/wiki/Island_Lobster_Shirt
[ACTION] Clicked Sprite (JS)
[ACTION] Clicked TotK (JS)
[OK] Downloaded //cdn.wikimg.net/en/zeldawiki/images/9/95/TotK_Island_Lobster_Shirt_Icon.png

=== Korok Mask ===
[INFO] URL: https://zeldawiki.wiki/wiki/Korok_Mask
[ACTION] Clicked Sprite (JS)
[ACTION] Clicked TotK (JS)
[OK] Downloaded //cdn.wikimg.net/en/zeldawiki/images/0/0f/TotK_Korok_Mask_Icon.png

=== Ravio's Hood ===
[INFO] URL: https://zeldawiki.wiki/wiki/Ravio's_Hood
[ACTION] Clicked Sprite (JS)
[ACTION] Clicked TotK (JS)
[OK] Downloaded //cdn.wikimg.net/en/zeldawiki/images/b/bf/TotK_Ravio%27s_Hood_Icon.png

=== Zant's Helmet ===
[INFO] URL: https://zeldawiki.wiki/wiki/Zant's_Helmet
[ACTION] Clicked Sprite (JS)
[ACTION] Clicked TotK (JS)
[OK] Downloaded //cdn.wikimg.net/en/zeldawiki/images/d/df/TotK_Zant%27s_Helmet_Icon.png

=== Royal Guard Cap ===
[INFO] URL: https://zeldawiki.wiki/wiki/Royal_Guard_Cap
[ACTION] Clicked Sprite (JS)
[ACTION] Clicked TotK (JS)
[OK] Downloaded //cdn.wikimg.net/en/zeldawiki/images/1/1a/TotK_Royal_Guard_Cap_Icon.png

=== Royal Guard Boots ===
[INFO] URL: https://zeldawiki.wiki/wiki/Royal_Guard_Boots
[ACTION] Clicked Sprite (JS)
[ACTION] Clicked TotK (JS)
[INFO] TotK not found, trying BotW
[NOT FOUND] No sprite found

=== Royal Guard Uniform ===
[INFO] URL: https://zeldawiki.wiki/wiki/Royal_Guard_Uniform
[ACTION] Clicked Sprite (JS)
[ACTION] Clicked TotK (JS)
[OK] Downloaded //cdn.wikimg.net/en/zeldawiki/images/b/bb/TotK_Royal_Guard_Uniform_Icon.png

=== Evil Spirit Mask ===
[INFO] URL: https://zeldawiki.wiki/wiki/Evil_Spirit_Mask
[ACTION] Clicked Sprite (JS)
[ACTION] Clicked TotK (JS)
[OK] Downloaded //cdn.wikimg.net/en/zeldawiki/images/c/c9/TotK_Evil_Spirit_Mask_Icon.png

=== Evil Spirit Greaves ===
[INFO] URL: https://zeldawiki.wiki/wiki/Evil_Spirit_Greaves
[ACTION] Clicked Sprite (JS)
[ACTION] Clicked TotK (JS)
[OK] Downloaded //cdn.wikimg.net/en/zeldawiki/images/9/9b/TotK_Evil_Spirit_Greaves_Icon.png

=== Evil Spirit Armor ===
[INFO] URL: https://zeldawiki.wiki/wiki/Evil_Spirit_Armor
[ACTION] Clicked Sprite (JS)
[ACTION] Clicked TotK (JS)
[OK] Downloaded //cdn.wikimg.net/en/zeldawiki/images/9/91/TotK_Evil_Spirit_Armor_Icon.png

=== Vah Ruta Divine Helm ===
[INFO] URL: https://zeldawiki.wiki/wiki/Vah_Ruta_Divine_Helm
[ACTION] Clicked Sprite (JS)
[ACTION] Clicked TotK (JS)
[OK] Downloaded //cdn.wikimg.net/en/zeldawiki/images/3/35/TotK_Vah_Ruta_Divine_Helm_Icon.png

=== Vah Medoh Divine Helm ===
[INFO] URL: https://zeldawiki.wiki/wiki/Vah_Medoh_Divine_Helm
[ACTION] Clicked Sprite (JS)
[ACTION] Clicked TotK (JS)
[OK] Downloaded //cdn.wikimg.net/en/zeldawiki/images/e/e7/TotK_Vah_Medoh_Divine_Helm_Icon.png

=== Vah Rudania Divine Helm ===
[INFO] URL: https://zeldawiki.wiki/wiki/Vah_Rudania_Divine_Helm
[ACTION] Clicked Sprite (JS)
[ACTION] Clicked TotK (JS)
[OK] Downloaded //cdn.wikimg.net/en/zeldawiki/images/6/61/TotK_Vah_Rudania_Divine_Helm_Icon.png

=== Vah Naboris Divine Helm ===
[INFO] URL: https://zeldawiki.wiki/wiki/Vah_Naboris_Divine_Helm
[ACTION] Clicked Sprite (JS)
[ACTION] Clicked TotK (JS)
[OK] Downloaded //cdn.wikimg.net/en/zeldawiki/images/7/7e/TotK_Vah_Naboris_Divine_Helm_Icon.png

=== Cap of Time ===
[INFO] URL: https://zeldawiki.wiki/wiki/Cap_of_Time
[ACTION] Clicked Sprite (JS)
[ACTION] Clicked TotK (JS)
[OK] Downloaded //cdn.wikimg.net/en/zeldawiki/images/c/cf/TotK_Cap_of_Time_Icon.png

=== Trousers of Time ===
[INFO] URL: https://zeldawiki.wiki/wiki/Trousers_of_Time
[ACTION] Clicked Sprite (JS)
[ACTION] Clicked TotK (JS)
[OK] Downloaded //cdn.wikimg.net/en/zeldawiki/images/2/2a/TotK_Trousers_of_Time_Icon.png

=== Tunic of Time ===
[INFO] URL: https://zeldawiki.wiki/wiki/Tunic_of_Time
[ACTION] Clicked Sprite (JS)
[ACTION] Clicked TotK (JS)
[OK] Downloaded //cdn.wikimg.net/en/zeldawiki/images/b/b4/TotK_Tunic_of_Time_Icon.png

=== Cap of the Wind ===
[INFO] URL: https://zeldawiki.wiki/wiki/Cap_of_the_Wind
[ACTION] Clicked Sprite (JS)
[ACTION] Clicked TotK (JS)
[OK] Downloaded //cdn.wikimg.net/en/zeldawiki/images/c/cf/TotK_Cap_of_the_Wind_Icon.png

=== Trousers of the Wind ===
[INFO] URL: https://zeldawiki.wiki/wiki/Trousers_of_the_Wind
[ACTION] Clicked Sprite (JS)
[ACTION] Clicked TotK (JS)
[OK] Downloaded //cdn.wikimg.net/en/zeldawiki/images/2/26/TotK_Trousers_of_the_Wind_Icon.png

=== Tunic of the Wind ===
[INFO] URL: https://zeldawiki.wiki/wiki/Tunic_of_the_Wind
[ACTION] Clicked Sprite (JS)
[ACTION] Clicked TotK (JS)
[OK] Downloaded //cdn.wikimg.net/en/zeldawiki/images/3/38/TotK_Tunic_of_the_Wind_Icon.png

=== Cap of Twilight ===
[INFO] URL: https://zeldawiki.wiki/wiki/Cap_of_Twilight
[ACTION] Clicked Sprite (JS)
[ACTION] Clicked TotK (JS)
[OK] Downloaded //cdn.wikimg.net/en/zeldawiki/images/0/0b/TotK_Cap_of_Twilight_Icon.png

=== Trousers of Twilight ===
[INFO] URL: https://zeldawiki.wiki/wiki/Trousers_of_Twilight
[ACTION] Clicked Sprite (JS)
[ACTION] Clicked TotK (JS)
[OK] Downloaded //cdn.wikimg.net/en/zeldawiki/images/3/3b/TotK_Trousers_of_Twilight_Icon.png

=== Tunic of Twilight ===
[INFO] URL: https://zeldawiki.wiki/wiki/Tunic_of_Twilight
[ACTION] Clicked Sprite (JS)
[ACTION] Clicked TotK (JS)
[OK] Downloaded //cdn.wikimg.net/en/zeldawiki/images/e/ef/TotK_Tunic_of_Twilight_Icon.png

=== Cap of the Sky ===
[INFO] URL: https://zeldawiki.wiki/wiki/Cap_of_the_Sky
[ACTION] Clicked Sprite (JS)
[ACTION] Clicked TotK (JS)
[OK] Downloaded //cdn.wikimg.net/en/zeldawiki/images/2/28/TotK_Cap_of_the_Sky_Icon.png

=== Trousers of the Sky ===
[INFO] URL: https://zeldawiki.wiki/wiki/Trousers_of_the_Sky
[ACTION] Clicked Sprite (JS)
[ACTION] Clicked TotK (JS)
[OK] Downloaded //cdn.wikimg.net/en/zeldawiki/images/9/9c/TotK_Trousers_of_the_Sky_Icon.png

=== Tunic of the Sky ===
[INFO] URL: https://zeldawiki.wiki/wiki/Tunic_of_the_Sky
[ACTION] Clicked Sprite (JS)
[ACTION] Clicked TotK (JS)
[OK] Downloaded //cdn.wikimg.net/en/zeldawiki/images/c/c3/TotK_Tunic_of_the_Sky_Icon.png

=== Sheik's Mask ===
[INFO] URL: https://zeldawiki.wiki/wiki/Sheik's_Mask
[ACTION] Clicked Sprite (JS)
[ACTION] Clicked TotK (JS)
[OK] Downloaded //cdn.wikimg.net/en/zeldawiki/images/f/fd/TotK_Sheik%27s_Mask_Icon.png

=== Fierce Deity Mask ===
[INFO] URL: https://zeldawiki.wiki/wiki/Fierce_Deity_Mask
[ACTION] Clicked Sprite (JS)
[ACTION] Clicked TotK (JS)
[OK] Downloaded //cdn.wikimg.net/en/zeldawiki/images/0/02/TotK_Fierce_Deity_Mask_Icon.png

=== Fierce Deity Boots ===
[INFO] URL: https://zeldawiki.wiki/wiki/Fierce_Deity_Boots
[ACTION] Clicked Sprite (JS)
[ACTION] Clicked TotK (JS)
[OK] Downloaded //cdn.wikimg.net/en/zeldawiki/images/2/26/TotK_Fierce_Deity_Boots_Icon.png

=== Fierce Deity Armor ===
[INFO] URL: https://zeldawiki.wiki/wiki/Fierce_Deity_Armor
[ACTION] Clicked Sprite (JS)
[ACTION] Clicked TotK (JS)
[OK] Downloaded //cdn.wikimg.net/en/zeldawiki/images/c/c6/TotK_Fierce_Deity_Armor_Icon.png

=== Cap of the Hero ===
[INFO] URL: https://zeldawiki.wiki/wiki/Cap_of_the_Hero
[ACTION] Clicked Sprite (JS)
[ACTION] Clicked TotK (JS)
[OK] Downloaded //cdn.wikimg.net/en/zeldawiki/images/7/7a/TotK_Cap_of_the_Hero_Icon.png

=== Trousers of the Hero ===
[INFO] URL: https://zeldawiki.wiki/wiki/Trousers_of_the_Hero
[ACTION] Clicked Sprite (JS)
[ACTION] Clicked TotK (JS)
[OK] Downloaded //cdn.wikimg.net/en/zeldawiki/images/c/cb/TotK_Trousers_of_the_Hero_Icon.png

=== Tunic of the Hero ===
[INFO] URL: https://zeldawiki.wiki/wiki/Tunic_of_the_Hero
[ACTION] Clicked Sprite (JS)
[ACTION] Clicked TotK (JS)
[OK] Downloaded //cdn.wikimg.net/en/zeldawiki/images/a/a1/TotK_Tunic_of_the_Hero_Icon.png
