
=== Hot-Footed Frog ===
[INFO] URL: https://zeldawiki.wiki/wiki/Hot-Footed_Frog
[NOT FOUND] No image found

=== Energetic Rhino_beetle ===
[INFO] URL: https://zeldawiki.wiki/wiki/Energetic_Rhino_beetle
[NOT FOUND] No image found

=== Smotherwing Butterfly ===
[INFO] URL: https://zeldawiki.wiki/wiki/Smotherwing_Butterfly
[OK] Found in Model → TotK
[OK] Downloaded //cdn.wikimg.net/en/zeldawiki/images/d/d9/BotW_Smotherwing_Butterfly_Model.png

=== Sticky Frog ===
[INFO] URL: https://zeldawiki.wiki/wiki/Sticky_Frog
[OK] Found in Model → TotK
[OK] Downloaded //cdn.wikimg.net/en/zeldawiki/images/thumb/d/d5/TotK_Sticky_Frog_Model.png/320px-TotK_Sticky_Frog_Model.png

=== Sticky Lizard ===
[INFO] URL: https://zeldawiki.wiki/wiki/Sticky_Lizard
[OK] Found in Model → TotK
[OK] Downloaded //cdn.wikimg.net/en/zeldawiki/images/thumb/b/b4/TotK_Sticky_Lizard_Model.png/320px-TotK_Sticky_Lizard_Model.png

=== Deep Firefly ===
[INFO] URL: https://zeldawiki.wiki/wiki/Deep_Firefly
[OK] Found via brute fallback
[OK] Downloaded //cdn.wikimg.net/en/zeldawiki/images/thumb/a/a9/TotK_NS2E_A_Deep_Firefly_Thumbnail.png/107px-TotK_NS2E_A_Deep_Firefly_Thumbnail.png

=== Tireless Frog ===
[INFO] URL: https://zeldawiki.wiki/wiki/Tireless_Frog
[OK] Found in Model → TotK
[OK] Downloaded //cdn.wikimg.net/en/zeldawiki/images/a/ad/BotW_Tireless_Frog_Model.png

=== Cold Darner ===
[INFO] URL: https://zeldawiki.wiki/wiki/Cold_Darner
[OK] Found in Model → TotK
[OK] Downloaded //cdn.wikimg.net/en/zeldawiki/images/3/3d/BotW_Cold_Darner_Model.png

=== Sunset Firefly ===
[INFO] URL: https://zeldawiki.wiki/wiki/Sunset_Firefly
[OK] Found in Model → TotK
[OK] Downloaded //cdn.wikimg.net/en/zeldawiki/images/a/a9/BotW_Sunset_Firefly_Model.png

=== Fairy ===
[INFO] URL: https://zeldawiki.wiki/wiki/Fairy
[OK] Found via brute fallback
[OK] Downloaded //cdn.wikimg.net/en/zeldawiki/images/thumb/5/5a/OoT_Big_Fairy_Model.png/60px-OoT_Big_Fairy_Model.png

=== Bladed Rhino_beetle ===
[INFO] URL: https://zeldawiki.wiki/wiki/Bladed_Rhino_beetle
[NOT FOUND] No image found

=== Restless Cricket ===
[INFO] URL: https://zeldawiki.wiki/wiki/Restless_Cricket
[OK] Found in Model → TotK
[OK] Downloaded //cdn.wikimg.net/en/zeldawiki/images/5/5a/BotW_Restless_Cricket_Model.png

=== Electric Darner ===
[INFO] URL: https://zeldawiki.wiki/wiki/Electric_Darner
[OK] Found in Model → TotK
[OK] Downloaded //cdn.wikimg.net/en/zeldawiki/images/2/2b/BotW_Electric_Darner_Model.png

=== Hearty Lizard ===
[INFO] URL: https://zeldawiki.wiki/wiki/Hearty_Lizard
[OK] Found in Model → TotK
[OK] Downloaded //cdn.wikimg.net/en/zeldawiki/images/7/71/BotW_Hearty_Lizard_Model.png

=== Winterwing Butterfly ===
[INFO] URL: https://zeldawiki.wiki/wiki/Winterwing_Butterfly
[OK] Found in Model → TotK
[OK] Downloaded //cdn.wikimg.net/en/zeldawiki/images/d/da/BotW_Winterwing_Butterfly_Model.png

=== Rugged Rhino_beetle ===
[INFO] URL: https://zeldawiki.wiki/wiki/Rugged_Rhino_beetle
[NOT FOUND] No image found

=== Summerwing Butterfly ===
[INFO] URL: https://zeldawiki.wiki/wiki/Summerwing_Butterfly
[OK] Found in Model → TotK
[OK] Downloaded //cdn.wikimg.net/en/zeldawiki/images/c/ca/BotW_Summerwing_Butterfly_Model.png

=== Thunderwing Butterfly ===
[INFO] URL: https://zeldawiki.wiki/wiki/Thunderwing_Butterfly
[OK] Found in Model → TotK
[OK] Downloaded //cdn.wikimg.net/en/zeldawiki/images/9/92/BotW_Thunderwing_Butterfly_Model.png

=== Hightail Lizard ===
[INFO] URL: https://zeldawiki.wiki/wiki/Hightail_Lizard
[NOT FOUND] No image found

=== Warm Darner ===
[INFO] URL: https://zeldawiki.wiki/wiki/Warm_Darner
[OK] Found in Model → TotK
[OK] Downloaded //cdn.wikimg.net/en/zeldawiki/images/4/43/BotW_Warm_Darner_Model.png

=== Fireproof Lizard ===
[INFO] URL: https://zeldawiki.wiki/wiki/Fireproof_Lizard
[OK] Found in Model → TotK
[OK] Downloaded //cdn.wikimg.net/en/zeldawiki/images/f/f8/BotW_Fireproof_Lizard_Model.png

=== Courser Bee Honey ===
[INFO] URL: https://zeldawiki.wiki/wiki/Courser_Bee_Honey
[NOT FOUND] No image found

=== Bomb Flower ===
[INFO] URL: https://zeldawiki.wiki/wiki/Bomb_Flower
[OK] Found via brute fallback
[OK] Downloaded //cdn.wikimg.net/en/zeldawiki/images/thumb/f/f0/ALBW_Big_Bomb_Flower_Model.png/53px-ALBW_Big_Bomb_Flower_Model.png

=== Muddle Bud ===
[INFO] URL: https://zeldawiki.wiki/wiki/Muddle_Bud
[NOT FOUND] No image found

=== Shock Fruit ===
[INFO] URL: https://zeldawiki.wiki/wiki/Shock_Fruit
[NOT FOUND] No image found

=== Fire Fruit ===
[INFO] URL: https://zeldawiki.wiki/wiki/Fire_Fruit
[NOT FOUND] No image found

=== Hylian Pine Cone ===
[INFO] URL: https://zeldawiki.wiki/wiki/Hylian_Pine_Cone
[OK] Found via brute fallback
[OK] Downloaded //cdn.wikimg.net/en/zeldawiki/images/thumb/0/06/TotK_Hylian_Pine_Cone_Fire_Effect.png/120px-TotK_Hylian_Pine_Cone_Fire_Effect.png

=== Ice Fruit ===
[INFO] URL: https://zeldawiki.wiki/wiki/Ice_Fruit
[NOT FOUND] No image found

=== Bokoblin Fang ===
[INFO] URL: https://zeldawiki.wiki/wiki/Bokoblin_Fang
[OK] Found in Model → TotK
[OK] Downloaded //cdn.wikimg.net/en/zeldawiki/images/thumb/7/73/BotW_Bokoblin_Fang_Model.png/169px-BotW_Bokoblin_Fang_Model.png

=== Bokoblin Guts ===
[INFO] URL: https://zeldawiki.wiki/wiki/Bokoblin_Guts
[OK] Found in Model → TotK
[OK] Downloaded //cdn.wikimg.net/en/zeldawiki/images/thumb/3/32/BotW_Bokoblin_Guts_Model.png/286px-BotW_Bokoblin_Guts_Model.png

=== Lizalfos Talon ===
[INFO] URL: https://zeldawiki.wiki/wiki/Lizalfos_Talon
[OK] Found in Model → TotK
[OK] Downloaded //cdn.wikimg.net/en/zeldawiki/images/7/7c/No_Image_Upload.png

=== Lizalfos Tail ===
[INFO] URL: https://zeldawiki.wiki/wiki/Lizalfos_Tail
[OK] Found in Model → TotK
[OK] Downloaded //cdn.wikimg.net/en/zeldawiki/images/3/38/BotW_Lizalfos_Tail_Render.png

=== Moblin Fang ===
[INFO] URL: https://zeldawiki.wiki/wiki/Moblin_Fang
[OK] Found in Model → TotK
[OK] Downloaded //cdn.wikimg.net/en/zeldawiki/images/thumb/8/8c/BotW_Moblin_Fang_Model.png/320px-BotW_Moblin_Fang_Model.png

=== Moblin Guts ===
[INFO] URL: https://zeldawiki.wiki/wiki/Moblin_Guts
[OK] Found in Model → TotK
[OK] Downloaded //cdn.wikimg.net/en/zeldawiki/images/thumb/f/fe/BotW_Moblin_Guts_Model.png/320px-BotW_Moblin_Guts_Model.png

=== Horriblin Horn ===
[INFO] URL: https://zeldawiki.wiki/wiki/Horriblin_Horn
[OK] Found in Model → TotK
[OK] Downloaded //cdn.wikimg.net/en/zeldawiki/images/thumb/a/ab/TotK_Horriblin_Horn_Model.png/320px-TotK_Horriblin_Horn_Model.png

=== Blue Horriblin Horn ===
[INFO] URL: https://zeldawiki.wiki/wiki/Blue_Horriblin_Horn
[NOT FOUND] No image found

=== Black Horriblin Horn ===
[INFO] URL: https://zeldawiki.wiki/wiki/Black_Horriblin_Horn
[OK] Found in Model → TotK
[OK] Downloaded //cdn.wikimg.net/en/zeldawiki/images/thumb/9/9f/TotK_Black_Horriblin_Horn_Model.png/320px-TotK_Black_Horriblin_Horn_Model.png

=== Silver Horriblin Horn ===
[INFO] URL: https://zeldawiki.wiki/wiki/Silver_Horriblin_Horn
[OK] Found in Model → TotK
[OK] Downloaded //cdn.wikimg.net/en/zeldawiki/images/thumb/e/ed/TotK_Silver_Horriblin_Horn_Model.png/274px-TotK_Silver_Horriblin_Horn_Model.png

=== Horriblin Claw ===
[INFO] URL: https://zeldawiki.wiki/wiki/Horriblin_Claw
[OK] Found in Model → TotK
[OK] Downloaded //cdn.wikimg.net/en/zeldawiki/images/thumb/9/94/TotK_Horriblin_Claw_Model.png/291px-TotK_Horriblin_Claw_Model.png

=== Horriblin Guts ===
[INFO] URL: https://zeldawiki.wiki/wiki/Horriblin_Guts
[OK] Found in Model → TotK
[OK] Downloaded //cdn.wikimg.net/en/zeldawiki/images/thumb/c/c1/TotK_Horriblin_Guts_Model.png/320px-TotK_Horriblin_Guts_Model.png

=== Lizalfos Horn ===
[INFO] URL: https://zeldawiki.wiki/wiki/Lizalfos_Horn
[OK] Found in Model → TotK
[OK] Downloaded //cdn.wikimg.net/en/zeldawiki/images/7/7c/No_Image_Upload.png

=== Blue Lizalfos Horn ===
[INFO] URL: https://zeldawiki.wiki/wiki/Blue_Lizalfos_Horn
[OK] Found in Model → TotK
[OK] Downloaded //cdn.wikimg.net/en/zeldawiki/images/thumb/1/1a/TotK_Blue_Lizalfos_Horn_Model.png/270px-TotK_Blue_Lizalfos_Horn_Model.png

=== Black Lizalfos Horn ===
[INFO] URL: https://zeldawiki.wiki/wiki/Black_Lizalfos_Horn
[OK] Found in Model → TotK
[OK] Downloaded //cdn.wikimg.net/en/zeldawiki/images/thumb/7/7e/TotK_Black_Lizalfos_Horn_Model.png/286px-TotK_Black_Lizalfos_Horn_Model.png

=== Silver Lizalfos Horn ===
[INFO] URL: https://zeldawiki.wiki/wiki/Silver_Lizalfos_Horn
[OK] Found in Model → TotK
[OK] Downloaded //cdn.wikimg.net/en/zeldawiki/images/thumb/3/3b/TotK_Silver_Lizalfos_Horn_Model.png/320px-TotK_Silver_Lizalfos_Horn_Model.png

=== Blue Lizalfos Tail ===
[INFO] URL: https://zeldawiki.wiki/wiki/Blue_Lizalfos_Tail
[OK] Found in Model → TotK
[OK] Downloaded //cdn.wikimg.net/en/zeldawiki/images/thumb/0/09/TotK_Blue_Lizalfos_Tail_Model.png/320px-TotK_Blue_Lizalfos_Tail_Model.png

=== Black Lizalfos Tail ===
[INFO] URL: https://zeldawiki.wiki/wiki/Black_Lizalfos_Tail
[OK] Found in Model → TotK
[OK] Downloaded //cdn.wikimg.net/en/zeldawiki/images/thumb/7/71/TotK_Black_Lizalfos_Tail_Model.png/320px-TotK_Black_Lizalfos_Tail_Model.png

=== Silver Lizalfos Tail ===
[INFO] URL: https://zeldawiki.wiki/wiki/Silver_Lizalfos_Tail
[OK] Found in Model → TotK
[OK] Downloaded //cdn.wikimg.net/en/zeldawiki/images/thumb/8/8c/TotK_Silver_Lizalfos_Tail_Model.png/320px-TotK_Silver_Lizalfos_Tail_Model.png

=== Fire Keese Eyeball ===
[INFO] URL: https://zeldawiki.wiki/wiki/Fire_Keese_Eyeball
[OK] Found in Model → TotK
[OK] Downloaded //cdn.wikimg.net/en/zeldawiki/images/thumb/4/4b/TotK_Fire_Keese_Eyeball_Model.png/320px-TotK_Fire_Keese_Eyeball_Model.png

=== Electric Keese Eyeball ===
[INFO] URL: https://zeldawiki.wiki/wiki/Electric_Keese_Eyeball
[OK] Found in Model → TotK
[OK] Downloaded //cdn.wikimg.net/en/zeldawiki/images/thumb/a/a7/TotK_Electric_Keese_Eyeball_Model.png/320px-TotK_Electric_Keese_Eyeball_Model.png

=== Ice Keese Eyeball ===
[INFO] URL: https://zeldawiki.wiki/wiki/Ice_Keese_Eyeball
[OK] Found in Model → TotK
[OK] Downloaded //cdn.wikimg.net/en/zeldawiki/images/thumb/a/a1/TotK_Ice_Keese_Eyeball_Model.png/320px-TotK_Ice_Keese_Eyeball_Model.png

=== Gibdo Guts ===
[INFO] URL: https://zeldawiki.wiki/wiki/Gibdo_Guts
[OK] Found in Model → TotK
[OK] Downloaded //cdn.wikimg.net/en/zeldawiki/images/thumb/0/07/TotK_Gibdo_Guts_Model.png/291px-TotK_Gibdo_Guts_Model.png

=== Gibdo Wing ===
[INFO] URL: https://zeldawiki.wiki/wiki/Gibdo_Wing
[OK] Found in Model → TotK
[OK] Downloaded //cdn.wikimg.net/en/zeldawiki/images/thumb/c/c4/TotK_Gibdo_Wing_Model.png/320px-TotK_Gibdo_Wing_Model.png

=== Aerocuda Wing ===
[INFO] URL: https://zeldawiki.wiki/wiki/Aerocuda_Wing
[OK] Found in Model → TotK
[OK] Downloaded //cdn.wikimg.net/en/zeldawiki/images/thumb/3/3b/TotK_Aerocuda_Wing_Model.png/320px-TotK_Aerocuda_Wing_Model.png

=== Lynel Hoof ===
[INFO] URL: https://zeldawiki.wiki/wiki/Lynel_Hoof
[NOT FOUND] No image found

=== Zonai Charge ===
[INFO] URL: https://zeldawiki.wiki/wiki/Zonai_Charge
[OK] Found in Model → TotK
[OK] Downloaded //cdn.wikimg.net/en/zeldawiki/images/thumb/2/2b/TotK_Zonai_Charge_Model.png/303px-TotK_Zonai_Charge_Model.png

=== Large Zonai Charge ===
[INFO] URL: https://zeldawiki.wiki/wiki/Large_Zonai_Charge
[OK] Found in Model → TotK
[OK] Downloaded //cdn.wikimg.net/en/zeldawiki/images/thumb/7/78/TotK_Large_Zonai_Charge_Model.png/320px-TotK_Large_Zonai_Charge_Model.png

=== Blue Boss Bokoblin Horn ===
[INFO] URL: https://zeldawiki.wiki/wiki/Blue_Boss_Bokoblin_Horn
[OK] Found in Model → TotK
[OK] Downloaded //cdn.wikimg.net/en/zeldawiki/images/thumb/d/db/TotK_Blue_Boss_Bokoblin_Horn_Model.png/294px-TotK_Blue_Boss_Bokoblin_Horn_Model.png

=== Black Boss Bokoblin Horn ===
[INFO] URL: https://zeldawiki.wiki/wiki/Black_Boss_Bokoblin_Horn
[OK] Found in Model → TotK
[OK] Downloaded //cdn.wikimg.net/en/zeldawiki/images/thumb/2/22/TotK_Black_Boss_Bokoblin_Horn_Model.png/320px-TotK_Black_Boss_Bokoblin_Horn_Model.png

=== Silver Boss Bokoblin Horn ===
[INFO] URL: https://zeldawiki.wiki/wiki/Silver_Boss_Bokoblin_Horn
[OK] Found in Model → TotK
[OK] Downloaded //cdn.wikimg.net/en/zeldawiki/images/thumb/2/20/TotK_Silver_Boss_Bokoblin_Horn_Model.png/181px-TotK_Silver_Boss_Bokoblin_Horn_Model.png

=== Boss Bokoblin Fang ===
[INFO] URL: https://zeldawiki.wiki/wiki/Boss_Bokoblin_Fang
[OK] Found in Model → TotK
[OK] Downloaded //cdn.wikimg.net/en/zeldawiki/images/thumb/3/35/TotK_Boss_Bokoblin_Fang_Model.png/320px-TotK_Boss_Bokoblin_Fang_Model.png

=== Boss Bokoblin Guts ===
[INFO] URL: https://zeldawiki.wiki/wiki/Boss_Bokoblin_Guts
[OK] Found in Model → TotK
[OK] Downloaded //cdn.wikimg.net/en/zeldawiki/images/thumb/6/67/TotK_Boss_Bokoblin_Guts_Model.png/291px-TotK_Boss_Bokoblin_Guts_Model.png

=== Lynel Guts ===
[INFO] URL: https://zeldawiki.wiki/wiki/Lynel_Guts
[OK] Found in Model → TotK
[OK] Downloaded //cdn.wikimg.net/en/zeldawiki/images/7/7c/No_Image_Upload.png

=== Hinox Horn ===
[INFO] URL: https://zeldawiki.wiki/wiki/Hinox_Horn
[OK] Found in Model → TotK
[OK] Downloaded //cdn.wikimg.net/en/zeldawiki/images/thumb/4/45/TotK_Hinox_Horn_Model.png/320px-TotK_Hinox_Horn_Model.png

=== Blue Hinox Horn ===
[INFO] URL: https://zeldawiki.wiki/wiki/Blue_Hinox_Horn
[OK] Found in Model → TotK
[OK] Downloaded //cdn.wikimg.net/en/zeldawiki/images/thumb/c/c1/TotK_Blue_Hinox_Horn_Model.png/278px-TotK_Blue_Hinox_Horn_Model.png

=== Black Hinox Horn ===
[INFO] URL: https://zeldawiki.wiki/wiki/Black_Hinox_Horn
[OK] Found in Model → TotK
[OK] Downloaded //cdn.wikimg.net/en/zeldawiki/images/thumb/e/e2/TotK_Black_Hinox_Horn_Model.png/320px-TotK_Black_Hinox_Horn_Model.png

=== Lynel Saber Horn ===
[INFO] URL: https://zeldawiki.wiki/wiki/Lynel_Saber_Horn
[OK] Found in Model → TotK
[OK] Downloaded //cdn.wikimg.net/en/zeldawiki/images/thumb/8/88/TotK_Lynel_Saber_Horn_Model.png/314px-TotK_Lynel_Saber_Horn_Model.png

=== Blue-Maned Lynel Saber Horn ===
[INFO] URL: https://zeldawiki.wiki/wiki/Blue-Maned_Lynel_Saber_Horn
[OK] Found in Model → TotK
[OK] Downloaded //cdn.wikimg.net/en/zeldawiki/images/thumb/8/88/TotK_Blue-Maned_Lynel_Saber_Horn_Model.png/320px-TotK_Blue-Maned_Lynel_Saber_Horn_Model.png

=== Red Chuchu Jelly ===
[INFO] URL: https://zeldawiki.wiki/wiki/Red_Chuchu_Jelly
[OK] Found in Model → TotK
[OK] Downloaded //cdn.wikimg.net/en/zeldawiki/images/thumb/9/90/TWWHD_Red_Chu_Jelly_Artwork.png/208px-TWWHD_Red_Chu_Jelly_Artwork.png

=== White-Maned Lynel Saber Horn ===
[INFO] URL: https://zeldawiki.wiki/wiki/White-Maned_Lynel_Saber_Horn
[OK] Found in Model → TotK
[OK] Downloaded //cdn.wikimg.net/en/zeldawiki/images/thumb/c/cf/TotK_White-Maned_Lynel_Saber_Horn_Model.png/310px-TotK_White-Maned_Lynel_Saber_Horn_Model.png

=== Silver Lynel Saber Horn ===
[INFO] URL: https://zeldawiki.wiki/wiki/Silver_Lynel_Saber_Horn
[OK] Found in Model → TotK
[OK] Downloaded //cdn.wikimg.net/en/zeldawiki/images/thumb/d/da/TotK_Silver_Lynel_Saber_Horn_Model.png/278px-TotK_Silver_Lynel_Saber_Horn_Model.png

=== Gleeok Flame Horn ===
[INFO] URL: https://zeldawiki.wiki/wiki/Gleeok_Flame_Horn
[OK] Found in Model → TotK
[OK] Downloaded //cdn.wikimg.net/en/zeldawiki/images/thumb/9/93/TotK_Gleeok_Flame_Horn_Model.png/311px-TotK_Gleeok_Flame_Horn_Model.png

=== Gleeok Frost Horn ===
[INFO] URL: https://zeldawiki.wiki/wiki/Gleeok_Frost_Horn
[OK] Found in Model → TotK
[OK] Downloaded //cdn.wikimg.net/en/zeldawiki/images/thumb/9/93/TotK_Gleeok_Frost_Horn_Model.png/317px-TotK_Gleeok_Frost_Horn_Model.png

=== Gleeok Thunder Horn ===
[INFO] URL: https://zeldawiki.wiki/wiki/Gleeok_Thunder_Horn
[OK] Found in Model → TotK
[OK] Downloaded //cdn.wikimg.net/en/zeldawiki/images/thumb/e/e0/TotK_Gleeok_Thunder_Horn_Model.png/307px-TotK_Gleeok_Thunder_Horn_Model.png

=== Gleeok Wing ===
[INFO] URL: https://zeldawiki.wiki/wiki/Gleeok_Wing
[OK] Found in Model → TotK
[OK] Downloaded //cdn.wikimg.net/en/zeldawiki/images/thumb/7/70/TotK_Gleeok_Wing_Model.png/291px-TotK_Gleeok_Wing_Model.png

=== Gleeok Guts ===
[INFO] URL: https://zeldawiki.wiki/wiki/Gleeok_Guts
[OK] Found in Model → TotK
[OK] Downloaded //cdn.wikimg.net/en/zeldawiki/images/thumb/3/33/TotK_Gleeok_Guts_Model.png/291px-TotK_Gleeok_Guts_Model.png

=== Light Dragon's Scale ===
[INFO] URL: https://zeldawiki.wiki/wiki/Light_Dragon's_Scale
[OK] Found in Model → TotK
[OK] Downloaded //cdn.wikimg.net/en/zeldawiki/images/thumb/5/5f/TotK_Light_Dragon%27s_Scale_Model.png/320px-TotK_Light_Dragon%27s_Scale_Model.png

=== Light Dragon's Talon ===
[INFO] URL: https://zeldawiki.wiki/wiki/Light_Dragon's_Talon
[OK] Found in Model → TotK
[OK] Downloaded //cdn.wikimg.net/en/zeldawiki/images/thumb/3/34/TotK_Light_Dragon%27s_Talon_Model.png/320px-TotK_Light_Dragon%27s_Talon_Model.png

=== Yellow Chuchu Jelly ===
[INFO] URL: https://zeldawiki.wiki/wiki/Yellow_Chuchu_Jelly
[OK] Found in Model → TotK
[OK] Downloaded //cdn.wikimg.net/en/zeldawiki/images/thumb/a/a9/TP_Lantern_Oil_Render.png/184px-TP_Lantern_Oil_Render.png

=== Shard of Light Dragon's Fang ===
[INFO] URL: https://zeldawiki.wiki/wiki/Shard_of_Light_Dragon's_Fang
[OK] Found in Model → TotK
[OK] Downloaded //cdn.wikimg.net/en/zeldawiki/images/thumb/d/d6/TotK_Shard_of_Light_Dragon%27s_Fang_Model.png/320px-TotK_Shard_of_Light_Dragon%27s_Fang_Model.png

=== Soldier Construct Horn ===
[INFO] URL: https://zeldawiki.wiki/wiki/Soldier_Construct_Horn
[NOT FOUND] No image found

=== Soldier Construct II Horn ===
[INFO] URL: https://zeldawiki.wiki/wiki/Soldier_Construct_II_Horn
[OK] Found in Model → TotK
[OK] Downloaded //cdn.wikimg.net/en/zeldawiki/images/thumb/7/7a/TotK_Soldier_Construct_II_Horn_Model.png/320px-TotK_Soldier_Construct_II_Horn_Model.png

=== Soldier Construct III Horn ===
[INFO] URL: https://zeldawiki.wiki/wiki/Soldier_Construct_III_Horn
[OK] Found in Model → TotK
[OK] Downloaded //cdn.wikimg.net/en/zeldawiki/images/thumb/0/08/TotK_Soldier_Construct_III_Horn_Model.png/305px-TotK_Soldier_Construct_III_Horn_Model.png

=== Soldier Construct IV Horn ===
[INFO] URL: https://zeldawiki.wiki/wiki/Soldier_Construct_IV_Horn
[OK] Found in Model → TotK
[OK] Downloaded //cdn.wikimg.net/en/zeldawiki/images/thumb/c/c1/TotK_Soldier_Construct_IV_Horn_Model.png/203px-TotK_Soldier_Construct_IV_Horn_Model.png

=== White Chuchu Jelly ===
[INFO] URL: https://zeldawiki.wiki/wiki/White_Chuchu_Jelly
[OK] Found in Model → TotK
[OK] Downloaded //cdn.wikimg.net/en/zeldawiki/images/1/18/BotW_White_Chuchu_Jelly_Model.png

=== Keese Wing ===
[INFO] URL: https://zeldawiki.wiki/wiki/Keese_Wing
[OK] Found in Model → TotK
[OK] Downloaded //cdn.wikimg.net/en/zeldawiki/images/7/7c/No_Image_Upload.png

=== Like Like Stone ===
[INFO] URL: https://zeldawiki.wiki/wiki/Like_Like_Stone
[OK] Found in Model → TotK
[OK] Downloaded //cdn.wikimg.net/en/zeldawiki/images/thumb/0/05/TotK_Like_Like_Stone_Model.png/313px-TotK_Like_Like_Stone_Model.png

=== Fire Like Stone ===
[INFO] URL: https://zeldawiki.wiki/wiki/Fire_Like_Stone
[OK] Found in Model → TotK
[OK] Downloaded //cdn.wikimg.net/en/zeldawiki/images/thumb/f/fc/TotK_Fire_Like_Stone_Model.png/312px-TotK_Fire_Like_Stone_Model.png

=== Shock Like Stone ===
[INFO] URL: https://zeldawiki.wiki/wiki/Shock_Like_Stone
[OK] Found in Model → TotK
[OK] Downloaded //cdn.wikimg.net/en/zeldawiki/images/thumb/0/0c/TotK_Shock_Like_Stone_Model.png/313px-TotK_Shock_Like_Stone_Model.png

=== Ice Like Stone ===
[INFO] URL: https://zeldawiki.wiki/wiki/Ice_Like_Stone
[OK] Found in Model → TotK
[OK] Downloaded //cdn.wikimg.net/en/zeldawiki/images/thumb/5/58/TotK_Ice_Like_Stone_Model.png/311px-TotK_Ice_Like_Stone_Model.png

=== Frox Fang ===
[INFO] URL: https://zeldawiki.wiki/wiki/Frox_Fang
[OK] Found via brute fallback
[OK] Downloaded //cdn.wikimg.net/en/zeldawiki/images/thumb/b/b4/TotK_Blue-White_Frox_Fang_Model.png/64px-TotK_Blue-White_Frox_Fang_Model.png

=== Obsidian Frox Fang ===
[INFO] URL: https://zeldawiki.wiki/wiki/Obsidian_Frox_Fang
[OK] Found in Model → TotK
[OK] Downloaded //cdn.wikimg.net/en/zeldawiki/images/thumb/2/2d/TotK_Obsidian_Frox_Fang_Model.png/292px-TotK_Obsidian_Frox_Fang_Model.png

=== Blue-White Frox Fang ===
[INFO] URL: https://zeldawiki.wiki/wiki/Blue-White_Frox_Fang
[OK] Found in Model → TotK
[OK] Downloaded //cdn.wikimg.net/en/zeldawiki/images/thumb/b/b4/TotK_Blue-White_Frox_Fang_Model.png/320px-TotK_Blue-White_Frox_Fang_Model.png

=== Frox Fingernail ===
[INFO] URL: https://zeldawiki.wiki/wiki/Frox_Fingernail
[NOT FOUND] No image found

=== Keese Eyeball ===
[INFO] URL: https://zeldawiki.wiki/wiki/Keese_Eyeball
[OK] Found in Model → TotK
[OK] Downloaded //cdn.wikimg.net/en/zeldawiki/images/7/7c/No_Image_Upload.png

=== Frox Guts ===
[INFO] URL: https://zeldawiki.wiki/wiki/Frox_Guts
[OK] Found in Model → TotK
[OK] Downloaded //cdn.wikimg.net/en/zeldawiki/images/thumb/8/8e/TotK_Frox_Guts_Model.png/291px-TotK_Frox_Guts_Model.png

=== Captain Construct II Horn ===
[INFO] URL: https://zeldawiki.wiki/wiki/Captain_Construct_II_Horn
[NOT FOUND] No image found

=== Captain Construct III Horn ===
[INFO] URL: https://zeldawiki.wiki/wiki/Captain_Construct_III_Horn
[NOT FOUND] No image found

=== Captain Construct IV Horn ===
[INFO] URL: https://zeldawiki.wiki/wiki/Captain_Construct_IV_Horn
[OK] Found in Model → TotK
[OK] Downloaded //cdn.wikimg.net/en/zeldawiki/images/thumb/6/60/TotK_Captain_Construct_IV_Horn_Model.png/266px-TotK_Captain_Construct_IV_Horn_Model.png

=== Octorok Tentacle ===
[INFO] URL: https://zeldawiki.wiki/wiki/Octorok_Tentacle
[OK] Found in Model → TotK
[OK] Downloaded //cdn.wikimg.net/en/zeldawiki/images/4/49/BotW_Octorok_Tentacle_Model.png

=== Stalnox Horn ===
[INFO] URL: https://zeldawiki.wiki/wiki/Stalnox_Horn
[OK] Found in Model → TotK
[OK] Downloaded //cdn.wikimg.net/en/zeldawiki/images/thumb/c/c5/TotK_Stalnox_Horn_Model.png/298px-TotK_Stalnox_Horn_Model.png

=== Octorok Eyeball ===
[INFO] URL: https://zeldawiki.wiki/wiki/Octorok_Eyeball
[OK] Found in Model → TotK
[OK] Downloaded //cdn.wikimg.net/en/zeldawiki/images/7/7c/No_Image_Upload.png

=== Molduga Jaw ===
[INFO] URL: https://zeldawiki.wiki/wiki/Molduga_Jaw
[OK] Found in Model → TotK
[OK] Downloaded //cdn.wikimg.net/en/zeldawiki/images/thumb/e/e0/TotK_Molduga_Jaw_Model.png/260px-TotK_Molduga_Jaw_Model.png

=== Dinraal's Horn ===
[INFO] URL: https://zeldawiki.wiki/wiki/Dinraal's_Horn
[OK] Found in Model → TotK
[OK] Downloaded //cdn.wikimg.net/en/zeldawiki/images/thumb/0/05/TotK_Dinraal%27s_Horn_Model.png/251px-TotK_Dinraal%27s_Horn_Model.png

=== Naydra's Horn ===
[INFO] URL: https://zeldawiki.wiki/wiki/Naydra's_Horn
[OK] Found in Model → TotK
[OK] Downloaded //cdn.wikimg.net/en/zeldawiki/images/thumb/6/6a/TotK_Naydra%27s_Horn_Model.png/235px-TotK_Naydra%27s_Horn_Model.png

=== Farosh's Horn ===
[INFO] URL: https://zeldawiki.wiki/wiki/Farosh's_Horn
[OK] Found in Model → TotK
[OK] Downloaded //cdn.wikimg.net/en/zeldawiki/images/thumb/5/53/TotK_Farosh%27s_Horn_Model.png/244px-TotK_Farosh%27s_Horn_Model.png

=== Light Dragon's Horn ===
[INFO] URL: https://zeldawiki.wiki/wiki/Light_Dragon's_Horn
[OK] Found in Model → TotK
[OK] Downloaded //cdn.wikimg.net/en/zeldawiki/images/thumb/3/31/TotK_Light_Dragon%27s_Horn_Model.png/236px-TotK_Light_Dragon%27s_Horn_Model.png

=== Lynel Mace Horn ===
[INFO] URL: https://zeldawiki.wiki/wiki/Lynel_Mace_Horn
[OK] Found in Model → TotK
[OK] Downloaded //cdn.wikimg.net/en/zeldawiki/images/thumb/e/e6/TotK_Lynel_Mace_Horn_Model.png/294px-TotK_Lynel_Mace_Horn_Model.png

=== Blue-Maned Lynel Mace Horn ===
[INFO] URL: https://zeldawiki.wiki/wiki/Blue-Maned_Lynel_Mace_Horn
[OK] Found in Model → TotK
[OK] Downloaded //cdn.wikimg.net/en/zeldawiki/images/thumb/f/fa/TotK_Blue-Maned_Lynel_Mace_Horn_Model.png/308px-TotK_Blue-Maned_Lynel_Mace_Horn_Model.png

=== White-Maned Lynel Mace Horn ===
[INFO] URL: https://zeldawiki.wiki/wiki/White-Maned_Lynel_Mace_Horn
[OK] Found in Model → TotK
[OK] Downloaded //cdn.wikimg.net/en/zeldawiki/images/thumb/7/7b/TotK_White-Maned_Lynel_Mace_Horn_Model.png/320px-TotK_White-Maned_Lynel_Mace_Horn_Model.png

=== Silver Lynel Mace Horn ===
[INFO] URL: https://zeldawiki.wiki/wiki/Silver_Lynel_Mace_Horn
[NOT FOUND] No image found

=== Shard of Dinraal's Spike ===
[INFO] URL: https://zeldawiki.wiki/wiki/Shard_of_Dinraal's_Spike
[OK] Found in Model → TotK
[OK] Downloaded //cdn.wikimg.net/en/zeldawiki/images/thumb/0/06/TotK_Shard_of_Dinraal%27s_Spike_Model.png/274px-TotK_Shard_of_Dinraal%27s_Spike_Model.png

=== Shard of Naydra's Spike ===
[INFO] URL: https://zeldawiki.wiki/wiki/Shard_of_Naydra's_Spike
[OK] Found in Model → TotK
[OK] Downloaded //cdn.wikimg.net/en/zeldawiki/images/thumb/6/67/TotK_Shard_of_Naydra%27s_Spike_Model.png/256px-TotK_Shard_of_Naydra%27s_Spike_Model.png

=== Shard of Farosh's Spike ===
[INFO] URL: https://zeldawiki.wiki/wiki/Shard_of_Farosh's_Spike
[OK] Found in Model → TotK
[OK] Downloaded //cdn.wikimg.net/en/zeldawiki/images/thumb/7/7b/TotK_Shard_of_Farosh%27s_Spike_Model.png/259px-TotK_Shard_of_Farosh%27s_Spike_Model.png

=== Shard of Light Dragon's Spike ===
[INFO] URL: https://zeldawiki.wiki/wiki/Shard_of_Light_Dragon's_Spike
[OK] Found in Model → TotK
[OK] Downloaded //cdn.wikimg.net/en/zeldawiki/images/thumb/9/95/TotK_Shard_of_Light_Dragon%27s_Spike_Model.png/242px-TotK_Shard_of_Light_Dragon%27s_Spike_Model.png

=== Molduga Fin ===
[INFO] URL: https://zeldawiki.wiki/wiki/Molduga_Fin
[OK] Found in Model → TotK
[OK] Downloaded //cdn.wikimg.net/en/zeldawiki/images/7/7c/No_Image_Upload.png

=== Molduga Guts ===
[INFO] URL: https://zeldawiki.wiki/wiki/Molduga_Guts
[OK] Found in Model → TotK
[OK] Downloaded //cdn.wikimg.net/en/zeldawiki/images/7/7c/No_Image_Upload.png

=== Hinox Toenail ===
[INFO] URL: https://zeldawiki.wiki/wiki/Hinox_Toenail
[OK] Found in Model → TotK
[OK] Downloaded //cdn.wikimg.net/en/zeldawiki/images/b/b9/BotW_Hinox_Toenail_Model.png

=== Hinox Tooth ===
[INFO] URL: https://zeldawiki.wiki/wiki/Hinox_Tooth
[OK] Found in Model → TotK
[OK] Downloaded //cdn.wikimg.net/en/zeldawiki/images/b/b4/BotW_Hinox_Tooth_Model.png

=== Hinox Guts ===
[INFO] URL: https://zeldawiki.wiki/wiki/Hinox_Guts
[OK] Found in Model → TotK
[OK] Downloaded //cdn.wikimg.net/en/zeldawiki/images/b/b3/BotW_Hinox_Guts_Model.png

=== Dinraal's Scale ===
[INFO] URL: https://zeldawiki.wiki/wiki/Dinraal's_Scale
[OK] Found in Model → TotK
[OK] Downloaded //cdn.wikimg.net/en/zeldawiki/images/f/f4/BotW_Dinraal%27s_Scale_Model.png

=== Dinraal's Claw ===
[INFO] URL: https://zeldawiki.wiki/wiki/Dinraal's_Claw
[OK] Found in Model → TotK
[OK] Downloaded //cdn.wikimg.net/en/zeldawiki/images/5/5e/BotW_Dinraal%27s_Claw_Model.png

=== Chuchu Jelly ===
[INFO] URL: https://zeldawiki.wiki/wiki/Chuchu_Jelly
[OK] Found in Model → TotK
[OK] Downloaded //cdn.wikimg.net/en/zeldawiki/images/thumb/9/9e/TWWHD_Blue_Chu_Jelly_Artwork.png/208px-TWWHD_Blue_Chu_Jelly_Artwork.png

=== Fire-Breath Lizalfos Tail ===
[INFO] URL: https://zeldawiki.wiki/wiki/Fire-Breath_Lizalfos_Tail
[OK] Found in Model → TotK
[OK] Downloaded //cdn.wikimg.net/en/zeldawiki/images/7/7c/No_Image_Upload.png

=== Ice-Breath Lizalfos Tail ===
[INFO] URL: https://zeldawiki.wiki/wiki/Ice-Breath_Lizalfos_Tail
[OK] Found in Model → TotK
[OK] Downloaded //cdn.wikimg.net/en/zeldawiki/images/7/7c/No_Image_Upload.png

=== Electric Lizalfos Tail ===
[INFO] URL: https://zeldawiki.wiki/wiki/Electric_Lizalfos_Tail
[OK] Found in Model → TotK
[OK] Downloaded //cdn.wikimg.net/en/zeldawiki/images/7/7c/No_Image_Upload.png

=== Fire Keese Wing ===
[INFO] URL: https://zeldawiki.wiki/wiki/Fire_Keese_Wing
[OK] Found in Model → TotK
[OK] Downloaded //cdn.wikimg.net/en/zeldawiki/images/7/7c/No_Image_Upload.png

=== Electric Keese Wing ===
[INFO] URL: https://zeldawiki.wiki/wiki/Electric_Keese_Wing
[OK] Found in Model → TotK
[OK] Downloaded //cdn.wikimg.net/en/zeldawiki/images/thumb/8/84/BotW_Electric_Keese_Wing_Model.png/263px-BotW_Electric_Keese_Wing_Model.png

=== Ice Keese Wing ===
[INFO] URL: https://zeldawiki.wiki/wiki/Ice_Keese_Wing
[OK] Found in Model → TotK
[OK] Downloaded //cdn.wikimg.net/en/zeldawiki/images/7/7c/No_Image_Upload.png

=== Shard of Dinraal's Fang ===
[INFO] URL: https://zeldawiki.wiki/wiki/Shard_of_Dinraal's_Fang
[OK] Found in Model → TotK
[OK] Downloaded //cdn.wikimg.net/en/zeldawiki/images/7/79/BotW_Shard_of_Dinraal%27s_Fang_Model.png

=== Naydra's Scale ===
[INFO] URL: https://zeldawiki.wiki/wiki/Naydra's_Scale
[OK] Found in Model → TotK
[OK] Downloaded //cdn.wikimg.net/en/zeldawiki/images/0/0e/BotW_Naydra%27s_Scale_Model.png

=== Naydra's Claw ===
[INFO] URL: https://zeldawiki.wiki/wiki/Naydra's_Claw
[OK] Found in Model → TotK
[OK] Downloaded //cdn.wikimg.net/en/zeldawiki/images/1/10/BotW_Naydra%27s_Claw_Model.png

=== Shard of Naydra's Fang ===
[INFO] URL: https://zeldawiki.wiki/wiki/Shard_of_Naydra's_Fang
[OK] Found in Model → TotK
[OK] Downloaded //cdn.wikimg.net/en/zeldawiki/images/4/47/BotW_Shard_of_Naydra%27s_Fang_Model.png

=== Farosh's Scale ===
[INFO] URL: https://zeldawiki.wiki/wiki/Farosh's_Scale
[OK] Found in Model → TotK
[OK] Downloaded //cdn.wikimg.net/en/zeldawiki/images/b/b8/BotW_Farosh%27s_Scale_Model.png

=== Farosh's Claw ===
[INFO] URL: https://zeldawiki.wiki/wiki/Farosh's_Claw
[OK] Found in Model → TotK
[OK] Downloaded //cdn.wikimg.net/en/zeldawiki/images/6/6d/BotW_Farosh%27s_Claw_Model.png

=== Shard of Farosh's Fang ===
[INFO] URL: https://zeldawiki.wiki/wiki/Shard_of_Farosh's_Fang
[OK] Found in Model → TotK
[OK] Downloaded //cdn.wikimg.net/en/zeldawiki/images/2/2a/BotW_Shard_of_Farosh%27s_Fang_Model.png

=== Octo_balloon ===
[INFO] URL: https://zeldawiki.wiki/wiki/Octo_balloon
[NOT FOUND] No image found

=== Fire-Breath Lizalfos Horn ===
[INFO] URL: https://zeldawiki.wiki/wiki/Fire-Breath_Lizalfos_Horn
[OK] Found in Model → TotK
[OK] Downloaded //cdn.wikimg.net/en/zeldawiki/images/thumb/9/95/TotK_Fire-Breath_Lizalfos_Horn_Model.png/312px-TotK_Fire-Breath_Lizalfos_Horn_Model.png

=== Ice-Breath Lizalfos Horn ===
[INFO] URL: https://zeldawiki.wiki/wiki/Ice-Breath_Lizalfos_Horn
[OK] Found in Model → TotK
[OK] Downloaded //cdn.wikimg.net/en/zeldawiki/images/thumb/2/21/TotK_Ice-Breath_Lizalfos_Horn_Model.png/283px-TotK_Ice-Breath_Lizalfos_Horn_Model.png

=== Electric Lizalfos Horn ===
[INFO] URL: https://zeldawiki.wiki/wiki/Electric_Lizalfos_Horn
[OK] Found in Model → TotK
[OK] Downloaded //cdn.wikimg.net/en/zeldawiki/images/thumb/5/5a/TotK_Electric_Lizalfos_Horn_Model.png/245px-TotK_Electric_Lizalfos_Horn_Model.png

=== Boss Bokoblin Horn ===
[INFO] URL: https://zeldawiki.wiki/wiki/Boss_Bokoblin_Horn
[OK] Found in Model → TotK
[OK] Downloaded //cdn.wikimg.net/en/zeldawiki/images/thumb/7/7d/TotK_Boss_Bokoblin_Horn_Model.png/320px-TotK_Boss_Bokoblin_Horn_Model.png

=== Aerocuda Eyeball ===
[INFO] URL: https://zeldawiki.wiki/wiki/Aerocuda_Eyeball
[OK] Found in Model → TotK
[OK] Downloaded //cdn.wikimg.net/en/zeldawiki/images/thumb/8/88/TotK_Aerocuda_Eyeball_Model.png/320px-TotK_Aerocuda_Eyeball_Model.png

=== Captain Construct I Horn ===
[INFO] URL: https://zeldawiki.wiki/wiki/Captain_Construct_I_Horn
[NOT FOUND] No image found

=== Gibdo_bone ===
[INFO] URL: https://zeldawiki.wiki/wiki/Gibdo_bone
[NOT FOUND] No image found

=== Bokoblin Horn ===
[INFO] URL: https://zeldawiki.wiki/wiki/Bokoblin_Horn
[NOT FOUND] No image found

=== Blue Bokoblin Horn ===
[INFO] URL: https://zeldawiki.wiki/wiki/Blue_Bokoblin_Horn
[NOT FOUND] No image found

=== Black Bokoblin Horn ===
[INFO] URL: https://zeldawiki.wiki/wiki/Black_Bokoblin_Horn
[OK] Found in Model → TotK
[OK] Downloaded //cdn.wikimg.net/en/zeldawiki/images/thumb/c/c2/TotK_Black_Bokoblin_Horn_Model.png/320px-TotK_Black_Bokoblin_Horn_Model.png

=== Silver Bokoblin Horn ===
[INFO] URL: https://zeldawiki.wiki/wiki/Silver_Bokoblin_Horn
[OK] Found in Model → TotK
[OK] Downloaded //cdn.wikimg.net/en/zeldawiki/images/thumb/3/38/TotK_Silver_Bokoblin_Horn_Model.png/320px-TotK_Silver_Bokoblin_Horn_Model.png

=== Moblin Horn ===
[INFO] URL: https://zeldawiki.wiki/wiki/Moblin_Horn
[OK] Found in Model → TotK
[OK] Downloaded //cdn.wikimg.net/en/zeldawiki/images/thumb/f/fb/BotW_Moblin_Horn_Model.png/320px-BotW_Moblin_Horn_Model.png

=== Blue Moblin Horn ===
[INFO] URL: https://zeldawiki.wiki/wiki/Blue_Moblin_Horn
[OK] Found in Model → TotK
[OK] Downloaded //cdn.wikimg.net/en/zeldawiki/images/thumb/b/b1/TotK_Blue_Moblin_Horn_Model.png/307px-TotK_Blue_Moblin_Horn_Model.png

=== Black Moblin Horn ===
[INFO] URL: https://zeldawiki.wiki/wiki/Black_Moblin_Horn
[OK] Found in Model → TotK
[OK] Downloaded //cdn.wikimg.net/en/zeldawiki/images/thumb/7/76/TotK_Black_Moblin_Horn_Model.png/312px-TotK_Black_Moblin_Horn_Model.png

=== Silver Moblin Horn ===
[INFO] URL: https://zeldawiki.wiki/wiki/Silver_Moblin_Horn
[OK] Found in Model → TotK
[OK] Downloaded //cdn.wikimg.net/en/zeldawiki/images/thumb/9/9f/TotK_Silver_Moblin_Horn_Model.png/320px-TotK_Silver_Moblin_Horn_Model.png

=== Hyrule Bass ===
[INFO] URL: https://zeldawiki.wiki/wiki/Hyrule_Bass
[NOT FOUND] No image found

=== Ancient Arowana ===
[INFO] URL: https://zeldawiki.wiki/wiki/Ancient_Arowana
[NOT FOUND] No image found

=== Glowing Cave Fish ===
[INFO] URL: https://zeldawiki.wiki/wiki/Glowing_Cave_Fish
[NOT FOUND] No image found

=== Hearty Bass ===
[INFO] URL: https://zeldawiki.wiki/wiki/Hearty_Bass
[NOT FOUND] No image found

=== Chillfin Trout ===
[INFO] URL: https://zeldawiki.wiki/wiki/Chillfin_Trout
[OK] Found in Model → TotK
[OK] Downloaded //cdn.wikimg.net/en/zeldawiki/images/4/4e/BotW_Chillfin_Trout_Model.png

=== Voltfin Trout ===
[INFO] URL: https://zeldawiki.wiki/wiki/Voltfin_Trout
[OK] Found in Model → TotK
[OK] Downloaded //cdn.wikimg.net/en/zeldawiki/images/d/d7/BotW_Voltfin_Trout_Model.png

=== Mighty Carp ===
[INFO] URL: https://zeldawiki.wiki/wiki/Mighty_Carp
[OK] Found in Model → TotK
[OK] Downloaded //cdn.wikimg.net/en/zeldawiki/images/5/5b/BotW_Mighty_Carp_Model.png

=== Mighty Porgy ===
[INFO] URL: https://zeldawiki.wiki/wiki/Mighty_Porgy
[OK] Found in Model → TotK
[OK] Downloaded //cdn.wikimg.net/en/zeldawiki/images/3/39/BotW_Mighty_Porgy_Model.png

=== Armored Porgy ===
[INFO] URL: https://zeldawiki.wiki/wiki/Armored_Porgy
[OK] Found in Model → TotK
[OK] Downloaded //cdn.wikimg.net/en/zeldawiki/images/2/26/BotW_Armored_Porgy_Model.png

=== Armored Carp ===
[INFO] URL: https://zeldawiki.wiki/wiki/Armored_Carp
[OK] Found in Model → TotK
[OK] Downloaded //cdn.wikimg.net/en/zeldawiki/images/c/cc/BotW_Armored_Carp_Model.png

=== Hearty Salmon ===
[INFO] URL: https://zeldawiki.wiki/wiki/Hearty_Salmon
[NOT FOUND] No image found

=== Sizzlefin Trout ===
[INFO] URL: https://zeldawiki.wiki/wiki/Sizzlefin_Trout
[OK] Found in Model → TotK
[OK] Downloaded //cdn.wikimg.net/en/zeldawiki/images/6/64/BotW_Sizzlefin_Trout_Model.png

=== Staminoka Bass ===
[INFO] URL: https://zeldawiki.wiki/wiki/Staminoka_Bass
[NOT FOUND] No image found

=== Sneaky River Snail ===
[INFO] URL: https://zeldawiki.wiki/wiki/Sneaky_River_Snail
[NOT FOUND] No image found

=== Stealthfin Trout ===
[INFO] URL: https://zeldawiki.wiki/wiki/Stealthfin_Trout
[NOT FOUND] No image found

=== Sanke Carp ===
[INFO] URL: https://zeldawiki.wiki/wiki/Sanke_Carp
[NOT FOUND] No image found

=== Apple ===
[INFO] URL: https://zeldawiki.wiki/wiki/Apple
[OK] Found via brute fallback
[OK] Downloaded //cdn.wikimg.net/en/zeldawiki/images/thumb/d/dd/BotW_Baked_Apple_Model.png/48px-BotW_Baked_Apple_Model.png

=== Wildberry ===
[INFO] URL: https://zeldawiki.wiki/wiki/Wildberry
