
=== Bubbul Gem ===
[INFO] URL: https://zeldawiki.wiki/wiki/Bubbul_Gem
[ACTION] Clicked Sprite (JS)
[ACTION] Clicked TotK (JS)
[INFO] TotK not found, trying BotW
[INFO] Trying fallback: any image containing item name
[NOT FOUND] No sprite found

=== Crystallized Charge ===
[INFO] URL: https://zeldawiki.wiki/wiki/Crystallized_Charge
[ACTION] Clicked Sprite (JS)
[ACTION] Clicked TotK (JS)
[INFO] TotK not found, trying BotW
[INFO] Trying fallback: any image containing item name
[OK] Downloaded //cdn.wikimg.net/en/zeldawiki/images/thumb/1/14/TotK_Huge_Crystallized_Charge_Model.png/49px-TotK_Huge_Crystallized_Charge_Model.png

=== Large Crystallized Charge ===
[INFO] URL: https://zeldawiki.wiki/wiki/Large_Crystallized_Charge
[ACTION] Clicked Sprite (JS)
[ACTION] Clicked TotK (JS)
[INFO] TotK not found, trying BotW
[INFO] Trying fallback: any image containing item name
[NOT FOUND] No sprite found

=== Huge Crystallized Charge ===
[INFO] URL: https://zeldawiki.wiki/wiki/Huge_Crystallized_Charge
[ACTION] Clicked Sprite (JS)
[ACTION] Clicked TotK (JS)
[INFO] TotK not found, trying BotW
[INFO] Trying fallback: any image containing item name
[NOT FOUND] No sprite found

=== Traveler's Bridle ===
[INFO] URL: https://zeldawiki.wiki/wiki/Traveler's_Bridle
[ACTION] Clicked Sprite (JS)
[ACTION] Clicked TotK (JS)
[OK] Downloaded //cdn.wikimg.net/en/zeldawiki/images/5/52/TotK_Traveler%27s_Bridle_Icon.png

=== Royal Bridle ===
[INFO] URL: https://zeldawiki.wiki/wiki/Royal_Bridle
[ACTION] Clicked Sprite (JS)
[ACTION] Clicked TotK (JS)
[OK] Downloaded //cdn.wikimg.net/en/zeldawiki/images/8/82/TotK_Royal_Bridle_Icon.png

=== Knight's Bridle ===
[INFO] URL: https://zeldawiki.wiki/wiki/Knight's_Bridle
[ACTION] Clicked Sprite (JS)
[ACTION] Clicked TotK (JS)
[OK] Downloaded //cdn.wikimg.net/en/zeldawiki/images/5/51/TotK_Knight%27s_Bridle_Icon.png

=== Monster Bridle ===
[INFO] URL: https://zeldawiki.wiki/wiki/Monster_Bridle
[ACTION] Clicked Sprite (JS)
[ACTION] Clicked TotK (JS)
[OK] Downloaded //cdn.wikimg.net/en/zeldawiki/images/7/7e/TotK_Monster_Bridle_Icon.png

=== Extravagant Bridle ===
[INFO] URL: https://zeldawiki.wiki/wiki/Extravagant_Bridle
[ACTION] Clicked Sprite (JS)
[ACTION] Clicked TotK (JS)
[OK] Downloaded //cdn.wikimg.net/en/zeldawiki/images/0/0e/TotK_Extravagant_Bridle_Icon.png

=== Traveler's Saddle ===
[INFO] URL: https://zeldawiki.wiki/wiki/Traveler's_Saddle
[ACTION] Clicked Sprite (JS)
[ACTION] Clicked TotK (JS)
[OK] Downloaded //cdn.wikimg.net/en/zeldawiki/images/2/25/TotK_Traveler%27s_Saddle_Icon.png

=== Royal Saddle ===
[INFO] URL: https://zeldawiki.wiki/wiki/Royal_Saddle
[ACTION] Clicked Sprite (JS)
[ACTION] Clicked TotK (JS)
[OK] Downloaded //cdn.wikimg.net/en/zeldawiki/images/4/49/TotK_Royal_Saddle_Icon.png

=== Knight's Saddle ===
[INFO] URL: https://zeldawiki.wiki/wiki/Knight's_Saddle
[ACTION] Clicked Sprite (JS)
[ACTION] Clicked TotK (JS)
[OK] Downloaded //cdn.wikimg.net/en/zeldawiki/images/9/9c/TotK_Knight%27s_Saddle_Icon.png

=== Monster Saddle ===
[INFO] URL: https://zeldawiki.wiki/wiki/Monster_Saddle
[ACTION] Clicked Sprite (JS)
[ACTION] Clicked TotK (JS)
[OK] Downloaded //cdn.wikimg.net/en/zeldawiki/images/0/0f/TotK_Monster_Saddle_Icon.png

=== Extravagant Saddle ===
[INFO] URL: https://zeldawiki.wiki/wiki/Extravagant_Saddle
[ACTION] Clicked Sprite (JS)
[ACTION] Clicked TotK (JS)
[OK] Downloaded //cdn.wikimg.net/en/zeldawiki/images/5/5e/TotK_Extravagant_Saddle_Icon.png

=== Towing Harness ===
[INFO] URL: https://zeldawiki.wiki/wiki/Towing_Harness
[ACTION] Clicked Sprite (JS)
[ACTION] Clicked TotK (JS)
[OK] Downloaded //cdn.wikimg.net/en/zeldawiki/images/d/d1/TotK_Towing_Harness_Icon.png

=== Sleepover Ticket ===
[INFO] URL: https://zeldawiki.wiki/wiki/Sleepover_Ticket
[ACTION] Clicked Sprite (JS)
[ACTION] Clicked TotK (JS)
[INFO] TotK not found, trying BotW
[INFO] Trying fallback: any image containing item name
[NOT FOUND] No sprite found

=== Small Key ===
[INFO] URL: https://zeldawiki.wiki/wiki/Small_Key
[ACTION] Clicked Sprite (JS)
[ACTION] Clicked TotK (JS)
[OK] Downloaded //cdn.wikimg.net/en/zeldawiki/images/6/62/TotK_Small_Key_Icon.png

=== Poe ===
[INFO] URL: https://zeldawiki.wiki/wiki/Poe
[ACTION] Clicked Sprite (JS)
[ACTION] Clicked TotK (JS)
[OK] Downloaded //cdn.wikimg.net/en/zeldawiki/images/6/6d/EoW_Poe_Icon.png

=== Large Poe ===
[INFO] URL: https://zeldawiki.wiki/wiki/Large_Poe
[ACTION] Clicked Sprite (JS)
[ACTION] Clicked TotK (JS)
[INFO] TotK not found, trying BotW
[INFO] Trying fallback: any image containing item name
[NOT FOUND] No sprite found

=== Grand Poe ===
[INFO] URL: https://zeldawiki.wiki/wiki/Grand_Poe
[ACTION] Clicked Sprite (JS)
[ACTION] Clicked TotK (JS)
[INFO] TotK not found, trying BotW
[INFO] Trying fallback: any image containing item name
[NOT FOUND] No sprite found

=== Yiga Schematic ===
[INFO] URL: https://zeldawiki.wiki/wiki/Yiga_Schematic
[ACTION] Clicked Sprite (JS)
[ACTION] Clicked TotK (JS)
[INFO] TotK not found, trying BotW
[INFO] Trying fallback: any image containing item name
[NOT FOUND] No sprite found

=== Schema Stone ===
[INFO] URL: https://zeldawiki.wiki/wiki/Schema_Stone
[ACTION] Clicked Sprite (JS)
[ACTION] Clicked TotK (JS)
[INFO] TotK not found, trying BotW
[INFO] Trying fallback: any image containing item name
[NOT FOUND] No sprite found

=== Camera ===
[INFO] URL: https://zeldawiki.wiki/wiki/Camera
[ACTION] Clicked Sprite (JS)
[ACTION] Clicked TotK (JS)
[OK] Downloaded //cdn.wikimg.net/en/zeldawiki/images/e/ec/TFH_Camera_Icon.png

=== All's Well ===
[INFO] URL: https://zeldawiki.wiki/wiki/All's_Well
[ACTION] Clicked Sprite (JS)
[ACTION] Clicked TotK (JS)
[INFO] TotK not found, trying BotW
[INFO] Trying fallback: any image containing item name
[NOT FOUND] No sprite found

=== Dispelling Darkness Medal ===
[INFO] URL: https://zeldawiki.wiki/wiki/Dispelling_Darkness_Medal
[ACTION] Clicked Sprite (JS)
[ACTION] Clicked TotK (JS)
[INFO] TotK not found, trying BotW
[INFO] Trying fallback: any image containing item name
[NOT FOUND] No sprite found

=== Purah Pad ===
[INFO] URL: https://zeldawiki.wiki/wiki/Purah_Pad
[ACTION] Clicked Sprite (JS)
[ACTION] Clicked TotK (JS)
[INFO] TotK not found, trying BotW
[INFO] Trying fallback: any image containing item name
[NOT FOUND] No sprite found

=== Stone Talus Monster Medal ===
[INFO] URL: https://zeldawiki.wiki/wiki/Stone_Talus_Monster_Medal
[ACTION] Clicked Sprite (JS)
[ACTION] Clicked TotK (JS)
[INFO] TotK not found, trying BotW
[INFO] Trying fallback: any image containing item name
[NOT FOUND] No sprite found

=== Hinox Monster Medal ===
[INFO] URL: https://zeldawiki.wiki/wiki/Hinox_Monster_Medal
[ACTION] Clicked Sprite (JS)
[ACTION] Clicked TotK (JS)
[INFO] TotK not found, trying BotW
[INFO] Trying fallback: any image containing item name
[NOT FOUND] No sprite found

=== Molduga Monster Medal ===
[INFO] URL: https://zeldawiki.wiki/wiki/Molduga_Monster_Medal
[ACTION] Clicked Sprite (JS)
[ACTION] Clicked TotK (JS)
[INFO] TotK not found, trying BotW
[INFO] Trying fallback: any image containing item name
[NOT FOUND] No sprite found

=== Frox Monster Medal ===
[INFO] URL: https://zeldawiki.wiki/wiki/Frox_Monster_Medal
[ACTION] Clicked Sprite (JS)
[ACTION] Clicked TotK (JS)
[INFO] TotK not found, trying BotW
[INFO] Trying fallback: any image containing item name
[NOT FOUND] No sprite found

=== Flux Construct Monster Medal ===
[INFO] URL: https://zeldawiki.wiki/wiki/Flux_Construct_Monster_Medal
[ACTION] Clicked Sprite (JS)
[ACTION] Clicked TotK (JS)
[INFO] TotK not found, trying BotW
[INFO] Trying fallback: any image containing item name
[NOT FOUND] No sprite found

=== Gleeok Monster Medal ===
[INFO] URL: https://zeldawiki.wiki/wiki/Gleeok_Monster_Medal
[ACTION] Clicked Sprite (JS)
[ACTION] Clicked TotK (JS)
[INFO] TotK not found, trying BotW
[INFO] Trying fallback: any image containing item name
[NOT FOUND] No sprite found

=== Light of Blessing ===
[INFO] URL: https://zeldawiki.wiki/wiki/Light_of_Blessing
[ACTION] Clicked Sprite (JS)
[ACTION] Clicked TotK (JS)
[INFO] TotK not found, trying BotW
[INFO] Trying fallback: any image containing item name
[NOT FOUND] No sprite found

=== Energy Well ===
[INFO] URL: https://zeldawiki.wiki/wiki/Energy_Well
[ACTION] Clicked Sprite (JS)
[ACTION] Clicked TotK (JS)
[OK] Downloaded //cdn.wikimg.net/en/zeldawiki/images/a/a6/TotK_Energy_Well_Icon.png

=== Heart Container ===
[INFO] URL: https://zeldawiki.wiki/wiki/Heart_Container
[ACTION] Clicked Sprite (JS)
[ACTION] Clicked TotK (JS)
[INFO] TotK not found, trying BotW
[INFO] Trying fallback: any image containing item name
[NOT FOUND] No sprite found

=== Earthwake Manual ===
[INFO] URL: https://zeldawiki.wiki/wiki/Earthwake_Manual
[ACTION] Clicked Sprite (JS)
[ACTION] Clicked TotK (JS)
[OK] Downloaded //cdn.wikimg.net/en/zeldawiki/images/0/00/TotK_Earthwake_Manual_Icon.png

=== Korok Seed ===
[INFO] URL: https://zeldawiki.wiki/wiki/Korok_Seed
[ACTION] Clicked Sprite (JS)
[ACTION] Clicked TotK (JS)
[INFO] TotK not found, trying BotW
[INFO] Trying fallback: any image containing item name
[NOT FOUND] No sprite found

=== Fauna Picture ===
[INFO] URL: https://zeldawiki.wiki/wiki/Fauna_Picture
[ACTION] Clicked Sprite (JS)
[ACTION] Clicked TotK (JS)
[OK] Downloaded //cdn.wikimg.net/en/zeldawiki/images/9/94/BotW_Fauna_Picture_Icon.png

=== Elite Enemy Picture ===
[INFO] URL: https://zeldawiki.wiki/wiki/Elite_Enemy_Picture
[ACTION] Clicked Sprite (JS)
[ACTION] Clicked TotK (JS)
[OK] Downloaded //cdn.wikimg.net/en/zeldawiki/images/1/1d/BotW_Elite_Enemy_Picture_Icon.png

=== Enemy Picture ===
[INFO] URL: https://zeldawiki.wiki/wiki/Enemy_Picture
[ACTION] Clicked Sprite (JS)
[ACTION] Clicked TotK (JS)
[OK] Downloaded //cdn.wikimg.net/en/zeldawiki/images/8/89/BotW_Enemy_Picture_Icon.png

=== Material Picture ===
[INFO] URL: https://zeldawiki.wiki/wiki/Material_Picture
[ACTION] Clicked Sprite (JS)
[ACTION] Clicked TotK (JS)
[OK] Downloaded //cdn.wikimg.net/en/zeldawiki/images/c/c5/BotW_Material_Picture_Icon.png

=== Other Picture ===
[INFO] URL: https://zeldawiki.wiki/wiki/Other_Picture
[ACTION] Clicked Sprite (JS)
[ACTION] Clicked TotK (JS)
[OK] Downloaded //cdn.wikimg.net/en/zeldawiki/images/7/72/BotW_Other_Picture_Icon.png

=== Weapon Picture ===
[INFO] URL: https://zeldawiki.wiki/wiki/Weapon_Picture
[ACTION] Clicked Sprite (JS)
[ACTION] Clicked TotK (JS)
[OK] Downloaded //cdn.wikimg.net/en/zeldawiki/images/7/7e/BotW_Weapon_Picture_Icon.png

=== Hestu's Gift ===
[INFO] URL: https://zeldawiki.wiki/wiki/Hestu's_Gift
[ACTION] Clicked Sprite (JS)
[ACTION] Clicked TotK (JS)
[OK] Downloaded //cdn.wikimg.net/en/zeldawiki/images/f/f5/BotW_Hestu%27s_Gift_Icon.png

=== Solemn Vow of Riju, Sage of Lightning ===
[INFO] URL: https://zeldawiki.wiki/wiki/Solemn_Vow_of_Riju,_Sage_of_Lightning
[ACTION] Clicked Sprite (JS)
[ACTION] Clicked TotK (JS)
[OK] Downloaded //cdn.wikimg.net/en/zeldawiki/images/4/40/TotK_Solemn_Vow_of_Riju%2C_Sage_of_Lightning_Icon.png

=== Solemn Vow of Yunobo, Sage of Fire ===
[INFO] URL: https://zeldawiki.wiki/wiki/Solemn_Vow_of_Yunobo,_Sage_of_Fire
[ACTION] Clicked Sprite (JS)
[ACTION] Clicked TotK (JS)
[OK] Downloaded //cdn.wikimg.net/en/zeldawiki/images/b/b2/TotK_Solemn_Vow_of_Yunobo%2C_Sage_of_Fire_Icon.png

=== Solemn Vow of Tulin, Sage of Wind ===
[INFO] URL: https://zeldawiki.wiki/wiki/Solemn_Vow_of_Tulin,_Sage_of_Wind
[ACTION] Clicked Sprite (JS)
[ACTION] Clicked TotK (JS)
[OK] Downloaded //cdn.wikimg.net/en/zeldawiki/images/6/6b/TotK_Solemn_Vow_of_Tulin%2C_Sage_of_Wind_Icon.png

=== Solemn Vow of Mineru, Sage of Spirit ===
[INFO] URL: https://zeldawiki.wiki/wiki/Solemn_Vow_of_Mineru,_Sage_of_Spirit
[ACTION] Clicked Sprite (JS)
[ACTION] Clicked TotK (JS)
[OK] Downloaded //cdn.wikimg.net/en/zeldawiki/images/a/a8/TotK_Solemn_Vow_of_Mineru%2C_Sage_of_Spirit_Icon.png

=== Solemn Vow of Sidon, Sage of Water ===
[INFO] URL: https://zeldawiki.wiki/wiki/Solemn_Vow_of_Sidon,_Sage_of_Water
[ACTION] Clicked Sprite (JS)
[ACTION] Clicked TotK (JS)
[OK] Downloaded //cdn.wikimg.net/en/zeldawiki/images/d/dc/TotK_Solemn_Vow_of_Sidon%2C_Sage_of_Water_Icon.png

=== Vow of Riju, Sage of Lightning ===
[INFO] URL: https://zeldawiki.wiki/wiki/Vow_of_Riju,_Sage_of_Lightning
[ACTION] Clicked Sprite (JS)
[ACTION] Clicked TotK (JS)
[OK] Downloaded //cdn.wikimg.net/en/zeldawiki/images/c/cd/TotK_Vow_of_Riju%2C_Sage_of_Lightning_Icon.png

=== Vow of Yunobo, Sage of Fire ===
[INFO] URL: https://zeldawiki.wiki/wiki/Vow_of_Yunobo,_Sage_of_Fire
[ACTION] Clicked Sprite (JS)
[ACTION] Clicked TotK (JS)
[OK] Downloaded //cdn.wikimg.net/en/zeldawiki/images/8/82/TotK_Vow_of_Yunobo%2C_Sage_of_Fire_Icon.png

=== Vow of Tulin, Sage of Wind ===
[INFO] URL: https://zeldawiki.wiki/wiki/Vow_of_Tulin,_Sage_of_Wind
[ACTION] Clicked Sprite (JS)
[ACTION] Clicked TotK (JS)
[OK] Downloaded //cdn.wikimg.net/en/zeldawiki/images/5/54/TotK_Vow_of_Tulin%2C_Sage_of_Wind_Icon.png

=== Vow of Mineru, Sage of Spirit ===
[INFO] URL: https://zeldawiki.wiki/wiki/Vow_of_Mineru,_Sage_of_Spirit
[ACTION] Clicked Sprite (JS)
[ACTION] Clicked TotK (JS)
[OK] Downloaded //cdn.wikimg.net/en/zeldawiki/images/4/41/TotK_Vow_of_Mineru%2C_Sage_of_Spirit_Icon.png

=== Vow of Sidon, Sage of Water ===
[INFO] URL: https://zeldawiki.wiki/wiki/Vow_of_Sidon,_Sage_of_Water
[ACTION] Clicked Sprite (JS)
[ACTION] Clicked TotK (JS)
[OK] Downloaded //cdn.wikimg.net/en/zeldawiki/images/4/48/TotK_Vow_of_Sidon%2C_Sage_of_Water_Icon.png

=== Sage's Will ===
[INFO] URL: https://zeldawiki.wiki/wiki/Sage's_Will
[ACTION] Clicked Sprite (JS)
[ACTION] Clicked TotK (JS)
[INFO] TotK not found, trying BotW
[INFO] Trying fallback: any image containing item name
[NOT FOUND] No sprite found

=== Pony Points Card ===
[INFO] URL: https://zeldawiki.wiki/wiki/Pony_Points_Card
[ACTION] Clicked Sprite (JS)
[ACTION] Clicked TotK (JS)
[INFO] TotK not found, trying BotW
[INFO] Trying fallback: any image containing item name
[NOT FOUND] No sprite found

=== Stamina Vessel ===
[INFO] URL: https://zeldawiki.wiki/wiki/Stamina_Vessel
[ACTION] Clicked Sprite (JS)
[ACTION] Clicked TotK (JS)
[OK] Downloaded //cdn.wikimg.net/en/zeldawiki/images/c/ca/TotK_Stamina_Vessel_Icon.png

=== Goron Fabric ===
[INFO] URL: https://zeldawiki.wiki/wiki/Goron_Fabric
[ACTION] Clicked Sprite (JS)
[ACTION] Clicked TotK (JS)
[OK] Downloaded //cdn.wikimg.net/en/zeldawiki/images/1/11/TotK_Goron_Fabric_Icon.png

=== Zora Fabric ===
[INFO] URL: https://zeldawiki.wiki/wiki/Zora_Fabric
[ACTION] Clicked Sprite (JS)
[ACTION] Clicked TotK (JS)
[OK] Downloaded //cdn.wikimg.net/en/zeldawiki/images/b/bd/TotK_Zora_Fabric_Icon.png

=== Gerudo Fabric ===
[INFO] URL: https://zeldawiki.wiki/wiki/Gerudo_Fabric
[ACTION] Clicked Sprite (JS)
[ACTION] Clicked TotK (JS)
[OK] Downloaded //cdn.wikimg.net/en/zeldawiki/images/0/05/TotK_Gerudo_Fabric_Icon.png

=== Royal Hyrulean Fabric ===
[INFO] URL: https://zeldawiki.wiki/wiki/Royal_Hyrulean_Fabric
[ACTION] Clicked Sprite (JS)
[ACTION] Clicked TotK (JS)
[OK] Downloaded //cdn.wikimg.net/en/zeldawiki/images/8/8a/TotK_Royal_Hyrulean_Fabric_Icon.png

=== Zonai Fabric ===
[INFO] URL: https://zeldawiki.wiki/wiki/Zonai_Fabric
[ACTION] Clicked Sprite (JS)
[ACTION] Clicked TotK (JS)
[OK] Downloaded //cdn.wikimg.net/en/zeldawiki/images/7/72/TotK_Zonai_Fabric_Icon.png

=== Sheikah Fabric ===
[INFO] URL: https://zeldawiki.wiki/wiki/Sheikah_Fabric
[ACTION] Clicked Sprite (JS)
[ACTION] Clicked TotK (JS)
[OK] Downloaded //cdn.wikimg.net/en/zeldawiki/images/c/c2/TotK_Sheikah_Fabric_Icon.png

=== Yiga Fabric ===
[INFO] URL: https://zeldawiki.wiki/wiki/Yiga_Fabric
[ACTION] Clicked Sprite (JS)
[ACTION] Clicked TotK (JS)
[OK] Downloaded //cdn.wikimg.net/en/zeldawiki/images/b/b3/TotK_Yiga_Fabric_Icon.png

=== Monster-Control-Crew Fabric ===
[INFO] URL: https://zeldawiki.wiki/wiki/Monster-Control-Crew_Fabric
[ACTION] Clicked Sprite (JS)
[ACTION] Clicked TotK (JS)
[OK] Downloaded //cdn.wikimg.net/en/zeldawiki/images/4/46/TotK_Monster-Control-Crew_Fabric_Icon.png

=== Zonai Survey Team Fabric ===
[INFO] URL: https://zeldawiki.wiki/wiki/Zonai_Survey_Team_Fabric
[ACTION] Clicked Sprite (JS)
[ACTION] Clicked TotK (JS)
[OK] Downloaded //cdn.wikimg.net/en/zeldawiki/images/8/8b/TotK_Zonai_Survey_Team_Fabric_Icon.png

=== Horse-God Fabric ===
[INFO] URL: https://zeldawiki.wiki/wiki/Horse-God_Fabric
[ACTION] Clicked Sprite (JS)
[ACTION] Clicked TotK (JS)
[OK] Downloaded //cdn.wikimg.net/en/zeldawiki/images/b/b1/TotK_Horse-God_Fabric_Icon.png

=== Lurelin Village Fabric ===
[INFO] URL: https://zeldawiki.wiki/wiki/Lurelin_Village_Fabric
[ACTION] Clicked Sprite (JS)
[ACTION] Clicked TotK (JS)
[OK] Downloaded //cdn.wikimg.net/en/zeldawiki/images/c/c1/TotK_Lurelin_Village_Fabric_Icon.png

=== Lucky Clover Gazette Fabric ===
[INFO] URL: https://zeldawiki.wiki/wiki/Lucky_Clover_Gazette_Fabric
[ACTION] Clicked Sprite (JS)
[ACTION] Clicked TotK (JS)
[OK] Downloaded //cdn.wikimg.net/en/zeldawiki/images/f/fa/TotK_Lucky_Clover_Gazette_Fabric_Icon.png

=== Hudson Construction Fabric ===
[INFO] URL: https://zeldawiki.wiki/wiki/Hudson_Construction_Fabric
[ACTION] Clicked Sprite (JS)
[ACTION] Clicked TotK (JS)
[OK] Downloaded //cdn.wikimg.net/en/zeldawiki/images/9/9e/TotK_Hudson_Construction_Fabric_Icon.png

=== Koltin's Fabric ===
[INFO] URL: https://zeldawiki.wiki/wiki/Koltin's_Fabric
[ACTION] Clicked Sprite (JS)
[ACTION] Clicked TotK (JS)
[OK] Downloaded //cdn.wikimg.net/en/zeldawiki/images/b/b9/TotK_Koltin%27s_Fabric_Icon.png

=== Korok Fabric ===
[INFO] URL: https://zeldawiki.wiki/wiki/Korok_Fabric
[ACTION] Clicked Sprite (JS)
[ACTION] Clicked TotK (JS)
[OK] Downloaded //cdn.wikimg.net/en/zeldawiki/images/0/0e/TotK_Korok_Fabric_Icon.png

=== Grizzlemaw-Bear Fabric ===
[INFO] URL: https://zeldawiki.wiki/wiki/Grizzlemaw-Bear_Fabric
[ACTION] Clicked Sprite (JS)
[ACTION] Clicked TotK (JS)
[OK] Downloaded //cdn.wikimg.net/en/zeldawiki/images/4/41/TotK_Grizzlemaw-Bear_Fabric_Icon.png

=== Robbie's Fabric ===
[INFO] URL: https://zeldawiki.wiki/wiki/Robbie's_Fabric
[ACTION] Clicked Sprite (JS)
[ACTION] Clicked TotK (JS)
[OK] Downloaded //cdn.wikimg.net/en/zeldawiki/images/c/cb/TotK_Robbie%27s_Fabric_Icon.png

=== Cece Fabric ===
[INFO] URL: https://zeldawiki.wiki/wiki/Cece_Fabric
[ACTION] Clicked Sprite (JS)
[ACTION] Clicked TotK (JS)
[OK] Downloaded //cdn.wikimg.net/en/zeldawiki/images/2/23/TotK_Cece_Fabric_Icon.png

=== Aerocuda Fabric ===
[INFO] URL: https://zeldawiki.wiki/wiki/Aerocuda_Fabric
[ACTION] Clicked Sprite (JS)
[ACTION] Clicked TotK (JS)
[OK] Downloaded //cdn.wikimg.net/en/zeldawiki/images/9/91/TotK_Aerocuda_Fabric_Icon.png

=== Eldin-Ostrich Fabric ===
[INFO] URL: https://zeldawiki.wiki/wiki/Eldin-Ostrich_Fabric
[ACTION] Clicked Sprite (JS)
[ACTION] Clicked TotK (JS)
[OK] Downloaded //cdn.wikimg.net/en/zeldawiki/images/0/0f/TotK_Eldin-Ostrich_Fabric_Icon.png

=== Cucco Fabric ===
[INFO] URL: https://zeldawiki.wiki/wiki/Cucco_Fabric
[ACTION] Clicked Sprite (JS)
[ACTION] Clicked TotK (JS)
[OK] Downloaded //cdn.wikimg.net/en/zeldawiki/images/9/97/TotK_Cucco_Fabric_Icon.png

=== Horse Fabric ===
[INFO] URL: https://zeldawiki.wiki/wiki/Horse_Fabric
[ACTION] Clicked Sprite (JS)
[ACTION] Clicked TotK (JS)
[OK] Downloaded //cdn.wikimg.net/en/zeldawiki/images/8/8b/TotK_Horse_Fabric_Icon.png

=== Chuchu Fabric ===
[INFO] URL: https://zeldawiki.wiki/wiki/Chuchu_Fabric
[ACTION] Clicked Sprite (JS)
[ACTION] Clicked TotK (JS)
[OK] Downloaded //cdn.wikimg.net/en/zeldawiki/images/5/56/TotK_Chuchu_Fabric_Icon.png

=== Lynel Fabric ===
[INFO] URL: https://zeldawiki.wiki/wiki/Lynel_Fabric
[ACTION] Clicked Sprite (JS)
[ACTION] Clicked TotK (JS)
[OK] Downloaded //cdn.wikimg.net/en/zeldawiki/images/d/dd/TotK_Lynel_Fabric_Icon.png

=== Gleeok Fabric ===
[INFO] URL: https://zeldawiki.wiki/wiki/Gleeok_Fabric
[ACTION] Clicked Sprite (JS)
[ACTION] Clicked TotK (JS)
[OK] Downloaded //cdn.wikimg.net/en/zeldawiki/images/3/35/TotK_Gleeok_Fabric_Icon.png

=== Stalnox Fabric ===
[INFO] URL: https://zeldawiki.wiki/wiki/Stalnox_Fabric
[ACTION] Clicked Sprite (JS)
[ACTION] Clicked TotK (JS)
[OK] Downloaded //cdn.wikimg.net/en/zeldawiki/images/4/48/TotK_Stalnox_Fabric_Icon.png

=== Tunic of Memories Fabric ===
[INFO] URL: https://zeldawiki.wiki/wiki/Tunic_of_Memories_Fabric
[ACTION] Clicked Sprite (JS)
[ACTION] Clicked TotK (JS)
[OK] Downloaded //cdn.wikimg.net/en/zeldawiki/images/d/d0/TotK_Tunic_of_Memories_Fabric_Icon.png

=== Hylian-Hood Fabric ===
[INFO] URL: https://zeldawiki.wiki/wiki/Hylian-Hood_Fabric
[ACTION] Clicked Sprite (JS)
[ACTION] Clicked TotK (JS)
[OK] Downloaded //cdn.wikimg.net/en/zeldawiki/images/4/49/TotK_Hylian-Hood_Fabric_Icon.png

=== Hyrule-Princess Fabric ===
[INFO] URL: https://zeldawiki.wiki/wiki/Hyrule-Princess_Fabric
[ACTION] Clicked Sprite (JS)
[ACTION] Clicked TotK (JS)
[OK] Downloaded //cdn.wikimg.net/en/zeldawiki/images/a/a6/TotK_Hyrule-Princess_Fabric_Icon.png

=== Goron-Champion Fabric ===
[INFO] URL: https://zeldawiki.wiki/wiki/Goron-Champion_Fabric
[ACTION] Clicked Sprite (JS)
[ACTION] Clicked TotK (JS)
[OK] Downloaded //cdn.wikimg.net/en/zeldawiki/images/c/c5/TotK_Goron-Champion_Fabric_Icon.png

=== Rito-Champion Fabric ===
[INFO] URL: https://zeldawiki.wiki/wiki/Rito-Champion_Fabric
[ACTION] Clicked Sprite (JS)
[ACTION] Clicked TotK (JS)
[OK] Downloaded //cdn.wikimg.net/en/zeldawiki/images/b/b5/TotK_Rito-Champion_Fabric_Icon.png

=== Zora-Champion Fabric ===
[INFO] URL: https://zeldawiki.wiki/wiki/Zora-Champion_Fabric
[ACTION] Clicked Sprite (JS)
[ACTION] Clicked TotK (JS)
[OK] Downloaded //cdn.wikimg.net/en/zeldawiki/images/a/aa/TotK_Zora-Champion_Fabric_Icon.png

=== Gerudo-Champion Fabric ===
[INFO] URL: https://zeldawiki.wiki/wiki/Gerudo-Champion_Fabric
[ACTION] Clicked Sprite (JS)
[ACTION] Clicked TotK (JS)
[OK] Downloaded //cdn.wikimg.net/en/zeldawiki/images/2/28/TotK_Gerudo-Champion_Fabric_Icon.png

=== Ancient-Sheikah Fabric ===
[INFO] URL: https://zeldawiki.wiki/wiki/Ancient-Sheikah_Fabric
[ACTION] Clicked Sprite (JS)
[ACTION] Clicked TotK (JS)
[OK] Downloaded //cdn.wikimg.net/en/zeldawiki/images/d/d2/TotK_Ancient-Sheikah_Fabric_Icon.png

=== Bokoblin Fabric ===
[INFO] URL: https://zeldawiki.wiki/wiki/Bokoblin_Fabric
[ACTION] Clicked Sprite (JS)
[ACTION] Clicked TotK (JS)
[OK] Downloaded //cdn.wikimg.net/en/zeldawiki/images/2/2c/TotK_Bokoblin_Fabric_Icon.png

=== Demon King Fabric ===
[INFO] URL: https://zeldawiki.wiki/wiki/Demon_King_Fabric
[ACTION] Clicked Sprite (JS)
[ACTION] Clicked TotK (JS)
[OK] Downloaded //cdn.wikimg.net/en/zeldawiki/images/3/3f/TotK_Demon_King_Fabric_Icon.png

=== King of Red Lions Fabric ===
[INFO] URL: https://zeldawiki.wiki/wiki/King_of_Red_Lions_Fabric
[ACTION] Clicked Sprite (JS)
[ACTION] Clicked TotK (JS)
[OK] Downloaded //cdn.wikimg.net/en/zeldawiki/images/b/bd/TotK_King_of_Red_Lions_Fabric_Icon.png

=== Sheik Fabric ===
[INFO] URL: https://zeldawiki.wiki/wiki/Sheik_Fabric
[ACTION] Clicked Sprite (JS)
[ACTION] Clicked TotK (JS)
[OK] Downloaded //cdn.wikimg.net/en/zeldawiki/images/b/b1/TotK_Sheik_Fabric_Icon.png

=== Mirror of Twilight Fabric ===
[INFO] URL: https://zeldawiki.wiki/wiki/Mirror_of_Twilight_Fabric
[ACTION] Clicked Sprite (JS)
[ACTION] Clicked TotK (JS)
[OK] Downloaded //cdn.wikimg.net/en/zeldawiki/images/6/6c/TotK_Mirror_of_Twilight_Fabric_Icon.png

=== Princess of Twilight Fabric ===
[INFO] URL: https://zeldawiki.wiki/wiki/Princess_of_Twilight_Fabric
[ACTION] Clicked Sprite (JS)
[ACTION] Clicked TotK (JS)
[OK] Downloaded //cdn.wikimg.net/en/zeldawiki/images/e/e1/TotK_Princess_of_Twilight_Fabric_Icon.png

=== Lon Lon Ranch Fabric ===
[INFO] URL: https://zeldawiki.wiki/wiki/Lon_Lon_Ranch_Fabric
[ACTION] Clicked Sprite (JS)
[ACTION] Clicked TotK (JS)
[OK] Downloaded //cdn.wikimg.net/en/zeldawiki/images/1/1f/TotK_Lon_Lon_Ranch_Fabric_Icon.png

=== Majora's Mask Fabric ===
[INFO] URL: https://zeldawiki.wiki/wiki/Majora's_Mask_Fabric
[ACTION] Clicked Sprite (JS)
[ACTION] Clicked TotK (JS)
[OK] Downloaded //cdn.wikimg.net/en/zeldawiki/images/c/cf/TotK_Majora%27s_Mask_Fabric_Icon.png

=== Bygone-Royal Fabric ===
[INFO] URL: https://zeldawiki.wiki/wiki/Bygone-Royal_Fabric
[ACTION] Clicked Sprite (JS)
[ACTION] Clicked TotK (JS)
[OK] Downloaded //cdn.wikimg.net/en/zeldawiki/images/6/60/TotK_Bygone-Royal_Fabric_Icon.png

=== Sword-Spirit Fabric ===
[INFO] URL: https://zeldawiki.wiki/wiki/Sword-Spirit_Fabric
[ACTION] Clicked Sprite (JS)
[ACTION] Clicked TotK (JS)
[OK] Downloaded //cdn.wikimg.net/en/zeldawiki/images/f/f6/TotK_Sword-Spirit_Fabric_Icon.png

=== Pixel Fabric ===
[INFO] URL: https://zeldawiki.wiki/wiki/Pixel_Fabric
[ACTION] Clicked Sprite (JS)
[ACTION] Clicked TotK (JS)
[OK] Downloaded //cdn.wikimg.net/en/zeldawiki/images/8/84/TotK_Pixel_Fabric_Icon.png

=== Egg Fabric ===
[INFO] URL: https://zeldawiki.wiki/wiki/Egg_Fabric
[ACTION] Clicked Sprite (JS)
[ACTION] Clicked TotK (JS)
[OK] Downloaded //cdn.wikimg.net/en/zeldawiki/images/e/e6/TotK_Egg_Fabric_Icon.png

=== Goddess Fabric ===
[INFO] URL: https://zeldawiki.wiki/wiki/Goddess_Fabric
[ACTION] Clicked Sprite (JS)
[ACTION] Clicked TotK (JS)
[OK] Downloaded //cdn.wikimg.net/en/zeldawiki/images/e/e6/TotK_Goddess_Fabric_Icon.png

=== Champion's Leathers Fabric ===
[INFO] URL: https://zeldawiki.wiki/wiki/Champion's_Leathers_Fabric
[ACTION] Clicked Sprite (JS)
[ACTION] Clicked TotK (JS)
[OK] Downloaded //cdn.wikimg.net/en/zeldawiki/images/8/89/TotK_Champion%27s_Leathers_Fabric_Icon.png

=== Princess Zelda Fabric ===
[INFO] URL: https://zeldawiki.wiki/wiki/Princess_Zelda_Fabric
[ACTION] Clicked Sprite (JS)
[ACTION] Clicked TotK (JS)
[OK] Downloaded //cdn.wikimg.net/en/zeldawiki/images/7/7b/TotK_Princess_Zelda_Fabric_Icon.png

=== Gerudo-King Fabric ===
[INFO] URL: https://zeldawiki.wiki/wiki/Gerudo-King_Fabric
[ACTION] Clicked Sprite (JS)
[ACTION] Clicked TotK (JS)
[OK] Downloaded //cdn.wikimg.net/en/zeldawiki/images/b/ba/TotK_Gerudo-King_Fabric_Icon.png

=== Nostalgic Fabric ===
[INFO] URL: https://zeldawiki.wiki/wiki/Nostalgic_Fabric
[ACTION] Clicked Sprite (JS)
[ACTION] Clicked TotK (JS)
[OK] Downloaded //cdn.wikimg.net/en/zeldawiki/images/6/6a/TotK_Nostalgic_Fabric_Icon.png

=== Addison's Fabric ===
[INFO] URL: https://zeldawiki.wiki/wiki/Addison's_Fabric
[ACTION] Clicked Sprite (JS)
[ACTION] Clicked TotK (JS)
[OK] Downloaded //cdn.wikimg.net/en/zeldawiki/images/6/68/TotK_Addison%27s_Fabric_Icon.png

=== Ordinary Fabric ===
[INFO] URL: https://zeldawiki.wiki/wiki/Ordinary_Fabric
[ACTION] Clicked Sprite (JS)
[ACTION] Clicked TotK (JS)
[OK] Downloaded //cdn.wikimg.net/en/zeldawiki/images/7/72/TotK_Ordinary_Fabric_Icon.png

=== Old Map ===
[INFO] URL: https://zeldawiki.wiki/wiki/Old_Map
[ACTION] Clicked Sprite (JS)
[ACTION] Clicked TotK (JS)
[INFO] TotK not found, trying BotW
[INFO] Trying fallback: any image containing item name
[NOT FOUND] No sprite found

=== Travel Medallion Prototype ===
[INFO] URL: https://zeldawiki.wiki/wiki/Travel_Medallion_Prototype
[ACTION] Clicked Sprite (JS)
[ACTION] Clicked TotK (JS)
[INFO] TotK not found, trying BotW
[INFO] Trying fallback: any image containing item name
[NOT FOUND] No sprite found

=== Paraglider ===
[INFO] URL: https://zeldawiki.wiki/wiki/Paraglider
[ACTION] Clicked Sprite (JS)
[ACTION] Clicked TotK (JS)
[OK] Downloaded //cdn.wikimg.net/en/zeldawiki/images/2/24/TotK_Paraglider_Icon.png
