
=== Hard-Boiled Egg ===
[INFO] URL: https://zeldawiki.wiki/wiki/Hard-Boiled_Egg
[ACTION] Clicked Sprite (JS)
[ACTION] Clicked TotK (JS)
[OK] Downloaded //cdn.wikimg.net/en/zeldawiki/images/0/07/BotW_Hard-Boiled_Egg_Icon.png

=== Frozen Bass ===
[INFO] URL: https://zeldawiki.wiki/wiki/Frozen_Bass
[ACTION] Clicked Sprite (JS)
[ACTION] Clicked TotK (JS)
[OK] Downloaded //cdn.wikimg.net/en/zeldawiki/images/0/0a/TotK_Frozen_Bass_Icon.png

=== Frozen Hearty Salmon ===
[INFO] URL: https://zeldawiki.wiki/wiki/Frozen_Hearty_Salmon
[ACTION] Clicked Sprite (JS)
[ACTION] Clicked TotK (JS)
[OK] Downloaded //cdn.wikimg.net/en/zeldawiki/images/5/51/TotK_Frozen_Hearty_Salmon_Icon.png

=== Frozen Trout ===
[INFO] URL: https://zeldawiki.wiki/wiki/Frozen_Trout
[ACTION] Clicked Sprite (JS)
[ACTION] Clicked TotK (JS)
[OK] Downloaded //cdn.wikimg.net/en/zeldawiki/images/b/b4/TotK_Frozen_Trout_Icon.png

=== Frozen Carp ===
[INFO] URL: https://zeldawiki.wiki/wiki/Frozen_Carp
[ACTION] Clicked Sprite (JS)
[ACTION] Clicked TotK (JS)
[OK] Downloaded //cdn.wikimg.net/en/zeldawiki/images/6/6d/TotK_Frozen_Carp_Icon.png

=== Frozen Porgy ===
[INFO] URL: https://zeldawiki.wiki/wiki/Frozen_Porgy
[ACTION] Clicked Sprite (JS)
[ACTION] Clicked TotK (JS)
[OK] Downloaded //cdn.wikimg.net/en/zeldawiki/images/8/85/TotK_Frozen_Porgy_Icon.png

=== Frozen Hearty Bass ===
[INFO] URL: https://zeldawiki.wiki/wiki/Frozen_Hearty_Bass
[ACTION] Clicked Sprite (JS)
[ACTION] Clicked TotK (JS)
[OK] Downloaded //cdn.wikimg.net/en/zeldawiki/images/c/cd/TotK_Frozen_Hearty_Bass_Icon.png

=== Frozen Crab ===
[INFO] URL: https://zeldawiki.wiki/wiki/Frozen_Crab
[ACTION] Clicked Sprite (JS)
[ACTION] Clicked TotK (JS)
[OK] Downloaded //cdn.wikimg.net/en/zeldawiki/images/e/ed/BotW_Frozen_Crab_Icon.png

=== Frozen River Snail ===
[INFO] URL: https://zeldawiki.wiki/wiki/Frozen_River_Snail
[ACTION] Clicked Sprite (JS)
[ACTION] Clicked TotK (JS)
[OK] Downloaded //cdn.wikimg.net/en/zeldawiki/images/c/c1/TotK_Frozen_River_Snail_Icon.png

=== Frozen Arowana ===
[INFO] URL: https://zeldawiki.wiki/wiki/Frozen_Arowana
[ACTION] Clicked Sprite (JS)
[ACTION] Clicked TotK (JS)
[OK] Downloaded //cdn.wikimg.net/en/zeldawiki/images/f/f9/TotK_Frozen_Arowana_Icon.png

=== Frozen Cave Fish ===
[INFO] URL: https://zeldawiki.wiki/wiki/Frozen_Cave_Fish
[ACTION] Clicked Sprite (JS)
[ACTION] Clicked TotK (JS)
[OK] Downloaded //cdn.wikimg.net/en/zeldawiki/images/4/45/TotK_Frozen_Cave_Fish_Icon.png

=== Icy Meat ===
[INFO] URL: https://zeldawiki.wiki/wiki/Icy_Meat
[ACTION] Clicked Sprite (JS)
[ACTION] Clicked TotK (JS)
[OK] Downloaded //cdn.wikimg.net/en/zeldawiki/images/5/59/TotK_Icy_Meat_Icon.png

=== Icy Prime Meat ===
[INFO] URL: https://zeldawiki.wiki/wiki/Icy_Prime_Meat
[ACTION] Clicked Sprite (JS)
[ACTION] Clicked TotK (JS)
[OK] Downloaded //cdn.wikimg.net/en/zeldawiki/images/7/71/TotK_Icy_Prime_Meat_Icon.png

=== Icy Gourmet Meat ===
[INFO] URL: https://zeldawiki.wiki/wiki/Icy_Gourmet_Meat
[ACTION] Clicked Sprite (JS)
[ACTION] Clicked TotK (JS)
[OK] Downloaded //cdn.wikimg.net/en/zeldawiki/images/f/fe/TotK_Icy_Gourmet_Meat_Icon.png

=== Frozen Bird Drumstick ===
[INFO] URL: https://zeldawiki.wiki/wiki/Frozen_Bird_Drumstick
[ACTION] Clicked Sprite (JS)
[ACTION] Clicked TotK (JS)
[OK] Downloaded //cdn.wikimg.net/en/zeldawiki/images/b/b1/TotK_Frozen_Bird_Drumstick_Icon.png

=== Frozen Bird Thigh ===
[INFO] URL: https://zeldawiki.wiki/wiki/Frozen_Bird_Thigh
[ACTION] Clicked Sprite (JS)
[ACTION] Clicked TotK (JS)
[OK] Downloaded //cdn.wikimg.net/en/zeldawiki/images/c/cd/TotK_Frozen_Bird_Thigh_Icon.png

=== Frozen Whole Bird ===
[INFO] URL: https://zeldawiki.wiki/wiki/Frozen_Whole_Bird
[ACTION] Clicked Sprite (JS)
[ACTION] Clicked TotK (JS)
[OK] Downloaded //cdn.wikimg.net/en/zeldawiki/images/9/9a/TotK_Frozen_Whole_Bird_Icon.png

=== Mushroom Skewer ===
[INFO] URL: https://zeldawiki.wiki/wiki/Mushroom_Skewer
[ACTION] Clicked Sprite (JS)
[ACTION] Clicked TotK (JS)
[OK] Downloaded //cdn.wikimg.net/en/zeldawiki/images/8/8a/BotW_Mushroom_Skewer_Icon.png

=== Steamed Mushrooms ===
[INFO] URL: https://zeldawiki.wiki/wiki/Steamed_Mushrooms
[ACTION] Clicked Sprite (JS)
[ACTION] Clicked TotK (JS)
[OK] Downloaded //cdn.wikimg.net/en/zeldawiki/images/a/ae/BotW_Steamed_Mushrooms_Icon.png

=== Steamed Fruit ===
[INFO] URL: https://zeldawiki.wiki/wiki/Steamed_Fruit
[ACTION] Clicked Sprite (JS)
[ACTION] Clicked TotK (JS)
[OK] Downloaded //cdn.wikimg.net/en/zeldawiki/images/8/82/BotW_Steamed_Fruit_Icon.png

=== Steamed Fish ===
[INFO] URL: https://zeldawiki.wiki/wiki/Steamed_Fish
[ACTION] Clicked Sprite (JS)
[ACTION] Clicked TotK (JS)
[INFO] TotK not found, trying BotW
[NOT FOUND] No sprite found

=== Steamed Meat ===
[INFO] URL: https://zeldawiki.wiki/wiki/Steamed_Meat
[ACTION] Clicked Sprite (JS)
[ACTION] Clicked TotK (JS)
[OK] Downloaded //cdn.wikimg.net/en/zeldawiki/images/5/5b/BotW_Steamed_Meat_Icon.png

=== Fruit and Mushroom Mix ===
[INFO] URL: https://zeldawiki.wiki/wiki/Fruit_and_Mushroom_Mix
[ACTION] Clicked Sprite (JS)
[ACTION] Clicked TotK (JS)
[OK] Downloaded //cdn.wikimg.net/en/zeldawiki/images/7/7b/BotW_Fruit_and_Mushroom_Mix_Icon.png

=== Fish and Mushroom Skewer ===
[INFO] URL: https://zeldawiki.wiki/wiki/Fish_and_Mushroom_Skewer
[ACTION] Clicked Sprite (JS)
[ACTION] Clicked TotK (JS)
[OK] Downloaded //cdn.wikimg.net/en/zeldawiki/images/2/2d/BotW_Fish_and_Mushroom_Skewer_Icon.png

=== Meat and Mushroom Skewer ===
[INFO] URL: https://zeldawiki.wiki/wiki/Meat_and_Mushroom_Skewer
[ACTION] Clicked Sprite (JS)
[ACTION] Clicked TotK (JS)
[OK] Downloaded //cdn.wikimg.net/en/zeldawiki/images/8/87/BotW_Meat_and_Mushroom_Skewer_Icon.png

=== Omelet ===
[INFO] URL: https://zeldawiki.wiki/wiki/Omelet
[ACTION] Clicked Sprite (JS)
[ACTION] Clicked TotK (JS)
[OK] Downloaded //cdn.wikimg.net/en/zeldawiki/images/4/45/BotW_Omelet_Icon.png

=== Glazed Mushrooms ===
[INFO] URL: https://zeldawiki.wiki/wiki/Glazed_Mushrooms
[ACTION] Clicked Sprite (JS)
[ACTION] Clicked TotK (JS)
[OK] Downloaded //cdn.wikimg.net/en/zeldawiki/images/6/61/BotW_Glazed_Mushrooms_Icon.png

=== Glazed Meat ===
[INFO] URL: https://zeldawiki.wiki/wiki/Glazed_Meat
[ACTION] Clicked Sprite (JS)
[ACTION] Clicked TotK (JS)
[OK] Downloaded //cdn.wikimg.net/en/zeldawiki/images/b/b3/BotW_Glazed_Meat_Icon.png

=== Glazed Seafood ===
[INFO] URL: https://zeldawiki.wiki/wiki/Glazed_Seafood
[ACTION] Clicked Sprite (JS)
[ACTION] Clicked TotK (JS)
[OK] Downloaded //cdn.wikimg.net/en/zeldawiki/images/7/78/BotW_Glazed_Seafood_Icon.png

=== Glazed Veggies ===
[INFO] URL: https://zeldawiki.wiki/wiki/Glazed_Veggies
[ACTION] Clicked Sprite (JS)
[ACTION] Clicked TotK (JS)
[OK] Downloaded //cdn.wikimg.net/en/zeldawiki/images/1/1c/BotW_Glazed_Veggies_Icon.png

=== Fried Wild Greens ===
[INFO] URL: https://zeldawiki.wiki/wiki/Fried_Wild_Greens
[ACTION] Clicked Sprite (JS)
[ACTION] Clicked TotK (JS)
[OK] Downloaded //cdn.wikimg.net/en/zeldawiki/images/e/ea/BotW_Fried_Wild_Greens_Icon.png

=== Simmered Fruit ===
[INFO] URL: https://zeldawiki.wiki/wiki/Simmered_Fruit
[ACTION] Clicked Sprite (JS)
[ACTION] Clicked TotK (JS)
[OK] Downloaded //cdn.wikimg.net/en/zeldawiki/images/c/ce/BotW_Simmered_Fruit_Icon.png

=== Fish Skewer ===
[INFO] URL: https://zeldawiki.wiki/wiki/Fish_Skewer
[ACTION] Clicked Sprite (JS)
[ACTION] Clicked TotK (JS)
[OK] Downloaded //cdn.wikimg.net/en/zeldawiki/images/5/59/BotW_Fish_Skewer_Icon.png

=== Meat Skewer ===
[INFO] URL: https://zeldawiki.wiki/wiki/Meat_Skewer
[ACTION] Clicked Sprite (JS)
[ACTION] Clicked TotK (JS)
[OK] Downloaded //cdn.wikimg.net/en/zeldawiki/images/3/3f/BotW_Meat_Skewer_Icon.png

=== Copious Fried Wild Greens ===
[INFO] URL: https://zeldawiki.wiki/wiki/Copious_Fried_Wild_Greens
[ACTION] Clicked Sprite (JS)
[ACTION] Clicked TotK (JS)
[OK] Downloaded //cdn.wikimg.net/en/zeldawiki/images/b/b2/BotW_Copious_Fried_Wild_Greens_Icon.png

=== Copious Simmered Fruit ===
[INFO] URL: https://zeldawiki.wiki/wiki/Copious_Simmered_Fruit
[ACTION] Clicked Sprite (JS)
[ACTION] Clicked TotK (JS)
[OK] Downloaded //cdn.wikimg.net/en/zeldawiki/images/c/ce/BotW_Copious_Simmered_Fruit_Icon.png

=== Copious Mushroom Skewers ===
[INFO] URL: https://zeldawiki.wiki/wiki/Copious_Mushroom_Skewers
[ACTION] Clicked Sprite (JS)
[ACTION] Clicked TotK (JS)
[OK] Downloaded //cdn.wikimg.net/en/zeldawiki/images/f/fd/BotW_Copious_Mushroom_Skewers_Icon.png

=== Copious Seafood Skewers ===
[INFO] URL: https://zeldawiki.wiki/wiki/Copious_Seafood_Skewers
[ACTION] Clicked Sprite (JS)
[ACTION] Clicked TotK (JS)
[OK] Downloaded //cdn.wikimg.net/en/zeldawiki/images/f/fa/BotW_Copious_Seafood_Skewers_Icon.png

=== Copious Meat Skewers ===
[INFO] URL: https://zeldawiki.wiki/wiki/Copious_Meat_Skewers
[ACTION] Clicked Sprite (JS)
[ACTION] Clicked TotK (JS)
[OK] Downloaded //cdn.wikimg.net/en/zeldawiki/images/f/fa/BotW_Copious_Meat_Skewers_Icon.png

=== Meat and Seafood Fry ===
[INFO] URL: https://zeldawiki.wiki/wiki/Meat_and_Seafood_Fry
[ACTION] Clicked Sprite (JS)
[ACTION] Clicked TotK (JS)
[OK] Downloaded //cdn.wikimg.net/en/zeldawiki/images/8/8a/BotW_Meat_and_Seafood_Fry_Icon.png

=== Prime Meat and Seafood Fry ===
[INFO] URL: https://zeldawiki.wiki/wiki/Prime_Meat_and_Seafood_Fry
[ACTION] Clicked Sprite (JS)
[ACTION] Clicked TotK (JS)
[OK] Downloaded //cdn.wikimg.net/en/zeldawiki/images/f/fc/BotW_Prime_Meat_and_Seafood_Fry_Icon.png

=== Gourmet Meat and Seafood Fry ===
[INFO] URL: https://zeldawiki.wiki/wiki/Gourmet_Meat_and_Seafood_Fry
[ACTION] Clicked Sprite (JS)
[ACTION] Clicked TotK (JS)
[OK] Downloaded //cdn.wikimg.net/en/zeldawiki/images/1/1e/BotW_Gourmet_Meat_and_Seafood_Fry_Icon.png

=== Meat-Stuffed Pumpkin ===
[INFO] URL: https://zeldawiki.wiki/wiki/Meat-Stuffed_Pumpkin
[ACTION] Clicked Sprite (JS)
[ACTION] Clicked TotK (JS)
[OK] Downloaded //cdn.wikimg.net/en/zeldawiki/images/3/3f/BotW_Meat-Stuffed_Pumpkin_Icon.png

=== Sautéed Peppers ===
[INFO] URL: https://zeldawiki.wiki/wiki/Sautéed_Peppers
[ACTION] Clicked Sprite (JS)
[ACTION] Clicked TotK (JS)
[OK] Downloaded //cdn.wikimg.net/en/zeldawiki/images/c/c1/BotW_Saut%C3%A9ed_Peppers_Icon.png

=== Sautéed Nuts ===
[INFO] URL: https://zeldawiki.wiki/wiki/Sautéed_Nuts
[ACTION] Clicked Sprite (JS)
[ACTION] Clicked TotK (JS)
[OK] Downloaded //cdn.wikimg.net/en/zeldawiki/images/5/54/BotW_Saut%C3%A9ed_Nuts_Icon.png

=== Seafood Skewer ===
[INFO] URL: https://zeldawiki.wiki/wiki/Seafood_Skewer
[ACTION] Clicked Sprite (JS)
[ACTION] Clicked TotK (JS)
[OK] Downloaded //cdn.wikimg.net/en/zeldawiki/images/d/dc/BotW_Seafood_Skewer_Icon.png

=== Fairy Tonic ===
[INFO] URL: https://zeldawiki.wiki/wiki/Fairy_Tonic
[ACTION] Clicked Sprite (JS)
[ACTION] Clicked TotK (JS)
[OK] Downloaded //cdn.wikimg.net/en/zeldawiki/images/c/c7/BotW_Fairy_Tonic_Icon.png

=== Elixir ===
[INFO] URL: https://zeldawiki.wiki/wiki/Elixir
[ACTION] Clicked Sprite (JS)
[ACTION] Clicked TotK (JS)
[OK] Downloaded //cdn.wikimg.net/en/zeldawiki/images/0/07/BotW_Hearty_Elixir_Icon.png

=== Salt-Grilled Mushrooms ===
[INFO] URL: https://zeldawiki.wiki/wiki/Salt-Grilled_Mushrooms
[ACTION] Clicked Sprite (JS)
[ACTION] Clicked TotK (JS)
[OK] Downloaded //cdn.wikimg.net/en/zeldawiki/images/b/b1/BotW_Salt-Grilled_Mushrooms_Icon.png

=== Salt-Grilled Greens ===
[INFO] URL: https://zeldawiki.wiki/wiki/Salt-Grilled_Greens
[ACTION] Clicked Sprite (JS)
[ACTION] Clicked TotK (JS)
[OK] Downloaded //cdn.wikimg.net/en/zeldawiki/images/d/dc/BotW_Salt-Grilled_Greens_Icon.png

=== Salt-Grilled Fish ===
[INFO] URL: https://zeldawiki.wiki/wiki/Salt-Grilled_Fish
[ACTION] Clicked Sprite (JS)
[ACTION] Clicked TotK (JS)
[OK] Downloaded //cdn.wikimg.net/en/zeldawiki/images/2/24/BotW_Salt-Grilled_Fish_Icon.png

=== Salt-Grilled Meat ===
[INFO] URL: https://zeldawiki.wiki/wiki/Salt-Grilled_Meat
[ACTION] Clicked Sprite (JS)
[ACTION] Clicked TotK (JS)
[OK] Downloaded //cdn.wikimg.net/en/zeldawiki/images/b/be/BotW_Salt-Grilled_Meat_Icon.png

=== Salt-Grilled Prime Meat ===
[INFO] URL: https://zeldawiki.wiki/wiki/Salt-Grilled_Prime_Meat
[ACTION] Clicked Sprite (JS)
[ACTION] Clicked TotK (JS)
[INFO] TotK not found, trying BotW
[NOT FOUND] No sprite found

=== Salt-Grilled Gourmet Meat ===
[INFO] URL: https://zeldawiki.wiki/wiki/Salt-Grilled_Gourmet_Meat
[ACTION] Clicked Sprite (JS)
[ACTION] Clicked TotK (JS)
[OK] Downloaded //cdn.wikimg.net/en/zeldawiki/images/9/97/BotW_Salt-Grilled_Gourmet_Meat_Icon.png

=== Pepper Steak ===
[INFO] URL: https://zeldawiki.wiki/wiki/Pepper_Steak
[ACTION] Clicked Sprite (JS)
[ACTION] Clicked TotK (JS)
[OK] Downloaded //cdn.wikimg.net/en/zeldawiki/images/b/b2/BotW_Pepper_Steak_Icon.png

=== Pepper Seafood ===
[INFO] URL: https://zeldawiki.wiki/wiki/Pepper_Seafood
[ACTION] Clicked Sprite (JS)
[ACTION] Clicked TotK (JS)
[OK] Downloaded //cdn.wikimg.net/en/zeldawiki/images/a/ae/BotW_Pepper_Seafood_Icon.png

=== Salt-Grilled Crab ===
[INFO] URL: https://zeldawiki.wiki/wiki/Salt-Grilled_Crab
[ACTION] Clicked Sprite (JS)
[ACTION] Clicked TotK (JS)
[OK] Downloaded //cdn.wikimg.net/en/zeldawiki/images/b/b6/BotW_Salt-Grilled_Crab_Icon.png

=== Crab Stir-Fry ===
[INFO] URL: https://zeldawiki.wiki/wiki/Crab_Stir-Fry
[ACTION] Clicked Sprite (JS)
[ACTION] Clicked TotK (JS)
[OK] Downloaded //cdn.wikimg.net/en/zeldawiki/images/b/be/BotW_Crab_Stir-Fry_Icon.png

=== Poultry Pilaf ===
[INFO] URL: https://zeldawiki.wiki/wiki/Poultry_Pilaf
[ACTION] Clicked Sprite (JS)
[ACTION] Clicked TotK (JS)
[OK] Downloaded //cdn.wikimg.net/en/zeldawiki/images/d/d7/BotW_Poultry_Pilaf_Icon.png

=== Prime Poultry Pilaf ===
[INFO] URL: https://zeldawiki.wiki/wiki/Prime_Poultry_Pilaf
[ACTION] Clicked Sprite (JS)
[ACTION] Clicked TotK (JS)
[OK] Downloaded //cdn.wikimg.net/en/zeldawiki/images/1/19/BotW_Prime_Poultry_Pilaf_Icon.png

=== Gourmet Poultry Pilaf ===
[INFO] URL: https://zeldawiki.wiki/wiki/Gourmet_Poultry_Pilaf
[ACTION] Clicked Sprite (JS)
[ACTION] Clicked TotK (JS)
[OK] Downloaded //cdn.wikimg.net/en/zeldawiki/images/0/0d/BotW_Gourmet_Poultry_Pilaf_Icon.png

=== Fried Egg and Rice ===
[INFO] URL: https://zeldawiki.wiki/wiki/Fried_Egg_and_Rice
[ACTION] Clicked Sprite (JS)
[ACTION] Clicked TotK (JS)
[OK] Downloaded //cdn.wikimg.net/en/zeldawiki/images/0/0a/BotW_Fried_Egg_and_Rice_Icon.png

=== Creamy Meat Soup ===
[INFO] URL: https://zeldawiki.wiki/wiki/Creamy_Meat_Soup
[ACTION] Clicked Sprite (JS)
[ACTION] Clicked TotK (JS)
[OK] Downloaded //cdn.wikimg.net/en/zeldawiki/images/8/81/BotW_Creamy_Meat_Soup_Icon.png

=== Creamy Seafood Soup ===
[INFO] URL: https://zeldawiki.wiki/wiki/Creamy_Seafood_Soup
[ACTION] Clicked Sprite (JS)
[ACTION] Clicked TotK (JS)
[OK] Downloaded //cdn.wikimg.net/en/zeldawiki/images/c/c7/BotW_Creamy_Seafood_Soup_Icon.png

=== Veggie Cream Soup ===
[INFO] URL: https://zeldawiki.wiki/wiki/Veggie_Cream_Soup
[ACTION] Clicked Sprite (JS)
[ACTION] Clicked TotK (JS)
[OK] Downloaded //cdn.wikimg.net/en/zeldawiki/images/8/86/BotW_Veggie_Cream_Soup_Icon.png

=== Creamy Heart Soup ===
[INFO] URL: https://zeldawiki.wiki/wiki/Creamy_Heart_Soup
[ACTION] Clicked Sprite (JS)
[ACTION] Clicked TotK (JS)
[OK] Downloaded //cdn.wikimg.net/en/zeldawiki/images/2/21/BotW_Creamy_Heart_Soup_Icon.png

=== Seafood Rice Balls ===
[INFO] URL: https://zeldawiki.wiki/wiki/Seafood_Rice_Balls
[ACTION] Clicked Sprite (JS)
[ACTION] Clicked TotK (JS)
[OK] Downloaded //cdn.wikimg.net/en/zeldawiki/images/6/69/BotW_Seafood_Rice_Balls_Icon.png

=== Veggie Rice Balls ===
[INFO] URL: https://zeldawiki.wiki/wiki/Veggie_Rice_Balls
[ACTION] Clicked Sprite (JS)
[ACTION] Clicked TotK (JS)
[OK] Downloaded //cdn.wikimg.net/en/zeldawiki/images/5/53/BotW_Veggie_Rice_Balls_Icon.png

=== Mushroom Rice Balls ===
[INFO] URL: https://zeldawiki.wiki/wiki/Mushroom_Rice_Balls
[ACTION] Clicked Sprite (JS)
[ACTION] Clicked TotK (JS)
[OK] Downloaded //cdn.wikimg.net/en/zeldawiki/images/2/23/BotW_Mushroom_Rice_Balls_Icon.png

=== Meat and Rice Bowl ===
[INFO] URL: https://zeldawiki.wiki/wiki/Meat_and_Rice_Bowl
[ACTION] Clicked Sprite (JS)
[ACTION] Clicked TotK (JS)
[OK] Downloaded //cdn.wikimg.net/en/zeldawiki/images/e/e6/BotW_Meat_and_Rice_Bowl_Icon.png

=== Prime Meat and Rice Bowl ===
[INFO] URL: https://zeldawiki.wiki/wiki/Prime_Meat_and_Rice_Bowl
[ACTION] Clicked Sprite (JS)
[ACTION] Clicked TotK (JS)
[OK] Downloaded //cdn.wikimg.net/en/zeldawiki/images/a/a7/BotW_Prime_Meat_and_Rice_Bowl_Icon.png

=== Gourmet Meat and Rice Bowl ===
[INFO] URL: https://zeldawiki.wiki/wiki/Gourmet_Meat_and_Rice_Bowl
[ACTION] Clicked Sprite (JS)
[ACTION] Clicked TotK (JS)
[OK] Downloaded //cdn.wikimg.net/en/zeldawiki/images/f/fb/BotW_Gourmet_Meat_and_Rice_Bowl_Icon.png

=== Seafood Fried Rice ===
[INFO] URL: https://zeldawiki.wiki/wiki/Seafood_Fried_Rice
[ACTION] Clicked Sprite (JS)
[ACTION] Clicked TotK (JS)
[OK] Downloaded //cdn.wikimg.net/en/zeldawiki/images/c/c9/BotW_Seafood_Fried_Rice_Icon.png

=== Curry Pilaf ===
[INFO] URL: https://zeldawiki.wiki/wiki/Curry_Pilaf
[ACTION] Clicked Sprite (JS)
[ACTION] Clicked TotK (JS)
[OK] Downloaded //cdn.wikimg.net/en/zeldawiki/images/c/c3/BotW_Curry_Pilaf_Icon.png

=== Mushroom Risotto ===
[INFO] URL: https://zeldawiki.wiki/wiki/Mushroom_Risotto
[ACTION] Clicked Sprite (JS)
[ACTION] Clicked TotK (JS)
[OK] Downloaded //cdn.wikimg.net/en/zeldawiki/images/3/3e/BotW_Mushroom_Risotto_Icon.png

=== Vegetable Risotto ===
[INFO] URL: https://zeldawiki.wiki/wiki/Vegetable_Risotto
[ACTION] Clicked Sprite (JS)
[ACTION] Clicked TotK (JS)
[OK] Downloaded //cdn.wikimg.net/en/zeldawiki/images/3/3d/BotW_Vegetable_Risotto_Icon.png

=== Salmon Risotto ===
[INFO] URL: https://zeldawiki.wiki/wiki/Salmon_Risotto
[ACTION] Clicked Sprite (JS)
[ACTION] Clicked TotK (JS)
[OK] Downloaded //cdn.wikimg.net/en/zeldawiki/images/e/e0/BotW_Salmon_Risotto_Icon.png

=== Meaty Rice Balls ===
[INFO] URL: https://zeldawiki.wiki/wiki/Meaty_Rice_Balls
[ACTION] Clicked Sprite (JS)
[ACTION] Clicked TotK (JS)
[OK] Downloaded //cdn.wikimg.net/en/zeldawiki/images/8/81/BotW_Meaty_Rice_Balls_Icon.png

=== Crab Omelet with Rice ===
[INFO] URL: https://zeldawiki.wiki/wiki/Crab_Omelet_with_Rice
[ACTION] Clicked Sprite (JS)
[ACTION] Clicked TotK (JS)
[OK] Downloaded //cdn.wikimg.net/en/zeldawiki/images/6/6d/BotW_Crab_Omelet_with_Rice_Icon.png

=== Crab Risotto ===
[INFO] URL: https://zeldawiki.wiki/wiki/Crab_Risotto
[ACTION] Clicked Sprite (JS)
[ACTION] Clicked TotK (JS)
[OK] Downloaded //cdn.wikimg.net/en/zeldawiki/images/f/f3/BotW_Crab_Risotto_Icon.png

=== Seafood Meunière ===
[INFO] URL: https://zeldawiki.wiki/wiki/Seafood_Meunière
[ACTION] Clicked Sprite (JS)
[ACTION] Clicked TotK (JS)
[OK] Downloaded //cdn.wikimg.net/en/zeldawiki/images/8/81/BotW_Seafood_Meuni%C3%A8re_Icon.png

=== Porgy Meunière ===
[INFO] URL: https://zeldawiki.wiki/wiki/Porgy_Meunière
[ACTION] Clicked Sprite (JS)
[ACTION] Clicked TotK (JS)
[OK] Downloaded //cdn.wikimg.net/en/zeldawiki/images/9/94/BotW_Porgy_Meuni%C3%A8re_Icon.png

=== Salmon Meunière ===
[INFO] URL: https://zeldawiki.wiki/wiki/Salmon_Meunière
[ACTION] Clicked Sprite (JS)
[ACTION] Clicked TotK (JS)
[OK] Downloaded //cdn.wikimg.net/en/zeldawiki/images/b/b4/BotW_Salmon_Meuni%C3%A8re_Icon.png

=== Fruit Pie ===
[INFO] URL: https://zeldawiki.wiki/wiki/Fruit_Pie
[ACTION] Clicked Sprite (JS)
[ACTION] Clicked TotK (JS)
[OK] Downloaded //cdn.wikimg.net/en/zeldawiki/images/7/7a/BotW_Fruit_Pie_Icon.png

=== Apple Pie ===
[INFO] URL: https://zeldawiki.wiki/wiki/Apple_Pie
[ACTION] Clicked Sprite (JS)
[ACTION] Clicked TotK (JS)
[OK] Downloaded //cdn.wikimg.net/en/zeldawiki/images/e/e7/BotW_Apple_Pie_Icon.png

=== Egg Tart ===
[INFO] URL: https://zeldawiki.wiki/wiki/Egg_Tart
[ACTION] Clicked Sprite (JS)
[ACTION] Clicked TotK (JS)
[OK] Downloaded //cdn.wikimg.net/en/zeldawiki/images/1/1c/BotW_Egg_Tart_Icon.png

=== Meat Pie ===
[INFO] URL: https://zeldawiki.wiki/wiki/Meat_Pie
[ACTION] Clicked Sprite (JS)
[ACTION] Clicked TotK (JS)
[OK] Downloaded //cdn.wikimg.net/en/zeldawiki/images/1/10/BotW_Meat_Pie_Icon.png

=== Carrot Cake ===
[INFO] URL: https://zeldawiki.wiki/wiki/Carrot_Cake
[ACTION] Clicked Sprite (JS)
[ACTION] Clicked TotK (JS)
[INFO] TotK not found, trying BotW
[NOT FOUND] No sprite found

=== Pumpkin Pie ===
[INFO] URL: https://zeldawiki.wiki/wiki/Pumpkin_Pie
[ACTION] Clicked Sprite (JS)
[ACTION] Clicked TotK (JS)
[OK] Downloaded //cdn.wikimg.net/en/zeldawiki/images/5/53/BotW_Pumpkin_Pie_Icon.png

=== Hot Buttered Apple ===
[INFO] URL: https://zeldawiki.wiki/wiki/Hot_Buttered_Apple
[ACTION] Clicked Sprite (JS)
[ACTION] Clicked TotK (JS)
[OK] Downloaded //cdn.wikimg.net/en/zeldawiki/images/b/bb/BotW_Hot_Buttered_Apple_Icon.png

=== Honeyed Apple ===
[INFO] URL: https://zeldawiki.wiki/wiki/Honeyed_Apple
[ACTION] Clicked Sprite (JS)
[ACTION] Clicked TotK (JS)
[OK] Downloaded //cdn.wikimg.net/en/zeldawiki/images/d/dc/BotW_Honeyed_Apple_Icon.png

=== Honeyed Fruits ===
[INFO] URL: https://zeldawiki.wiki/wiki/Honeyed_Fruits
[ACTION] Clicked Sprite (JS)
[ACTION] Clicked TotK (JS)
[OK] Downloaded //cdn.wikimg.net/en/zeldawiki/images/9/90/BotW_Honeyed_Fruits_Icon.png

=== Plain Crepe ===
[INFO] URL: https://zeldawiki.wiki/wiki/Plain_Crepe
[ACTION] Clicked Sprite (JS)
[ACTION] Clicked TotK (JS)
[OK] Downloaded //cdn.wikimg.net/en/zeldawiki/images/1/19/BotW_Plain_Crepe_Icon.png

=== Wildberry Crepe ===
[INFO] URL: https://zeldawiki.wiki/wiki/Wildberry_Crepe
[ACTION] Clicked Sprite (JS)
[ACTION] Clicked TotK (JS)
[OK] Downloaded //cdn.wikimg.net/en/zeldawiki/images/4/42/BotW_Wildberry_Crepe_Icon.png

=== Nutcake ===
[INFO] URL: https://zeldawiki.wiki/wiki/Nutcake
[ACTION] Clicked Sprite (JS)
[ACTION] Clicked TotK (JS)
[OK] Downloaded //cdn.wikimg.net/en/zeldawiki/images/d/dd/BotW_Nutcake_Icon.png

=== Fried Bananas ===
[INFO] URL: https://zeldawiki.wiki/wiki/Fried_Bananas
[ACTION] Clicked Sprite (JS)
[ACTION] Clicked TotK (JS)
[INFO] TotK not found, trying BotW
[NOT FOUND] No sprite found

=== Egg Pudding ===
[INFO] URL: https://zeldawiki.wiki/wiki/Egg_Pudding
[ACTION] Clicked Sprite (JS)
[ACTION] Clicked TotK (JS)
[OK] Downloaded //cdn.wikimg.net/en/zeldawiki/images/2/22/BotW_Egg_Pudding_Icon.png

=== Fish Pie ===
[INFO] URL: https://zeldawiki.wiki/wiki/Fish_Pie
[ACTION] Clicked Sprite (JS)
[ACTION] Clicked TotK (JS)
[OK] Downloaded //cdn.wikimg.net/en/zeldawiki/images/e/ed/BotW_Fish_Pie_Icon.png

=== Honey Candy ===
[INFO] URL: https://zeldawiki.wiki/wiki/Honey_Candy
[ACTION] Clicked Sprite (JS)
[ACTION] Clicked TotK (JS)
[OK] Downloaded //cdn.wikimg.net/en/zeldawiki/images/2/20/BotW_Honey_Candy_Icon.png

=== Honey Crepe ===
[INFO] URL: https://zeldawiki.wiki/wiki/Honey_Crepe
[ACTION] Clicked Sprite (JS)
[ACTION] Clicked TotK (JS)
[OK] Downloaded //cdn.wikimg.net/en/zeldawiki/images/1/18/BotW_Honey_Crepe_Icon.png

=== Curry Rice ===
[INFO] URL: https://zeldawiki.wiki/wiki/Curry_Rice
[ACTION] Clicked Sprite (JS)
[ACTION] Clicked TotK (JS)
[OK] Downloaded //cdn.wikimg.net/en/zeldawiki/images/d/d0/BotW_Curry_Rice_Icon.png

=== Vegetable Curry ===
[INFO] URL: https://zeldawiki.wiki/wiki/Vegetable_Curry
[ACTION] Clicked Sprite (JS)
[ACTION] Clicked TotK (JS)
[OK] Downloaded //cdn.wikimg.net/en/zeldawiki/images/6/6f/BotW_Vegetable_Curry_Icon.png

=== Seafood Curry ===
[INFO] URL: https://zeldawiki.wiki/wiki/Seafood_Curry
[ACTION] Clicked Sprite (JS)
[ACTION] Clicked TotK (JS)
[OK] Downloaded //cdn.wikimg.net/en/zeldawiki/images/2/22/BotW_Seafood_Curry_Icon.png

=== Poultry Curry ===
[INFO] URL: https://zeldawiki.wiki/wiki/Poultry_Curry
[ACTION] Clicked Sprite (JS)
[ACTION] Clicked TotK (JS)
[OK] Downloaded //cdn.wikimg.net/en/zeldawiki/images/c/c0/BotW_Poultry_Curry_Icon.png

=== Prime Poultry Curry ===
[INFO] URL: https://zeldawiki.wiki/wiki/Prime_Poultry_Curry
[ACTION] Clicked Sprite (JS)
[ACTION] Clicked TotK (JS)
[OK] Downloaded //cdn.wikimg.net/en/zeldawiki/images/b/b6/BotW_Prime_Poultry_Curry_Icon.png

=== Meat Curry ===
[INFO] URL: https://zeldawiki.wiki/wiki/Meat_Curry
[ACTION] Clicked Sprite (JS)
[ACTION] Clicked TotK (JS)
[OK] Downloaded //cdn.wikimg.net/en/zeldawiki/images/1/10/BotW_Meat_Curry_Icon.png

=== Prime Meat Curry ===
[INFO] URL: https://zeldawiki.wiki/wiki/Prime_Meat_Curry
[ACTION] Clicked Sprite (JS)
[ACTION] Clicked TotK (JS)
[OK] Downloaded //cdn.wikimg.net/en/zeldawiki/images/3/36/BotW_Prime_Meat_Curry_Icon.png

=== Gourmet Poultry Curry ===
[INFO] URL: https://zeldawiki.wiki/wiki/Gourmet_Poultry_Curry
[ACTION] Clicked Sprite (JS)
[ACTION] Clicked TotK (JS)
[OK] Downloaded //cdn.wikimg.net/en/zeldawiki/images/8/80/BotW_Gourmet_Poultry_Curry_Icon.png

=== Gourmet Meat Curry ===
[INFO] URL: https://zeldawiki.wiki/wiki/Gourmet_Meat_Curry
[ACTION] Clicked Sprite (JS)
[ACTION] Clicked TotK (JS)
[OK] Downloaded //cdn.wikimg.net/en/zeldawiki/images/3/33/BotW_Gourmet_Meat_Curry_Icon.png

=== Meat Stew ===
[INFO] URL: https://zeldawiki.wiki/wiki/Meat_Stew
[ACTION] Clicked Sprite (JS)
[ACTION] Clicked TotK (JS)
[OK] Downloaded //cdn.wikimg.net/en/zeldawiki/images/6/6e/BotW_Meat_Stew_Icon.png

=== Prime Meat Stew ===
[INFO] URL: https://zeldawiki.wiki/wiki/Prime_Meat_Stew
[ACTION] Clicked Sprite (JS)
[ACTION] Clicked TotK (JS)
[OK] Downloaded //cdn.wikimg.net/en/zeldawiki/images/c/c8/BotW_Prime_Meat_Stew_Icon.png

=== Pumpkin Stew ===
[INFO] URL: https://zeldawiki.wiki/wiki/Pumpkin_Stew
[ACTION] Clicked Sprite (JS)
[ACTION] Clicked TotK (JS)
[OK] Downloaded //cdn.wikimg.net/en/zeldawiki/images/b/b4/BotW_Pumpkin_Stew_Icon.png

=== Snail Chowder ===
[INFO] URL: https://zeldawiki.wiki/wiki/Snail_Chowder
[ACTION] Clicked Sprite (JS)
[ACTION] Clicked TotK (JS)
[OK] Downloaded //cdn.wikimg.net/en/zeldawiki/images/3/3b/BotW_Clam_Chowder_Icon.png

=== Gourmet Meat Stew ===
[INFO] URL: https://zeldawiki.wiki/wiki/Gourmet_Meat_Stew
[ACTION] Clicked Sprite (JS)
[ACTION] Clicked TotK (JS)
[OK] Downloaded //cdn.wikimg.net/en/zeldawiki/images/5/55/BotW_Gourmet_Meat_Stew_Icon.png

=== Cream of Mushroom Soup ===
[INFO] URL: https://zeldawiki.wiki/wiki/Cream_of_Mushroom_Soup
[ACTION] Clicked Sprite (JS)
[ACTION] Clicked TotK (JS)
[OK] Downloaded //cdn.wikimg.net/en/zeldawiki/images/0/0c/BotW_Cream_of_Mushroom_Soup_Icon.png

=== Cream of Vegetable Soup ===
[INFO] URL: https://zeldawiki.wiki/wiki/Cream_of_Vegetable_Soup
[ACTION] Clicked Sprite (JS)
[ACTION] Clicked TotK (JS)
[OK] Downloaded //cdn.wikimg.net/en/zeldawiki/images/5/54/BotW_Cream_of_Vegetable_Soup_Icon.png

=== Carrot Stew ===
[INFO] URL: https://zeldawiki.wiki/wiki/Carrot_Stew
[ACTION] Clicked Sprite (JS)
[ACTION] Clicked TotK (JS)
[OK] Downloaded //cdn.wikimg.net/en/zeldawiki/images/e/e5/BotW_Carrot_Stew_Icon.png

=== Milk ===
[INFO] URL: https://zeldawiki.wiki/wiki/Milk
[ACTION] Clicked Sprite (JS)
[ACTION] Clicked TotK (JS)
[OK] Downloaded //cdn.wikimg.net/en/zeldawiki/images/4/43/OoT_Lon_Lon_Milk_Icon.png

=== Monster Stew ===
[INFO] URL: https://zeldawiki.wiki/wiki/Monster_Stew
[ACTION] Clicked Sprite (JS)
[ACTION] Clicked TotK (JS)
[OK] Downloaded //cdn.wikimg.net/en/zeldawiki/images/3/3a/BotW_Monster_Stew_Icon.png

=== Monster Soup ===
[INFO] URL: https://zeldawiki.wiki/wiki/Monster_Soup
[ACTION] Clicked Sprite (JS)
[ACTION] Clicked TotK (JS)
[OK] Downloaded //cdn.wikimg.net/en/zeldawiki/images/1/16/BotW_Monster_Soup_Icon.png

=== Monster Cake ===
[INFO] URL: https://zeldawiki.wiki/wiki/Monster_Cake
[ACTION] Clicked Sprite (JS)
[ACTION] Clicked TotK (JS)
[OK] Downloaded //cdn.wikimg.net/en/zeldawiki/images/f/fa/BotW_Monster_Cake_Icon.png

=== Monster Rice Balls ===
[INFO] URL: https://zeldawiki.wiki/wiki/Monster_Rice_Balls
[ACTION] Clicked Sprite (JS)
[ACTION] Clicked TotK (JS)
[OK] Downloaded //cdn.wikimg.net/en/zeldawiki/images/3/3e/BotW_Monster_Rice_Balls_Icon.png

=== Monster Curry ===
[INFO] URL: https://zeldawiki.wiki/wiki/Monster_Curry
[ACTION] Clicked Sprite (JS)
[ACTION] Clicked TotK (JS)
[OK] Downloaded //cdn.wikimg.net/en/zeldawiki/images/4/49/BotW_Monster_Curry_Icon.png

=== Wheat Bread ===
[INFO] URL: https://zeldawiki.wiki/wiki/Wheat_Bread
[ACTION] Clicked Sprite (JS)
[ACTION] Clicked TotK (JS)
[OK] Downloaded //cdn.wikimg.net/en/zeldawiki/images/2/22/BotW_Wheat_Bread_Icon.png

=== Seafood Paella ===
[INFO] URL: https://zeldawiki.wiki/wiki/Seafood_Paella
[ACTION] Clicked Sprite (JS)
[ACTION] Clicked TotK (JS)
[OK] Downloaded //cdn.wikimg.net/en/zeldawiki/images/d/d3/BotW_Seafood_Paella_Icon.png

=== Fruitcake ===
[INFO] URL: https://zeldawiki.wiki/wiki/Fruitcake
[ACTION] Clicked Sprite (JS)
[ACTION] Clicked TotK (JS)
[INFO] TotK not found, trying BotW
[NOT FOUND] No sprite found

=== Vegetable Omelet ===
[INFO] URL: https://zeldawiki.wiki/wiki/Vegetable_Omelet
[ACTION] Clicked Sprite (JS)
[ACTION] Clicked TotK (JS)
[OK] Downloaded //cdn.wikimg.net/en/zeldawiki/images/5/58/BotW_Vegetable_Omelet_Icon.png

=== Mushroom Omelet ===
[INFO] URL: https://zeldawiki.wiki/wiki/Mushroom_Omelet
[ACTION] Clicked Sprite (JS)
[ACTION] Clicked TotK (JS)
[OK] Downloaded //cdn.wikimg.net/en/zeldawiki/images/a/a9/BotW_Mushroom_Omelet_Icon.png

=== Dubious Food ===
[INFO] URL: https://zeldawiki.wiki/wiki/Dubious_Food
[ACTION] Clicked Sprite (JS)
[ACTION] Clicked TotK (JS)
[INFO] TotK not found, trying BotW
[NOT FOUND] No sprite found

=== Rock-Hard Food ===
[INFO] URL: https://zeldawiki.wiki/wiki/Rock-Hard_Food
[ACTION] Clicked Sprite (JS)
[ACTION] Clicked TotK (JS)
[INFO] TotK not found, trying BotW
[NOT FOUND] No sprite found

=== Fragrant Mushroom Sauté ===
[INFO] URL: https://zeldawiki.wiki/wiki/Fragrant_Mushroom_Sauté
[ACTION] Clicked Sprite (JS)
[ACTION] Clicked TotK (JS)
[OK] Downloaded //cdn.wikimg.net/en/zeldawiki/images/c/c7/BotW_Fragrant_Mushroom_Saut%C3%A9_Icon.png

=== Herb Sauté ===
[INFO] URL: https://zeldawiki.wiki/wiki/Herb_Sauté
[ACTION] Clicked Sprite (JS)
[ACTION] Clicked TotK (JS)
[INFO] TotK not found, trying BotW
[NOT FOUND] No sprite found

=== Spiced Meat Skewer ===
[INFO] URL: https://zeldawiki.wiki/wiki/Spiced_Meat_Skewer
[ACTION] Clicked Sprite (JS)
[ACTION] Clicked TotK (JS)
[OK] Downloaded //cdn.wikimg.net/en/zeldawiki/images/d/db/BotW_Spiced_Meat_Skewer_Icon.png

=== Prime Spiced Meat Skewer ===
[INFO] URL: https://zeldawiki.wiki/wiki/Prime_Spiced_Meat_Skewer
[ACTION] Clicked Sprite (JS)
[ACTION] Clicked TotK (JS)
[OK] Downloaded //cdn.wikimg.net/en/zeldawiki/images/2/2a/BotW_Prime_Spiced_Meat_Skewer_Icon.png

=== Gourmet Spiced Meat Skewer ===
[INFO] URL: https://zeldawiki.wiki/wiki/Gourmet_Spiced_Meat_Skewer
[ACTION] Clicked Sprite (JS)
[ACTION] Clicked TotK (JS)
[OK] Downloaded //cdn.wikimg.net/en/zeldawiki/images/8/8c/BotW_Gourmet_Spiced_Meat_Skewer_Icon.png

=== Simmered Tomato ===
[INFO] URL: https://zeldawiki.wiki/wiki/Simmered_Tomato
[ACTION] Clicked Sprite (JS)
[ACTION] Clicked TotK (JS)
[INFO] TotK not found, trying BotW
[NOT FOUND] No sprite found

=== Fruity Tomato Stew ===
[INFO] URL: https://zeldawiki.wiki/wiki/Fruity_Tomato_Stew
[ACTION] Clicked Sprite (JS)
[ACTION] Clicked TotK (JS)
[INFO] TotK not found, trying BotW
[NOT FOUND] No sprite found

=== Steamed Tomatoes ===
[INFO] URL: https://zeldawiki.wiki/wiki/Steamed_Tomatoes
[ACTION] Clicked Sprite (JS)
[ACTION] Clicked TotK (JS)
[INFO] TotK not found, trying BotW
[NOT FOUND] No sprite found

=== Tomato Mushroom Stew ===
[INFO] URL: https://zeldawiki.wiki/wiki/Tomato_Mushroom_Stew
[ACTION] Clicked Sprite (JS)
[ACTION] Clicked TotK (JS)
[INFO] TotK not found, trying BotW
[NOT FOUND] No sprite found

=== Tomato Seafood Soup ===
[INFO] URL: https://zeldawiki.wiki/wiki/Tomato_Seafood_Soup
[ACTION] Clicked Sprite (JS)
[ACTION] Clicked TotK (JS)
[INFO] TotK not found, trying BotW
[NOT FOUND] No sprite found

=== Cooked Stambulb ===
[INFO] URL: https://zeldawiki.wiki/wiki/Cooked_Stambulb
[ACTION] Clicked Sprite (JS)
[ACTION] Clicked TotK (JS)
[INFO] TotK not found, trying BotW
[NOT FOUND] No sprite found

=== Buttered Stambulb ===
[INFO] URL: https://zeldawiki.wiki/wiki/Buttered_Stambulb
[ACTION] Clicked Sprite (JS)
[ACTION] Clicked TotK (JS)
[INFO] TotK not found, trying BotW
[NOT FOUND] No sprite found

=== Crunchy Fried Rice ===
[INFO] URL: https://zeldawiki.wiki/wiki/Crunchy_Fried_Rice
[ACTION] Clicked Sprite (JS)
[ACTION] Clicked TotK (JS)
[INFO] TotK not found, trying BotW
[NOT FOUND] No sprite found

=== Cheesecake ===
[INFO] URL: https://zeldawiki.wiki/wiki/Cheesecake
[ACTION] Clicked Sprite (JS)
[ACTION] Clicked TotK (JS)
[INFO] TotK not found, trying BotW
[NOT FOUND] No sprite found

=== Cheesy Risotto ===
[INFO] URL: https://zeldawiki.wiki/wiki/Cheesy_Risotto
[ACTION] Clicked Sprite (JS)
[ACTION] Clicked TotK (JS)
[INFO] TotK not found, trying BotW
[NOT FOUND] No sprite found

=== Cheesy Omelet ===
[INFO] URL: https://zeldawiki.wiki/wiki/Cheesy_Omelet
[ACTION] Clicked Sprite (JS)
[ACTION] Clicked TotK (JS)
[INFO] TotK not found, trying BotW
[NOT FOUND] No sprite found

=== Veggie Porridge ===
[INFO] URL: https://zeldawiki.wiki/wiki/Veggie_Porridge
[ACTION] Clicked Sprite (JS)
[ACTION] Clicked TotK (JS)
[INFO] TotK not found, trying BotW
[NOT FOUND] No sprite found

=== Noble Pursuit ===
[INFO] URL: https://zeldawiki.wiki/wiki/Noble_Pursuit
[ACTION] Clicked Sprite (JS)
[ACTION] Clicked TotK (JS)
[INFO] TotK not found, trying BotW
[NOT FOUND] No sprite found

=== Hylian Tomato Pizza ===
[INFO] URL: https://zeldawiki.wiki/wiki/Hylian_Tomato_Pizza
[ACTION] Clicked Sprite (JS)
[ACTION] Clicked TotK (JS)
[INFO] TotK not found, trying BotW
[NOT FOUND] No sprite found

=== Fragrant Seafood Stew ===
[INFO] URL: https://zeldawiki.wiki/wiki/Fragrant_Seafood_Stew
[ACTION] Clicked Sprite (JS)
[ACTION] Clicked TotK (JS)
[INFO] TotK not found, trying BotW
[NOT FOUND] No sprite found

=== Deep-Fried Drumstick ===
[INFO] URL: https://zeldawiki.wiki/wiki/Deep-Fried_Drumstick
[ACTION] Clicked Sprite (JS)
[ACTION] Clicked TotK (JS)
[INFO] TotK not found, trying BotW
[NOT FOUND] No sprite found

=== Deep-Fried Thigh ===
[INFO] URL: https://zeldawiki.wiki/wiki/Deep-Fried_Thigh
[ACTION] Clicked Sprite (JS)
[ACTION] Clicked TotK (JS)
[INFO] TotK not found, trying BotW
[NOT FOUND] No sprite found

=== Deep-Fried Bird Roast ===
[INFO] URL: https://zeldawiki.wiki/wiki/Deep-Fried_Bird_Roast
[ACTION] Clicked Sprite (JS)
[ACTION] Clicked TotK (JS)
[INFO] TotK not found, trying BotW
[NOT FOUND] No sprite found

=== Melty Cheesy Bread ===
[INFO] URL: https://zeldawiki.wiki/wiki/Melty_Cheesy_Bread
[ACTION] Clicked Sprite (JS)
[ACTION] Clicked TotK (JS)
[INFO] TotK not found, trying BotW
[NOT FOUND] No sprite found

=== Cheesy Baked Fish ===
[INFO] URL: https://zeldawiki.wiki/wiki/Cheesy_Baked_Fish
[ACTION] Clicked Sprite (JS)
[ACTION] Clicked TotK (JS)
[INFO] TotK not found, trying BotW
[NOT FOUND] No sprite found

=== Cheesy Curry ===
[INFO] URL: https://zeldawiki.wiki/wiki/Cheesy_Curry
[ACTION] Clicked Sprite (JS)
[ACTION] Clicked TotK (JS)
[INFO] TotK not found, trying BotW
[NOT FOUND] No sprite found

=== Cheesy Meat Bowl ===
[INFO] URL: https://zeldawiki.wiki/wiki/Cheesy_Meat_Bowl
[ACTION] Clicked Sprite (JS)
[ACTION] Clicked TotK (JS)
[INFO] TotK not found, trying BotW
[NOT FOUND] No sprite found

=== Prime Cheesy Meat Bowl ===
[INFO] URL: https://zeldawiki.wiki/wiki/Prime_Cheesy_Meat_Bowl
[ACTION] Clicked Sprite (JS)
[ACTION] Clicked TotK (JS)
[INFO] TotK not found, trying BotW
[NOT FOUND] No sprite found

=== Gourmet Cheesy Meat Bowl ===
[INFO] URL: https://zeldawiki.wiki/wiki/Gourmet_Cheesy_Meat_Bowl
[ACTION] Clicked Sprite (JS)
[ACTION] Clicked TotK (JS)
[INFO] TotK not found, trying BotW
[NOT FOUND] No sprite found

=== Dark Stew ===
[INFO] URL: https://zeldawiki.wiki/wiki/Dark_Stew
[ACTION] Clicked Sprite (JS)
[ACTION] Clicked TotK (JS)
[INFO] TotK not found, trying BotW
[NOT FOUND] No sprite found

=== Dark Rice Ball ===
[INFO] URL: https://zeldawiki.wiki/wiki/Dark_Rice_Ball
[ACTION] Clicked Sprite (JS)
[ACTION] Clicked TotK (JS)
[INFO] TotK not found, trying BotW
[NOT FOUND] No sprite found

=== Dark Soup ===
[INFO] URL: https://zeldawiki.wiki/wiki/Dark_Soup
[ACTION] Clicked Sprite (JS)
[ACTION] Clicked TotK (JS)
[INFO] TotK not found, trying BotW
[NOT FOUND] No sprite found

=== Dark Curry ===
[INFO] URL: https://zeldawiki.wiki/wiki/Dark_Curry
[ACTION] Clicked Sprite (JS)
[ACTION] Clicked TotK (JS)
[INFO] TotK not found, trying BotW
[NOT FOUND] No sprite found

=== Dark Cake ===
[INFO] URL: https://zeldawiki.wiki/wiki/Dark_Cake
[ACTION] Clicked Sprite (JS)
[ACTION] Clicked TotK (JS)
[INFO] TotK not found, trying BotW
[NOT FOUND] No sprite found

=== Cheesy Tomato ===
[INFO] URL: https://zeldawiki.wiki/wiki/Cheesy_Tomato
[ACTION] Clicked Sprite (JS)
[ACTION] Clicked TotK (JS)
[INFO] TotK not found, trying BotW
[NOT FOUND] No sprite found

=== Roasted Bass ===
[INFO] URL: https://zeldawiki.wiki/wiki/Roasted_Bass
[ACTION] Clicked Sprite (JS)
[ACTION] Clicked TotK (JS)
[OK] Downloaded //cdn.wikimg.net/en/zeldawiki/images/e/e9/TotK_Roasted_Bass_Icon.png

=== Roasted Hearty Bass ===
[INFO] URL: https://zeldawiki.wiki/wiki/Roasted_Hearty_Bass
[ACTION] Clicked Sprite (JS)
[ACTION] Clicked TotK (JS)
[OK] Downloaded //cdn.wikimg.net/en/zeldawiki/images/2/24/TotK_Roasted_Hearty_Bass_Icon.png

=== Roasted Trout ===
[INFO] URL: https://zeldawiki.wiki/wiki/Roasted_Trout
[ACTION] Clicked Sprite (JS)
[ACTION] Clicked TotK (JS)
[OK] Downloaded //cdn.wikimg.net/en/zeldawiki/images/e/ee/TotK_Roasted_Trout_Icon.png

=== Roasted Hearty Salmon ===
[INFO] URL: https://zeldawiki.wiki/wiki/Roasted_Hearty_Salmon
[ACTION] Clicked Sprite (JS)
[ACTION] Clicked TotK (JS)
[OK] Downloaded //cdn.wikimg.net/en/zeldawiki/images/7/7a/TotK_Roasted_Hearty_Salmon_Icon.png

=== Roasted Carp ===
[INFO] URL: https://zeldawiki.wiki/wiki/Roasted_Carp
[ACTION] Clicked Sprite (JS)
[ACTION] Clicked TotK (JS)
[OK] Downloaded //cdn.wikimg.net/en/zeldawiki/images/2/2a/TotK_Roasted_Carp_Icon.png

=== Roasted Porgy ===
[INFO] URL: https://zeldawiki.wiki/wiki/Roasted_Porgy
[ACTION] Clicked Sprite (JS)
[ACTION] Clicked TotK (JS)
[OK] Downloaded //cdn.wikimg.net/en/zeldawiki/images/1/1e/TotK_Roasted_Porgy_Icon.png

=== Sneaky River Escargot ===
[INFO] URL: https://zeldawiki.wiki/wiki/Sneaky_River_Escargot
[ACTION] Clicked Sprite (JS)
[ACTION] Clicked TotK (JS)
[OK] Downloaded //cdn.wikimg.net/en/zeldawiki/images/1/1d/TotK_Sneaky_River_Escargot_Icon.png

=== Blackened Crab ===
[INFO] URL: https://zeldawiki.wiki/wiki/Blackened_Crab
[ACTION] Clicked Sprite (JS)
[ACTION] Clicked TotK (JS)
[OK] Downloaded //cdn.wikimg.net/en/zeldawiki/images/2/27/TotK_Blackened_Crab_Icon.png

=== Roasted Arowana ===
[INFO] URL: https://zeldawiki.wiki/wiki/Roasted_Arowana
[ACTION] Clicked Sprite (JS)
[ACTION] Clicked TotK (JS)
[OK] Downloaded //cdn.wikimg.net/en/zeldawiki/images/1/1d/TotK_Roasted_Arowana_Icon.png

=== Roasted Cave Fish ===
[INFO] URL: https://zeldawiki.wiki/wiki/Roasted_Cave_Fish
[ACTION] Clicked Sprite (JS)
[ACTION] Clicked TotK (JS)
[OK] Downloaded //cdn.wikimg.net/en/zeldawiki/images/3/3c/TotK_Roasted_Cave_Fish_Icon.png

=== Seared Steak ===
[INFO] URL: https://zeldawiki.wiki/wiki/Seared_Steak
[ACTION] Clicked Sprite (JS)
[ACTION] Clicked TotK (JS)
[OK] Downloaded //cdn.wikimg.net/en/zeldawiki/images/8/86/TotK_Seared_Steak_Icon.png

=== Roasted Bird Drumstick ===
[INFO] URL: https://zeldawiki.wiki/wiki/Roasted_Bird_Drumstick
[ACTION] Clicked Sprite (JS)
[ACTION] Clicked TotK (JS)
[OK] Downloaded //cdn.wikimg.net/en/zeldawiki/images/0/0d/BotW_Roasted_Bird_Drumstick_Icon.png

=== Baked Apple ===
[INFO] URL: https://zeldawiki.wiki/wiki/Baked_Apple
[ACTION] Clicked Sprite (JS)
[ACTION] Clicked TotK (JS)
[OK] Downloaded //cdn.wikimg.net/en/zeldawiki/images/6/69/TotK_Baked_Apple_Icon.png

=== Toasty Stamella Shroom ===
[INFO] URL: https://zeldawiki.wiki/wiki/Toasty_Stamella_Shroom
[ACTION] Clicked Sprite (JS)
[ACTION] Clicked TotK (JS)
[OK] Downloaded //cdn.wikimg.net/en/zeldawiki/images/e/ea/TotK_Toasty_Stamella_Shroom_Icon.png

=== Toasted Hearty Truffle ===
[INFO] URL: https://zeldawiki.wiki/wiki/Toasted_Hearty_Truffle
[ACTION] Clicked Sprite (JS)
[ACTION] Clicked TotK (JS)
[OK] Downloaded //cdn.wikimg.net/en/zeldawiki/images/b/bd/TotK_Toasted_Hearty_Truffle_Icon.png

=== Toasty Hylian Shroom ===
[INFO] URL: https://zeldawiki.wiki/wiki/Toasty_Hylian_Shroom
[ACTION] Clicked Sprite (JS)
[ACTION] Clicked TotK (JS)
[OK] Downloaded //cdn.wikimg.net/en/zeldawiki/images/9/9e/TotK_Toasty_Hylian_Shroom_Icon.png

=== Roasted Wildberry ===
[INFO] URL: https://zeldawiki.wiki/wiki/Roasted_Wildberry
[ACTION] Clicked Sprite (JS)
[ACTION] Clicked TotK (JS)
[OK] Downloaded //cdn.wikimg.net/en/zeldawiki/images/f/f2/TotK_Roasted_Wildberry_Icon.png

=== Roasted Voltfruit ===
[INFO] URL: https://zeldawiki.wiki/wiki/Roasted_Voltfruit
[ACTION] Clicked Sprite (JS)
[ACTION] Clicked TotK (JS)
[OK] Downloaded //cdn.wikimg.net/en/zeldawiki/images/0/0c/TotK_Roasted_Voltfruit_Icon.png

=== Baked Palm Fruit ===
[INFO] URL: https://zeldawiki.wiki/wiki/Baked_Palm_Fruit
[ACTION] Clicked Sprite (JS)
[ACTION] Clicked TotK (JS)
[OK] Downloaded //cdn.wikimg.net/en/zeldawiki/images/8/86/TotK_Baked_Palm_Fruit_Icon.png

=== Roasted Mighty Bananas ===
[INFO] URL: https://zeldawiki.wiki/wiki/Roasted_Mighty_Bananas
[ACTION] Clicked Sprite (JS)
[ACTION] Clicked TotK (JS)
[OK] Downloaded //cdn.wikimg.net/en/zeldawiki/images/7/7a/TotK_Roasted_Mighty_Bananas_Icon.png

=== Roasted Hydromelon ===
[INFO] URL: https://zeldawiki.wiki/wiki/Roasted_Hydromelon
[ACTION] Clicked Sprite (JS)
[ACTION] Clicked TotK (JS)
[OK] Downloaded //cdn.wikimg.net/en/zeldawiki/images/7/72/TotK_Roasted_Hydromelon_Icon.png

=== Charred Pepper ===
[INFO] URL: https://zeldawiki.wiki/wiki/Charred_Pepper
[ACTION] Clicked Sprite (JS)
[ACTION] Clicked TotK (JS)
[OK] Downloaded //cdn.wikimg.net/en/zeldawiki/images/4/40/TotK_Charred_Pepper_Icon.png

=== Baked Fortified Pumpkin ===
[INFO] URL: https://zeldawiki.wiki/wiki/Baked_Fortified_Pumpkin
[ACTION] Clicked Sprite (JS)
[ACTION] Clicked TotK (JS)
[OK] Downloaded //cdn.wikimg.net/en/zeldawiki/images/7/70/TotK_Baked_Fortified_Pumpkin_Icon.png

=== Roasted Lotus Seeds ===
[INFO] URL: https://zeldawiki.wiki/wiki/Roasted_Lotus_Seeds
[ACTION] Clicked Sprite (JS)
[ACTION] Clicked TotK (JS)
[OK] Downloaded //cdn.wikimg.net/en/zeldawiki/images/f/f7/TotK_Roasted_Lotus_Seeds_Icon.png

=== Roasted Radish ===
[INFO] URL: https://zeldawiki.wiki/wiki/Roasted_Radish
[ACTION] Clicked Sprite (JS)
[ACTION] Clicked TotK (JS)
[OK] Downloaded //cdn.wikimg.net/en/zeldawiki/images/c/ca/TotK_Roasted_Radish_Icon.png

=== Roasted Big Radish ===
[INFO] URL: https://zeldawiki.wiki/wiki/Roasted_Big_Radish
[ACTION] Clicked Sprite (JS)
[ACTION] Clicked TotK (JS)
[OK] Downloaded //cdn.wikimg.net/en/zeldawiki/images/d/d9/TotK_Roasted_Big_Radish_Icon.png

=== Roasted Swift Carrot ===
[INFO] URL: https://zeldawiki.wiki/wiki/Roasted_Swift_Carrot
[ACTION] Clicked Sprite (JS)
[ACTION] Clicked TotK (JS)
[OK] Downloaded //cdn.wikimg.net/en/zeldawiki/images/3/32/TotK_Roasted_Swift_Carrot_Icon.png

=== Roasted Mighty Thistle ===
[INFO] URL: https://zeldawiki.wiki/wiki/Roasted_Mighty_Thistle
[ACTION] Clicked Sprite (JS)
[ACTION] Clicked TotK (JS)
[OK] Downloaded //cdn.wikimg.net/en/zeldawiki/images/e/ee/TotK_Roasted_Mighty_Thistle_Icon.png

=== Roasted Armoranth ===
[INFO] URL: https://zeldawiki.wiki/wiki/Roasted_Armoranth
[ACTION] Clicked Sprite (JS)
[ACTION] Clicked TotK (JS)
[OK] Downloaded //cdn.wikimg.net/en/zeldawiki/images/3/34/TotK_Roasted_Armoranth_Icon.png

=== Toasty Chillshroom ===
[INFO] URL: https://zeldawiki.wiki/wiki/Toasty_Chillshroom
[ACTION] Clicked Sprite (JS)
[ACTION] Clicked TotK (JS)
[OK] Downloaded //cdn.wikimg.net/en/zeldawiki/images/0/0c/TotK_Toasty_Chillshroom_Icon.png

=== Toasty Sunshroom ===
[INFO] URL: https://zeldawiki.wiki/wiki/Toasty_Sunshroom
[ACTION] Clicked Sprite (JS)
[ACTION] Clicked TotK (JS)
[OK] Downloaded //cdn.wikimg.net/en/zeldawiki/images/b/be/TotK_Toasty_Sunshroom_Icon.png

=== Toasty Zapshroom ===
[INFO] URL: https://zeldawiki.wiki/wiki/Toasty_Zapshroom
[ACTION] Clicked Sprite (JS)
[ACTION] Clicked TotK (JS)
[OK] Downloaded //cdn.wikimg.net/en/zeldawiki/images/8/81/TotK_Toasty_Zapshroom_Icon.png

=== Toasty Rushroom ===
[INFO] URL: https://zeldawiki.wiki/wiki/Toasty_Rushroom
[ACTION] Clicked Sprite (JS)
[ACTION] Clicked TotK (JS)
[OK] Downloaded //cdn.wikimg.net/en/zeldawiki/images/b/bd/TotK_Toasty_Rushroom_Icon.png

=== Toasty Razorshroom ===
[INFO] URL: https://zeldawiki.wiki/wiki/Toasty_Razorshroom
[ACTION] Clicked Sprite (JS)
[ACTION] Clicked TotK (JS)
[OK] Downloaded //cdn.wikimg.net/en/zeldawiki/images/8/84/TotK_Toasty_Razorshroom_Icon.png

=== Toasty Ironshroom ===
[INFO] URL: https://zeldawiki.wiki/wiki/Toasty_Ironshroom
[ACTION] Clicked Sprite (JS)
[ACTION] Clicked TotK (JS)
[OK] Downloaded //cdn.wikimg.net/en/zeldawiki/images/1/1c/TotK_Toasty_Ironshroom_Icon.png

=== Toasty Silent Shroom ===
[INFO] URL: https://zeldawiki.wiki/wiki/Toasty_Silent_Shroom
[ACTION] Clicked Sprite (JS)
[ACTION] Clicked TotK (JS)
[OK] Downloaded //cdn.wikimg.net/en/zeldawiki/images/c/ce/TotK_Toasty_Silent_Shroom_Icon.png

=== Seared Prime Steak ===
[INFO] URL: https://zeldawiki.wiki/wiki/Seared_Prime_Steak
[ACTION] Clicked Sprite (JS)
[ACTION] Clicked TotK (JS)
[OK] Downloaded //cdn.wikimg.net/en/zeldawiki/images/3/32/TotK_Seared_Prime_Steak_Icon.png

=== Roasted Bird Thigh ===
[INFO] URL: https://zeldawiki.wiki/wiki/Roasted_Bird_Thigh
[ACTION] Clicked Sprite (JS)
[ACTION] Clicked TotK (JS)
[OK] Downloaded //cdn.wikimg.net/en/zeldawiki/images/c/cd/BotW_Roasted_Bird_Thigh_Icon.png

=== Seared Gourmet Steak ===
[INFO] URL: https://zeldawiki.wiki/wiki/Seared_Gourmet_Steak
[ACTION] Clicked Sprite (JS)
[ACTION] Clicked TotK (JS)
[OK] Downloaded //cdn.wikimg.net/en/zeldawiki/images/0/0f/TotK_Seared_Gourmet_Steak_Icon.png

=== Roasted Whole Bird ===
[INFO] URL: https://zeldawiki.wiki/wiki/Roasted_Whole_Bird
[ACTION] Clicked Sprite (JS)
[ACTION] Clicked TotK (JS)
[OK] Downloaded //cdn.wikimg.net/en/zeldawiki/images/4/4e/TotK_Roasted_Whole_Bird_Icon.png

=== Roasted Acorn ===
[INFO] URL: https://zeldawiki.wiki/wiki/Roasted_Acorn
[ACTION] Clicked Sprite (JS)
[ACTION] Clicked TotK (JS)
[OK] Downloaded //cdn.wikimg.net/en/zeldawiki/images/0/00/TotK_Roasted_Acorn_Icon.png

=== Toasted Big Hearty Truffle ===
[INFO] URL: https://zeldawiki.wiki/wiki/Toasted_Big_Hearty_Truffle
[ACTION] Clicked Sprite (JS)
[ACTION] Clicked TotK (JS)
[OK] Downloaded //cdn.wikimg.net/en/zeldawiki/images/5/53/TotK_Toasted_Big_Hearty_Truffle_Icon.png

=== Roasted Endura Carrot ===
[INFO] URL: https://zeldawiki.wiki/wiki/Roasted_Endura_Carrot
[ACTION] Clicked Sprite (JS)
[ACTION] Clicked TotK (JS)
[OK] Downloaded //cdn.wikimg.net/en/zeldawiki/images/6/6e/TotK_Roasted_Endura_Carrot_Icon.png

=== Campfire Egg ===
[INFO] URL: https://zeldawiki.wiki/wiki/Campfire_Egg
[ACTION] Clicked Sprite (JS)
[ACTION] Clicked TotK (JS)
[OK] Downloaded //cdn.wikimg.net/en/zeldawiki/images/f/f6/TotK_Campfire_Egg_Icon.png

=== Roasted Tree Nut ===
[INFO] URL: https://zeldawiki.wiki/wiki/Roasted_Tree_Nut
[ACTION] Clicked Sprite (JS)
[ACTION] Clicked TotK (JS)
[OK] Downloaded //cdn.wikimg.net/en/zeldawiki/images/5/57/TotK_Roasted_Tree_Nut_Icon.png

=== Toasty Endura Shroom ===
[INFO] URL: https://zeldawiki.wiki/wiki/Toasty_Endura_Shroom
[ACTION] Clicked Sprite (JS)
[ACTION] Clicked TotK (JS)
[OK] Downloaded //cdn.wikimg.net/en/zeldawiki/images/c/c3/TotK_Toasty_Endura_Shroom_Icon.png

=== Roasted Hylian Tomato ===
[INFO] URL: https://zeldawiki.wiki/wiki/Roasted_Hylian_Tomato
[ACTION] Clicked Sprite (JS)
[ACTION] Clicked TotK (JS)
[OK] Downloaded //cdn.wikimg.net/en/zeldawiki/images/d/da/TotK_Roasted_Hylian_Tomato_Icon.png

=== Baked Sun Pumpkin ===
[INFO] URL: https://zeldawiki.wiki/wiki/Baked_Sun_Pumpkin
[ACTION] Clicked Sprite (JS)
[ACTION] Clicked TotK (JS)
[OK] Downloaded //cdn.wikimg.net/en/zeldawiki/images/3/3c/TotK_Baked_Sun_Pumpkin_Icon.png

=== Toasty Skyshroom ===
[INFO] URL: https://zeldawiki.wiki/wiki/Toasty_Skyshroom
[ACTION] Clicked Sprite (JS)
[ACTION] Clicked TotK (JS)
[OK] Downloaded //cdn.wikimg.net/en/zeldawiki/images/5/55/TotK_Toasty_Skyshroom_Icon.png

=== Toasty Brightcap ===
[INFO] URL: https://zeldawiki.wiki/wiki/Toasty_Brightcap
[ACTION] Clicked Sprite (JS)
[ACTION] Clicked TotK (JS)
[OK] Downloaded //cdn.wikimg.net/en/zeldawiki/images/4/40/TotK_Toasty_Brightcap_Icon.png

=== Baked Golden Apple ===
[INFO] URL: https://zeldawiki.wiki/wiki/Baked_Golden_Apple
[ACTION] Clicked Sprite (JS)
[ACTION] Clicked TotK (JS)
[OK] Downloaded //cdn.wikimg.net/en/zeldawiki/images/2/26/TotK_Baked_Golden_Apple_Icon.png
