[OK] Deku Stick -> https://static.wikia.nocookie.net/zelda_gamepedia_en/images/5/5e/OoT3D_Deku_Stick_Icon.png/revision/latest?cb=20150216000105
[OK] Deku Nut -> https://static.wikia.nocookie.net/zelda_gamepedia_en/images/9/97/OoT3D_Deku_Nut_Icon.png/revision/latest?cb=20150215235838
[OK] Bomb -> https://static.wikia.nocookie.net/zelda_gamepedia_en/images/c/ca/OoT3D_Bomb_Icon.png/revision/latest?cb=20150215204004
[OK] Fairy Bow -> https://static.wikia.nocookie.net/zelda_gamepedia_en/images/e/eb/OoT3D_Fairy_Bow_Icon.png/revision/latest?cb=20150330225455
[OK] Fire Arrow -> https://static.wikia.nocookie.net/zelda_gamepedia_en/images/8/8c/OoT3D_Fire_Arrow_Icon.png/revision/latest?cb=20150216002035
[OK] Din's Fire -> https://static.wikia.nocookie.net/zelda_gamepedia_en/images/7/7a/OoT3D_Din%27s_Fire_Icon.png/revision/latest?cb=20150330225110
[OK] Fairy Slingshot -> https://static.wikia.nocookie.net/zelda_gamepedia_en/images/f/f2/OoT3D_Fairy_Slingshot_Icon.png/revision/latest?cb=20150330225803
[OK] Ocarina of Time -> https://static.wikia.nocookie.net/zelda_gamepedia_en/images/b/bc/OoT3D_Ocarina_of_Time_Icon.png/revision/latest?cb=20150216165028
[OK] Bombchu -> https://static.wikia.nocookie.net/zelda_gamepedia_en/images/c/c8/OoT3D_Bombchu_Icon.png/revision/latest?cb=20150215204152
[OK] Longshot -> https://static.wikia.nocookie.net/zelda_gamepedia_en/images/c/c9/OoT3D_Longshot_Icon.png/revision/latest?cb=20150330232449
[OK] Ice Arrow -> https://static.wikia.nocookie.net/zelda_gamepedia_en/images/e/e2/OoT3D_Ice_Arrow_Icon.png/revision/latest?cb=20150216030838
[OK] Farore's Wind -> https://static.wikia.nocookie.net/zelda_gamepedia_en/images/1/17/OoT3D_Farore%27s_Wind_Icon.png/revision/latest?cb=20150330225912
[OK] Boomerang -> https://static.wikia.nocookie.net/zelda_gamepedia_en/images/6/60/OoT3D_Boomerang_Icon.png/revision/latest?cb=20150330015822
[OK] Lens of Truth -> https://static.wikia.nocookie.net/zelda_gamepedia_en/images/8/85/OoT3D_Lens_of_Truth_Icon.png/revision/latest?cb=20150216161549
[OK] Eye of Truth -> https://static.wikia.nocookie.net/zelda_gamepedia_en/images/8/85/OoT3D_Lens_of_Truth_Icon.png/revision/latest?cb=20150216161549
[OK] Magic Bean -> https://static.wikia.nocookie.net/zelda_gamepedia_en/images/9/9f/OoT3D_Magic_Bean_Icon.png/revision/latest?cb=20150216162357
[OK] Megaton Hammer -> https://static.wikia.nocookie.net/zelda_gamepedia_en/images/c/c7/OoT3D_Megaton_Hammer_Icon.png/revision/latest?cb=20150330232719
[OK] Light Arrow -> https://static.wikia.nocookie.net/zelda_gamepedia_en/images/7/76/OoT_Light_Arrow_Icon.png/revision/latest?cb=20191006224955&format=original
[OK] Arrow of Light -> https://static.wikia.nocookie.net/zelda_gamepedia_en/images/7/76/OoT_Light_Arrow_Icon.png/revision/latest?cb=20191006224955&format=original
[OK] Nayru's Love -> https://static.wikia.nocookie.net/zelda_gamepedia_en/images/d/d2/OoT3D_Nayru%27s_Love_Icon.png/revision/latest?cb=20150330232814
[OK] Bottle -> https://static.wikia.nocookie.net/zelda_gamepedia_en/images/f/fc/OoT_Bottle_Icon.png/revision/latest?cb=20191006225506&format=original
[OK] Red Potion -> https://static.wikia.nocookie.net/zelda_gamepedia_en/images/1/1e/OoT3D_Red_Potion_Icon.png/revision/latest?cb=20150216171420
[OK] Green Potion -> https://static.wikia.nocookie.net/zelda_gamepedia_en/images/1/19/OoT3D_Green_Potion_Icon.png/revision/latest?cb=20150216021712
[OK] Blue Potion -> https://static.wikia.nocookie.net/zelda_gamepedia_en/images/6/6b/OoT3D_Blue_Potion_Icon.png/revision/latest?cb=20150215203432
[OK] Lon Lon Milk -> https://static.wikia.nocookie.net/zelda_gamepedia_en/images/c/c3/OoT3D_Milk_Icon.png/revision/latest?cb=20150216003438
[OK] Fairy -> https://static.wikia.nocookie.net/zelda_gamepedia_en/images/e/eb/OoT3D_Fairy_Bow_Icon.png/revision/latest?cb=20150330225455
[OK] Fairy's Spirit -> https://static.wikia.nocookie.net/zelda_gamepedia_en/images/3/3d/OoT_Fairy_Icon.png/revision/latest?cb=20191006231305&format=original
[OK] Fish -> https://static.wikia.nocookie.net/zelda_gamepedia_en/images/0/01/OoT3D_Fish_Icon.png/revision/latest?cb=20150216002302
[OK] Bug -> https://static.wikia.nocookie.net/zelda_gamepedia_en/images/9/94/OoT_Bug_Icon.png/revision/latest?cb=20150304193959&format=original
[OK] Blue Fire -> https://static.wikia.nocookie.net/zelda_gamepedia_en/images/3/31/OoT3D_Blue_Fire_Icon.png/revision/latest?cb=20150330013842
[OK] Poe Soul -> https://static.wikia.nocookie.net/zelda_gamepedia_en/images/d/d9/OoT3D_Poe_Soul_Icon.png/revision/latest?cb=20150330233413
[OK] Big Poe Soul -> https://static.wikia.nocookie.net/zelda_gamepedia_en/images/0/00/OoT3D_Big_Poe_Soul_Icon.png/revision/latest?cb=20150330012254
[OK] Letter in a Bottle -> https://static.wikia.nocookie.net/zelda_gamepedia_en/images/2/21/OoT_Letter_Icon.png/revision/latest?cb=20200620024858&format=original
[OK] Weird Egg -> https://static.wikia.nocookie.net/zelda_gamepedia_en/images/5/51/OoT3D_Weird_Egg_Icon.png/revision/latest?cb=20150330234836
[OK] Cucco -> https://static.wikia.nocookie.net/zelda_gamepedia_en/images/9/91/OoT3D_Cucco_Icon.png/revision/latest?cb=20150330224834
[OK] Zelda's Letter -> https://static.wikia.nocookie.net/zelda_gamepedia_en/images/5/52/OoT3D_Zelda%27s_Letter_Icon.png/revision/latest?cb=20150330234901
[OK] Keaton Mask -> https://static.wikia.nocookie.net/zelda_gamepedia_en/images/e/ea/OoT3D_Keaton_Mask_Icon.png/revision/latest?cb=20150216161154
[OK] Skull Mask -> https://static.wikia.nocookie.net/zelda_gamepedia_en/images/0/0e/OoT3D_Skull_Mask_Icon.png/revision/latest?cb=20150330234726
[OK] Spooky Mask -> https://static.wikia.nocookie.net/zelda_gamepedia_en/images/6/65/OoT3D_Spooky_Mask_Icon.png/revision/latest?cb=20150330234813
[OK] Bunny Hood -> https://static.wikia.nocookie.net/zelda_gamepedia_en/images/3/3d/OoT3D_Bunny_Hood_Icon.png/revision/latest?cb=20150215234945
[OK] Mask of Truth -> https://static.wikia.nocookie.net/zelda_gamepedia_en/images/3/36/OoT3D_Mask_of_Truth_Icon.png/revision/latest?cb=20150216163825
[OK] Goron Mask -> https://static.wikia.nocookie.net/zelda_gamepedia_en/images/6/66/OoT3D_Goron_Mask_Icon.png/revision/latest?cb=20150330231144
[OK] Zora Mask -> https://static.wikia.nocookie.net/zelda_gamepedia_en/images/7/70/OoT3D_Zora_Mask_Icon.png/revision/latest?cb=20150216220318
[OK] Gerudo Mask -> https://static.wikia.nocookie.net/zelda_gamepedia_en/images/9/99/OoT3D_Gerudo_Mask_Icon.png/revision/latest?cb=20150330230257
[OK] Pocket Egg -> https://static.wikia.nocookie.net/zelda_gamepedia_en/images/a/a5/OoT3D_Pocket_Egg_Icon.png/revision/latest?cb=20150330233330
[OK] Pocket Cucco -> https://static.wikia.nocookie.net/zelda_gamepedia_en/images/1/17/OoT3D_Pocket_Cucco_Icon.png/revision/latest?cb=20150330233305
[OK] Cojiro -> https://static.wikia.nocookie.net/zelda_gamepedia_en/images/b/bf/OoT3D_Cojiro_Icon.png/revision/latest?cb=20150330224716
[OK] Odd Mushroom -> https://static.wikia.nocookie.net/zelda_gamepedia_en/images/6/6a/OoT3D_Odd_Mushroom_Icon.png/revision/latest?cb=20150330233018
[OK] Odd Potion -> https://static.wikia.nocookie.net/zelda_gamepedia_en/images/5/5b/OoT_Odd_Potion_Icon.png/revision/latest?cb=20200620023251
[OK] Poacher's Saw -> https://static.wikia.nocookie.net/zelda_gamepedia_en/images/0/07/OoT3D_Poacher%27s_Saw_Icon.png/revision/latest?cb=20150330233206
[OK] Broken Goron's Sword -> https://static.wikia.nocookie.net/zelda_gamepedia_en/images/d/d1/OoT3D_Broken_Goron%27s_Sword_Icon.png/revision/latest?cb=20170817003200
[OK] Prescription -> https://static.wikia.nocookie.net/zelda_gamepedia_en/images/3/34/OoT3D_Prescription_Icon.png/revision/latest?cb=20150330233432
[OK] Eyeball Frog -> https://static.wikia.nocookie.net/zelda_gamepedia_en/images/5/50/OoT3D_Eyeball_Frog_Icon.png/revision/latest?cb=20150330225340
[OK] World's Finest Eye Drops -> https://static.wikia.nocookie.net/zelda_gamepedia_en/images/0/0b/OoT_World%27s_Finest_Eye_Drops_Icon.png/revision/latest?cb=20170816195535
[OK] Biggoron's Eye Drops -> https://static.wikia.nocookie.net/zelda_gamepedia_en/images/0/0b/OoT_World%27s_Finest_Eye_Drops_Icon.png/revision/latest?cb=20170816195535
[OK] Claim Check -> https://static.wikia.nocookie.net/zelda_gamepedia_en/images/a/ab/OoT3D_Claim_Check_Icon.png/revision/latest?cb=20150330224622
[OK] Kokiri Sword -> https://static.wikia.nocookie.net/zelda_gamepedia_en/images/d/d8/OoT3D_Kokiri_Sword_Icon.png/revision/latest?cb=20150330232136
[OK] Master Sword -> https://static.wikia.nocookie.net/zelda_gamepedia_en/images/4/4b/OoT3D_Master_Sword_Icon.png/revision/latest?cb=20150330232636
[OK] Biggoron's Sword -> https://static.wikia.nocookie.net/zelda_gamepedia_en/images/a/aa/OoT3D_Biggoron%27s_Sword_Icon.png/revision/latest?cb=20170817003012
[OK] Deku Shield -> https://static.wikia.nocookie.net/zelda_gamepedia_en/images/3/34/OoT3D_Deku_Shield_Icon.png/revision/latest?cb=20150330225008
[OK] Hylian Shield -> https://static.wikia.nocookie.net/zelda_gamepedia_en/images/5/5f/OoT3D_Hylian_Shield_Icon.png/revision/latest?cb=20150330231853
[OK] Mirror Shield -> https://static.wikia.nocookie.net/zelda_gamepedia_en/images/b/b4/OoT3D_Mirror_Shield_Icon.png/revision/latest?cb=20150330232740
[OK] Kokiri Tunic -> https://static.wikia.nocookie.net/zelda_gamepedia_en/images/f/f0/OoT3D_Kokiri_Tunic_Icon.png/revision/latest?cb=20150330232203
[OK] Goron Tunic -> https://static.wikia.nocookie.net/zelda_gamepedia_en/images/0/00/OoT3D_Goron_Tunic_Icon.png/revision/latest?cb=20150330231201
[OK] Heat-Resistant Tunic -> https://static.wikia.nocookie.net/zelda_gamepedia_en/images/0/00/OoT3D_Goron_Tunic_Icon.png/revision/latest?cb=20150330231201
[OK] Zora Tunic -> https://static.wikia.nocookie.net/zelda_gamepedia_en/images/f/f7/OoT3D_Zora_Tunic_Icon.png/revision/latest?cb=20150330234950
[OK] Spiritual Stone of the Forest -> https://static.wikia.nocookie.net/zelda_gamepedia_en/images/0/0b/OoT3D_Spiritual_Stone_of_the_Forest_Icon.png/revision/latest?cb=20150330232244
[OK] Kokiri's Emerald -> https://static.wikia.nocookie.net/zelda_gamepedia_en/images/0/0b/OoT3D_Spiritual_Stone_of_the_Forest_Icon.png/revision/latest?cb=20150330232244
[OK] Spiritual Stone of Fire -> https://static.wikia.nocookie.net/zelda_gamepedia_en/images/2/26/OoT3D_Spiritual_Stone_of_Fire_Icon.png/revision/latest?cb=20150330231228
[OK] Goron's Ruby -> https://static.wikia.nocookie.net/zelda_gamepedia_en/images/2/26/OoT3D_Spiritual_Stone_of_Fire_Icon.png/revision/latest?cb=20150330231228
[OK] Red Stone -> https://static.wikia.nocookie.net/zelda_gamepedia_en/images/2/26/OoT3D_Spiritual_Stone_of_Fire_Icon.png/revision/latest?cb=20150330231228
[OK] Spiritual Stone of Water -> https://static.wikia.nocookie.net/zelda_gamepedia_en/images/8/8c/OoT3D_Spiritual_Stone_of_Water_Icon.png/revision/latest?cb=20150330235012
[OK] Zora's Engagement Ring -> https://static.wikia.nocookie.net/zelda_gamepedia_en/images/8/8c/OoT3D_Spiritual_Stone_of_Water_Icon.png/revision/latest?cb=20150330235012
[OK] Zora's Sapphire -> https://static.wikia.nocookie.net/zelda_gamepedia_en/images/8/8c/OoT3D_Spiritual_Stone_of_Water_Icon.png/revision/latest?cb=20150330235012
[OK] Light Medallion -> https://static.wikia.nocookie.net/zelda_gamepedia_en/images/0/06/OoT3D_Light_Medallion_Icon.png/revision/latest?cb=20140926025516
[OK] Forest Medallion -> https://static.wikia.nocookie.net/zelda_gamepedia_en/images/8/8d/OoT3D_Forest_Medallion_Icon.png/revision/latest?cb=20140926023332
[OK] Fire Medallion -> https://static.wikia.nocookie.net/zelda_gamepedia_en/images/c/cd/OoT3D_Fire_Medallion_Icon.png/revision/latest?cb=20140926023706
[OK] Water Medallion -> https://static.wikia.nocookie.net/zelda_gamepedia_en/images/d/da/OoT3D_Water_Medallion_Icon.png/revision/latest?cb=20140926024244
[OK] Shadow Medallion -> https://static.wikia.nocookie.net/zelda_gamepedia_en/images/9/9d/OoT3D_Shadow_Medallion_Icon.png/revision/latest?cb=20140926025146
[OK] Spirit Medallion -> https://static.wikia.nocookie.net/zelda_gamepedia_en/images/7/79/OoT3D_Spirit_Medallion_Icon.png/revision/latest?cb=20140926024805
[OK] Blue Rupee -> https://static.wikia.nocookie.net/zelda_gamepedia_en/images/b/b6/OoT3D_Blue_Rupee_Model.png/revision/latest/scale-to-width-down/39?cb=20201202053727
[OK] Bundle of Arrows -> https://static.wikia.nocookie.net/zelda_gamepedia_en/images/9/97/OoT3D_Bundle_of_Arrows_Model_2.png/revision/latest/scale-to-width-down/64?cb=20200902122040
[OK] Deku Seed -> https://static.wikia.nocookie.net/zelda_gamepedia_en/images/5/5b/OoT_Bullet_Bag_Icon.png/revision/latest?cb=20200620022025&format=original
[OK] Green Rupee -> https://static.wikia.nocookie.net/zelda_gamepedia_en/images/f/fe/OoT3D_Green_Rupee_Model.png/revision/latest/scale-to-width-down/39?cb=20200603232504
[OK] Gold Rupee -> https://static.wikia.nocookie.net/zelda_gamepedia_en/images/f/f4/OoT3D_Gold_Rupee_Obtained_Model.png/revision/latest/scale-to-width-down/39?cb=20200605213407
[OK] Huge Rupee -> https://static.wikia.nocookie.net/zelda_gamepedia_en/images/f/f4/OoT3D_Gold_Rupee_Obtained_Model.png/revision/latest/scale-to-width-down/39?cb=20200605213407
[OK] Heart -> https://static.wikia.nocookie.net/zelda_gamepedia_en/images/e/e1/OoT3D_Piece_of_Heart_Icon.png/revision/latest?cb=20150216165704
[OK] Recovery Heart -> https://static.wikia.nocookie.net/zelda_gamepedia_en/images/9/94/OoT_Heart_Icon.png/revision/latest?cb=20210120220643&format=original
[OK] Heart Container -> https://static.wikia.nocookie.net/zelda_gamepedia_en/images/3/39/OoT3D_Heart_Container_Icon.png/revision/latest?cb=20150216022925
[OK] Magic Jar -> https://static.wikia.nocookie.net/zelda_gamepedia_en/images/0/07/OoT3D_Magic_Jar_Model_2.png/revision/latest/scale-to-width-down/58?cb=20160925012528
[OK] Purple Rupee -> https://static.wikia.nocookie.net/zelda_gamepedia_en/images/d/dd/OoT3D_Purple_Rupee_Model.png/revision/latest/scale-to-width-down/39?cb=20201202054006
[OK] Red Rupee -> https://static.wikia.nocookie.net/zelda_gamepedia_en/images/2/24/OoT3D_Red_Rupee_Model.png/revision/latest/scale-to-width-down/39?cb=20201202053829
[OK] Silver Rupee -> https://static.wikia.nocookie.net/zelda_gamepedia_en/images/b/b7/OoT3D_Silver_Rupee_Model.png/revision/latest/scale-to-width-down/39?cb=20220426054257
[OK] Jewel of White -> https://static.wikia.nocookie.net/zelda_gamepedia_en/images/b/b7/OoT3D_Silver_Rupee_Model.png/revision/latest/scale-to-width-down/39?cb=20220426054257
